#
# There is insufficient memory for the Java Runtime Environment to continue.
# Native memory allocation (mmap) failed to map 65536 bytes for Failed to commit metaspace.
# Possible reasons:
#   The system is out of physical RAM or swap space
#   The process is running with CompressedOops enabled, and the Java Heap may be blocking the growth of the native heap
# Possible solutions:
#   Reduce memory load on the system
#   Increase physical memory or swap space
#   Check if swap backing store is full
#   Decrease Java heap size (-Xmx/-Xms)
#   Decrease number of Java threads
#   Decrease Java thread stack sizes (-Xss)
#   Set larger code cache with -XX:ReservedCodeCacheSize=
#   JVM is running with Zero Based Compressed Oops mode in which the Java heap is
#     placed in the first 32GB address space. The Java Heap base address is the
#     maximum limit for the native heap growth. Please use -XX:HeapBaseMinAddress
#     to set the Java Heap base and to place the Java Heap above 32GB virtual address.
# This output file may be truncated or incomplete.
#
#  Out of Memory Error (virtualSpaceNode.cpp:110), pid=22792, tid=22556
#
# JRE version: OpenJDK Runtime Environment (17.0.6) (build 17.0.6+0-b2043.56-10027231)
# Java VM: OpenJDK 64-Bit Server VM (17.0.6+0-b2043.56-10027231, mixed mode, tiered, compressed oops, compressed class ptrs, g1 gc, windows-amd64)
# No core dump will be written. Minidumps are not enabled by default on client versions of Windows
#

---------------  S U M M A R Y ------------

Command Line: -Dorg.gradle.appname=gradlew org.gradle.wrapper.GradleWrapperMain -q -Ptarget-platform=android-x86 -Ptarget=C:\Users\Pattr\OneDrive\Desktop\work\Hitachi\hitachi\lib\main.dart -Pbase-application-name=android.app.Application -Pdart-defines=Zmx1dHRlci5pbnNwZWN0b3Iuc3RydWN0dXJlZEVycm9ycz1mYWxzZQ==,RkxVVFRFUl9XRUJfQVVUT19ERVRFQ1Q9dHJ1ZQ==,RkxVVFRFUl9XRUJfQ0FOVkFTS0lUX1VSTD1odHRwczovL3d3dy5nc3RhdGljLmNvbS9mbHV0dGVyLWNhbnZhc2tpdC85MDY0NDU5YThiMGRjZDMyODc3MTA3ZjYwMDJjYzQyOWE3MTY1OWQxLw== -Pdart-obfuscation=false -Ptrack-widget-creation=true -Ptree-shake-icons=false -Pfilesystem-scheme=org-dartlang-root assembleDebug

Host: 12th Gen Intel(R) Core(TM) i5-12400F, 12 cores, 15G,  Windows 11 , 64 bit Build 22621 (10.0.22621.2506)
Time: Tue Nov 14 13:25:36 2023 SE Asia Standard Time elapsed time: 1.472590 seconds (0d 0h 0m 1s)

---------------  T H R E A D  ---------------

Current thread (0x000002387fe9d000):  JavaThread "main" [_thread_in_vm, id=22556, stack(0x00000044d1900000,0x00000044d1a00000)]

Stack: [0x00000044d1900000,0x00000044d1a00000]
Native frames: (J=compiled Java code, j=interpreted, Vv=VM code, C=native code)
V  [jvm.dll+0x683c9a]
V  [jvm.dll+0x8427a4]
V  [jvm.dll+0x843f9e]
V  [jvm.dll+0x844603]
V  [jvm.dll+0x249b75]
V  [jvm.dll+0x83e7fb]
V  [jvm.dll+0x628006]
V  [jvm.dll+0x1c194e]
V  [jvm.dll+0x62a941]
V  [jvm.dll+0x6289a6]
V  [jvm.dll+0x6327d7]
V  [jvm.dll+0x1eda2b]
V  [jvm.dll+0x1edf65]
V  [jvm.dll+0x1ee884]
V  [jvm.dll+0x1e3dcc]
V  [jvm.dll+0x547fed]
V  [jvm.dll+0x1f46eb]
V  [jvm.dll+0x7bc7cb]
V  [jvm.dll+0x7bdc12]
V  [jvm.dll+0x7bdf48]
V  [jvm.dll+0x24190e]
V  [jvm.dll+0x38437e]
C  0x000002380bd5b6ee

Java frames: (J=compiled Java code, j=interpreted, Vv=VM code)
j  jdk.internal.reflect.MethodAccessorGenerator.generate(Ljava/lang/Class;Ljava/lang/String;[Ljava/lang/Class;Ljava/lang/Class;[Ljava/lang/Class;IZZLjava/lang/Class;)Ljdk/internal/reflect/MagicAccessorImpl;+6 java.base@17.0.6
j  jdk.internal.reflect.MethodAccessorGenerator.generateMethod(Ljava/lang/Class;Ljava/lang/String;[Ljava/lang/Class;Ljava/lang/Class;[Ljava/lang/Class;I)Ljdk/internal/reflect/MethodAccessor;+13 java.base@17.0.6
j  jdk.internal.reflect.NativeMethodAccessorImpl.invoke(Ljava/lang/Object;[Ljava/lang/Object;)Ljava/lang/Object;+101 java.base@17.0.6
j  jdk.internal.reflect.DelegatingMethodAccessorImpl.invoke(Ljava/lang/Object;[Ljava/lang/Object;)Ljava/lang/Object;+6 java.base@17.0.6
j  java.lang.reflect.Method.invoke(Ljava/lang/Object;[Ljava/lang/Object;)Ljava/lang/Object;+59 java.base@17.0.6
j  org.gradle.internal.dispatch.ReflectionDispatch.dispatch(Lorg/gradle/internal/dispatch/MethodInvocation;)V+19
j  org.gradle.internal.dispatch.ReflectionDispatch.dispatch(Ljava/lang/Object;)V+5
j  org.gradle.internal.event.AbstractBroadcastDispatch.dispatch(Lorg/gradle/internal/dispatch/MethodInvocation;Lorg/gradle/internal/dispatch/Dispatch;)V+2
j  org.gradle.internal.event.BroadcastDispatch$SingletonDispatch.dispatch(Lorg/gradle/internal/dispatch/MethodInvocation;)V+6
j  org.gradle.internal.event.BroadcastDispatch$SingletonDispatch.dispatch(Ljava/lang/Object;)V+5
j  org.gradle.internal.event.ListenerBroadcast.dispatch(Lorg/gradle/internal/dispatch/MethodInvocation;)V+5
j  org.gradle.internal.event.ListenerBroadcast.dispatch(Ljava/lang/Object;)V+5
j  org.gradle.internal.dispatch.ProxyDispatchAdapter$DispatchingInvocationHandler.invoke(Ljava/lang/Object;Ljava/lang/reflect/Method;[Ljava/lang/Object;)Ljava/lang/Object;+177
j  jdk.proxy1.$Proxy0.onOutput(Lorg/gradle/internal/logging/events/OutputEvent;)V+16 jdk.proxy1
j  org.gradle.internal.logging.sink.OutputEventTransformer.onOutput(Lorg/gradle/internal/logging/events/OutputEvent;)V+278
j  org.gradle.internal.logging.sink.OutputEventRenderer.onOutput(Lorg/gradle/internal/logging/events/OutputEvent;)V+85
j  org.gradle.internal.logging.sink.OutputEventListenerManager$1.onOutput(Lorg/gradle/internal/logging/events/OutputEvent;)V+8
j  org.gradle.launcher.daemon.client.DaemonClient.monitorBuild(Lorg/gradle/launcher/daemon/protocol/Build;Lorg/gradle/launcher/daemon/diagnostics/DaemonDiagnostics;Lorg/gradle/internal/remote/internal/Connection;Lorg/gradle/initialization/BuildCancellationToken;Lorg/gradle/initialization/BuildEventConsumer;)Ljava/lang/Object;+159
j  org.gradle.launcher.daemon.client.DaemonClient.executeBuild(Lorg/gradle/launcher/daemon/protocol/Build;Lorg/gradle/launcher/daemon/client/DaemonClientConnection;Lorg/gradle/initialization/BuildCancellationToken;Lorg/gradle/initialization/BuildEventConsumer;)Lorg/gradle/launcher/exec/BuildActionResult;+128
j  org.gradle.launcher.daemon.client.DaemonClient.execute(Lorg/gradle/internal/invocation/BuildAction;Lorg/gradle/launcher/exec/BuildActionParameters;Lorg/gradle/initialization/BuildRequestContext;)Lorg/gradle/launcher/exec/BuildActionResult;+135
j  org.gradle.launcher.daemon.client.DaemonClient.execute(Lorg/gradle/internal/invocation/BuildAction;Ljava/lang/Object;Ljava/lang/Object;)Lorg/gradle/launcher/exec/BuildActionResult;+10
j  org.gradle.launcher.cli.RunBuildAction.run()V+74
j  org.gradle.internal.Actions$RunnableActionAdapter.execute(Ljava/lang/Object;)V+4
j  org.gradle.launcher.cli.DefaultCommandLineActionFactory$ParseAndBuildAction.execute(Lorg/gradle/launcher/bootstrap/ExecutionListener;)V+60
j  org.gradle.launcher.cli.DefaultCommandLineActionFactory$ParseAndBuildAction.execute(Ljava/lang/Object;)V+5
j  org.gradle.launcher.cli.DebugLoggerWarningAction.execute(Lorg/gradle/launcher/bootstrap/ExecutionListener;)V+9
j  org.gradle.launcher.cli.DebugLoggerWarningAction.execute(Ljava/lang/Object;)V+5
j  org.gradle.launcher.cli.WelcomeMessageAction.execute(Lorg/gradle/launcher/bootstrap/ExecutionListener;)V+218
j  org.gradle.launcher.cli.WelcomeMessageAction.execute(Ljava/lang/Object;)V+5
j  org.gradle.launcher.cli.NativeServicesInitializingAction.execute(Lorg/gradle/launcher/bootstrap/ExecutionListener;)V+35
j  org.gradle.launcher.cli.NativeServicesInitializingAction.execute(Ljava/lang/Object;)V+5
j  org.gradle.launcher.cli.ExceptionReportingAction.execute(Lorg/gradle/launcher/bootstrap/ExecutionListener;)V+5
j  org.gradle.launcher.cli.ExceptionReportingAction.execute(Ljava/lang/Object;)V+5
j  org.gradle.launcher.cli.DefaultCommandLineActionFactory$WithLogging.execute(Lorg/gradle/launcher/bootstrap/ExecutionListener;)V+299
j  org.gradle.launcher.Main.doAction([Ljava/lang/String;Lorg/gradle/launcher/bootstrap/ExecutionListener;)V+14
j  org.gradle.launcher.bootstrap.EntryPoint.run([Ljava/lang/String;)V+12
v  ~StubRoutines::call_stub
j  jdk.internal.reflect.NativeMethodAccessorImpl.invoke0(Ljava/lang/reflect/Method;Ljava/lang/Object;[Ljava/lang/Object;)Ljava/lang/Object;+0 java.base@17.0.6
j  jdk.internal.reflect.NativeMethodAccessorImpl.invoke(Ljava/lang/Object;[Ljava/lang/Object;)Ljava/lang/Object;+133 java.base@17.0.6
j  jdk.internal.reflect.DelegatingMethodAccessorImpl.invoke(Ljava/lang/Object;[Ljava/lang/Object;)Ljava/lang/Object;+6 java.base@17.0.6
j  java.lang.reflect.Method.invoke(Ljava/lang/Object;[Ljava/lang/Object;)Ljava/lang/Object;+59 java.base@17.0.6
j  org.gradle.launcher.bootstrap.ProcessBootstrap.runNoExit(Ljava/lang/String;[Ljava/lang/String;)V+159
j  org.gradle.launcher.bootstrap.ProcessBootstrap.run(Ljava/lang/String;[Ljava/lang/String;)V+2
v  ~StubRoutines::call_stub
j  jdk.internal.reflect.NativeMethodAccessorImpl.invoke0(Ljava/lang/reflect/Method;Ljava/lang/Object;[Ljava/lang/Object;)Ljava/lang/Object;+0 java.base@17.0.6
j  jdk.internal.reflect.NativeMethodAccessorImpl.invoke(Ljava/lang/Object;[Ljava/lang/Object;)Ljava/lang/Object;+133 java.base@17.0.6
j  jdk.internal.reflect.DelegatingMethodAccessorImpl.invoke(Ljava/lang/Object;[Ljava/lang/Object;)Ljava/lang/Object;+6 java.base@17.0.6
j  java.lang.reflect.Method.invoke(Ljava/lang/Object;[Ljava/lang/Object;)Ljava/lang/Object;+59 java.base@17.0.6
j  org.gradle.launcher.GradleMain.main([Ljava/lang/String;)V+100
v  ~StubRoutines::call_stub
j  jdk.internal.reflect.NativeMethodAccessorImpl.invoke0(Ljava/lang/reflect/Method;Ljava/lang/Object;[Ljava/lang/Object;)Ljava/lang/Object;+0 java.base@17.0.6
j  jdk.internal.reflect.NativeMethodAccessorImpl.invoke(Ljava/lang/Object;[Ljava/lang/Object;)Ljava/lang/Object;+133 java.base@17.0.6
j  jdk.internal.reflect.DelegatingMethodAccessorImpl.invoke(Ljava/lang/Object;[Ljava/lang/Object;)Ljava/lang/Object;+6 java.base@17.0.6
j  java.lang.reflect.Method.invoke(Ljava/lang/Object;[Ljava/lang/Object;)Ljava/lang/Object;+59 java.base@17.0.6
j  org.gradle.wrapper.BootstrapMainStarter.start([Ljava/lang/String;Ljava/io/File;)V+82
j  org.gradle.wrapper.WrapperExecutor.execute([Ljava/lang/String;Lorg/gradle/wrapper/Install;Lorg/gradle/wrapper/BootstrapMainStarter;)V+14
j  org.gradle.wrapper.GradleWrapperMain.main([Ljava/lang/String;)V+190
v  ~StubRoutines::call_stub

---------------  P R O C E S S  ---------------

Threads class SMR info:
_java_thread_list=0x00000238229c09e0, length=15, elements={
0x000002387fe9d000, 0x0000023821494270, 0x0000023821497100, 0x000002382147fa50,
0x00000238214c56c0, 0x00000238214c70f0, 0x00000238214c7aa0, 0x00000238214c8780,
0x00000238214c9220, 0x00000238214ca020, 0x0000023821640220, 0x00000238216419c0,
0x0000023822dcb020, 0x0000023822f6cc30, 0x0000023822da73e0
}

Java Threads: ( => current thread )
=>0x000002387fe9d000 JavaThread "main" [_thread_in_vm, id=22556, stack(0x00000044d1900000,0x00000044d1a00000)]
  0x0000023821494270 JavaThread "Reference Handler" daemon [_thread_blocked, id=2420, stack(0x00000044d2000000,0x00000044d2100000)]
  0x0000023821497100 JavaThread "Finalizer" daemon [_thread_blocked, id=4996, stack(0x00000044d2100000,0x00000044d2200000)]
  0x000002382147fa50 JavaThread "Signal Dispatcher" daemon [_thread_blocked, id=22780, stack(0x00000044d2200000,0x00000044d2300000)]
  0x00000238214c56c0 JavaThread "Attach Listener" daemon [_thread_blocked, id=16260, stack(0x00000044d2300000,0x00000044d2400000)]
  0x00000238214c70f0 JavaThread "Service Thread" daemon [_thread_blocked, id=1764, stack(0x00000044d2400000,0x00000044d2500000)]
  0x00000238214c7aa0 JavaThread "Monitor Deflation Thread" daemon [_thread_blocked, id=13012, stack(0x00000044d2500000,0x00000044d2600000)]
  0x00000238214c8780 JavaThread "C2 CompilerThread0" daemon [_thread_blocked, id=13168, stack(0x00000044d2600000,0x00000044d2700000)]
  0x00000238214c9220 JavaThread "C1 CompilerThread0" daemon [_thread_blocked, id=7040, stack(0x00000044d2700000,0x00000044d2800000)]
  0x00000238214ca020 JavaThread "Sweeper thread" daemon [_thread_blocked, id=6072, stack(0x00000044d2800000,0x00000044d2900000)]
  0x0000023821640220 JavaThread "Notification Thread" daemon [_thread_blocked, id=10924, stack(0x00000044d2900000,0x00000044d2a00000)]
  0x00000238216419c0 JavaThread "Common-Cleaner" daemon [_thread_blocked, id=14408, stack(0x00000044d2b00000,0x00000044d2c00000)]
  0x0000023822dcb020 JavaThread "pool-1-thread-1" [_thread_blocked, id=2192, stack(0x00000044d3200000,0x00000044d3300000)]
  0x0000023822f6cc30 JavaThread "DisconnectableInputStream source reader" daemon [_thread_in_native, id=22148, stack(0x00000044d3300000,0x00000044d3400000)]
  0x0000023822da73e0 JavaThread "Forward input" [_thread_blocked, id=836, stack(0x00000044d3400000,0x00000044d3500000)]

Other Threads:
  0x0000023821470a00 VMThread "VM Thread" [stack: 0x00000044d1f00000,0x00000044d2000000] [id=15740]
  0x0000023821641320 WatcherThread [stack: 0x00000044d2a00000,0x00000044d2b00000] [id=7316]
  0x000002387ff06d80 GCTaskThread "GC Thread#0" [stack: 0x00000044d1a00000,0x00000044d1b00000] [id=15488]
  0x0000023821e29cb0 GCTaskThread "GC Thread#1" [stack: 0x00000044d2d00000,0x00000044d2e00000] [id=6848]
  0x0000023822b4b9c0 GCTaskThread "GC Thread#2" [stack: 0x00000044d2e00000,0x00000044d2f00000] [id=17376]
  0x0000023822ceba40 GCTaskThread "GC Thread#3" [stack: 0x00000044d2f00000,0x00000044d3000000] [id=17340]
  0x0000023822cebcf0 GCTaskThread "GC Thread#4" [stack: 0x00000044d3000000,0x00000044d3100000] [id=17392]
  0x0000023822cebfa0 GCTaskThread "GC Thread#5" [stack: 0x00000044d3100000,0x00000044d3200000] [id=17860]
  0x000002387ff17a40 ConcurrentGCThread "G1 Main Marker" [stack: 0x00000044d1b00000,0x00000044d1c00000] [id=21332]
  0x000002387ff18bf0 ConcurrentGCThread "G1 Conc#0" [stack: 0x00000044d1c00000,0x00000044d1d00000] [id=13020]
  0x00000238200b5f60 ConcurrentGCThread "G1 Refine#0" [stack: 0x00000044d1d00000,0x00000044d1e00000] [id=21572]
  0x00000238200b77a0 ConcurrentGCThread "G1 Service" [stack: 0x00000044d1e00000,0x00000044d1f00000] [id=11704]

Threads with active compile tasks:

VM state: not at safepoint (normal execution)

VM Mutex/Monitor currently owned by a thread:  ([mutex/lock_event])
[0x000002387fe98110] Metaspace_lock - owner thread: 0x000002387fe9d000

Heap address: 0x0000000702800000, size: 4056 MB, Compressed Oops mode: Zero based, Oop shift amount: 3

CDS archive(s) not mapped
Compressed class space mapped at: 0x0000000800000000-0x0000000840000000, reserved size: 1073741824
Narrow klass base: 0x0000000800000000, Narrow klass shift: 0, Narrow klass range: 0x40000000

GC Precious Log:
 CPUs: 12 total, 12 available
 Memory: 16221M
 Large Page Support: Disabled
 NUMA Support: Disabled
 Compressed Oops: Enabled (Zero based)
 Heap Region Size: 2M
 Heap Min Capacity: 8M
 Heap Initial Capacity: 254M
 Heap Max Capacity: 4056M
 Pre-touch: Disabled
 Parallel Workers: 10
 Concurrent Workers: 3
 Concurrent Refinement Workers: 10
 Periodic GC: Disabled

Heap:
 garbage-first heap   total 260096K, used 24322K [0x0000000702800000, 0x0000000800000000)
  region size 2048K, 10 young (20480K), 2 survivors (4096K)
 Metaspace       used 16009K, committed 16192K, reserved 1064960K
  class space    used 1873K, committed 1984K, reserved 1048576K

Heap Regions: E=young(eden), S=young(survivor), O=old, HS=humongous(starts), HC=humongous(continues), CS=collection set, F=free, OA=open archive, CA=closed archive, TAMS=top-at-mark-start (previous, next)
|   0|0x0000000702800000, 0x0000000702800000, 0x0000000702a00000|  0%| F|  |TAMS 0x0000000702800000, 0x0000000702800000| Untracked 
|   1|0x0000000702a00000, 0x0000000702a00000, 0x0000000702c00000|  0%| F|  |TAMS 0x0000000702a00000, 0x0000000702a00000| Untracked 
|   2|0x0000000702c00000, 0x0000000702e00000, 0x0000000702e00000|100%|HS|  |TAMS 0x0000000702c00000, 0x0000000702c00000| Complete 
|   3|0x0000000702e00000, 0x0000000703000000, 0x0000000703000000|100%|HC|  |TAMS 0x0000000702e00000, 0x0000000702e00000| Complete 
|   4|0x0000000703000000, 0x00000007031c0a00, 0x0000000703200000| 87%| O|  |TAMS 0x0000000703000000, 0x0000000703000000| Untracked 
|   5|0x0000000703200000, 0x0000000703200000, 0x0000000703400000|  0%| F|  |TAMS 0x0000000703200000, 0x0000000703200000| Untracked 
|   6|0x0000000703400000, 0x0000000703400000, 0x0000000703600000|  0%| F|  |TAMS 0x0000000703400000, 0x0000000703400000| Untracked 
|   7|0x0000000703600000, 0x0000000703600000, 0x0000000703800000|  0%| F|  |TAMS 0x0000000703600000, 0x0000000703600000| Untracked 
|   8|0x0000000703800000, 0x0000000703800000, 0x0000000703a00000|  0%| F|  |TAMS 0x0000000703800000, 0x0000000703800000| Untracked 
|   9|0x0000000703a00000, 0x0000000703a00000, 0x0000000703c00000|  0%| F|  |TAMS 0x0000000703a00000, 0x0000000703a00000| Untracked 
|  10|0x0000000703c00000, 0x0000000703c00000, 0x0000000703e00000|  0%| F|  |TAMS 0x0000000703c00000, 0x0000000703c00000| Untracked 
|  11|0x0000000703e00000, 0x0000000703e00000, 0x0000000704000000|  0%| F|  |TAMS 0x0000000703e00000, 0x0000000703e00000| Untracked 
|  12|0x0000000704000000, 0x0000000704000000, 0x0000000704200000|  0%| F|  |TAMS 0x0000000704000000, 0x0000000704000000| Untracked 
|  13|0x0000000704200000, 0x0000000704200000, 0x0000000704400000|  0%| F|  |TAMS 0x0000000704200000, 0x0000000704200000| Untracked 
|  14|0x0000000704400000, 0x0000000704400000, 0x0000000704600000|  0%| F|  |TAMS 0x0000000704400000, 0x0000000704400000| Untracked 
|  15|0x0000000704600000, 0x0000000704600000, 0x0000000704800000|  0%| F|  |TAMS 0x0000000704600000, 0x0000000704600000| Untracked 
|  16|0x0000000704800000, 0x0000000704800000, 0x0000000704a00000|  0%| F|  |TAMS 0x0000000704800000, 0x0000000704800000| Untracked 
|  17|0x0000000704a00000, 0x0000000704a00000, 0x0000000704c00000|  0%| F|  |TAMS 0x0000000704a00000, 0x0000000704a00000| Untracked 
|  18|0x0000000704c00000, 0x0000000704c00000, 0x0000000704e00000|  0%| F|  |TAMS 0x0000000704c00000, 0x0000000704c00000| Untracked 
|  19|0x0000000704e00000, 0x0000000704e00000, 0x0000000705000000|  0%| F|  |TAMS 0x0000000704e00000, 0x0000000704e00000| Untracked 
|  20|0x0000000705000000, 0x0000000705000000, 0x0000000705200000|  0%| F|  |TAMS 0x0000000705000000, 0x0000000705000000| Untracked 
|  21|0x0000000705200000, 0x0000000705200000, 0x0000000705400000|  0%| F|  |TAMS 0x0000000705200000, 0x0000000705200000| Untracked 
|  22|0x0000000705400000, 0x0000000705400000, 0x0000000705600000|  0%| F|  |TAMS 0x0000000705400000, 0x0000000705400000| Untracked 
|  23|0x0000000705600000, 0x0000000705600000, 0x0000000705800000|  0%| F|  |TAMS 0x0000000705600000, 0x0000000705600000| Untracked 
|  24|0x0000000705800000, 0x0000000705800000, 0x0000000705a00000|  0%| F|  |TAMS 0x0000000705800000, 0x0000000705800000| Untracked 
|  25|0x0000000705a00000, 0x0000000705a00000, 0x0000000705c00000|  0%| F|  |TAMS 0x0000000705a00000, 0x0000000705a00000| Untracked 
|  26|0x0000000705c00000, 0x0000000705c00000, 0x0000000705e00000|  0%| F|  |TAMS 0x0000000705c00000, 0x0000000705c00000| Untracked 
|  27|0x0000000705e00000, 0x0000000705e00000, 0x0000000706000000|  0%| F|  |TAMS 0x0000000705e00000, 0x0000000705e00000| Untracked 
|  28|0x0000000706000000, 0x0000000706000000, 0x0000000706200000|  0%| F|  |TAMS 0x0000000706000000, 0x0000000706000000| Untracked 
|  29|0x0000000706200000, 0x0000000706200000, 0x0000000706400000|  0%| F|  |TAMS 0x0000000706200000, 0x0000000706200000| Untracked 
|  30|0x0000000706400000, 0x0000000706400000, 0x0000000706600000|  0%| F|  |TAMS 0x0000000706400000, 0x0000000706400000| Untracked 
|  31|0x0000000706600000, 0x0000000706600000, 0x0000000706800000|  0%| F|  |TAMS 0x0000000706600000, 0x0000000706600000| Untracked 
|  32|0x0000000706800000, 0x0000000706800000, 0x0000000706a00000|  0%| F|  |TAMS 0x0000000706800000, 0x0000000706800000| Untracked 
|  33|0x0000000706a00000, 0x0000000706a00000, 0x0000000706c00000|  0%| F|  |TAMS 0x0000000706a00000, 0x0000000706a00000| Untracked 
|  34|0x0000000706c00000, 0x0000000706c00000, 0x0000000706e00000|  0%| F|  |TAMS 0x0000000706c00000, 0x0000000706c00000| Untracked 
|  35|0x0000000706e00000, 0x0000000706e00000, 0x0000000707000000|  0%| F|  |TAMS 0x0000000706e00000, 0x0000000706e00000| Untracked 
|  36|0x0000000707000000, 0x0000000707000000, 0x0000000707200000|  0%| F|  |TAMS 0x0000000707000000, 0x0000000707000000| Untracked 
|  37|0x0000000707200000, 0x0000000707200000, 0x0000000707400000|  0%| F|  |TAMS 0x0000000707200000, 0x0000000707200000| Untracked 
|  38|0x0000000707400000, 0x0000000707400000, 0x0000000707600000|  0%| F|  |TAMS 0x0000000707400000, 0x0000000707400000| Untracked 
|  39|0x0000000707600000, 0x0000000707600000, 0x0000000707800000|  0%| F|  |TAMS 0x0000000707600000, 0x0000000707600000| Untracked 
|  40|0x0000000707800000, 0x0000000707800000, 0x0000000707a00000|  0%| F|  |TAMS 0x0000000707800000, 0x0000000707800000| Untracked 
|  41|0x0000000707a00000, 0x0000000707a00000, 0x0000000707c00000|  0%| F|  |TAMS 0x0000000707a00000, 0x0000000707a00000| Untracked 
|  42|0x0000000707c00000, 0x0000000707c00000, 0x0000000707e00000|  0%| F|  |TAMS 0x0000000707c00000, 0x0000000707c00000| Untracked 
|  43|0x0000000707e00000, 0x0000000707e00000, 0x0000000708000000|  0%| F|  |TAMS 0x0000000707e00000, 0x0000000707e00000| Untracked 
|  44|0x0000000708000000, 0x0000000708000000, 0x0000000708200000|  0%| F|  |TAMS 0x0000000708000000, 0x0000000708000000| Untracked 
|  45|0x0000000708200000, 0x0000000708200000, 0x0000000708400000|  0%| F|  |TAMS 0x0000000708200000, 0x0000000708200000| Untracked 
|  46|0x0000000708400000, 0x0000000708400000, 0x0000000708600000|  0%| F|  |TAMS 0x0000000708400000, 0x0000000708400000| Untracked 
|  47|0x0000000708600000, 0x0000000708600000, 0x0000000708800000|  0%| F|  |TAMS 0x0000000708600000, 0x0000000708600000| Untracked 
|  48|0x0000000708800000, 0x0000000708800000, 0x0000000708a00000|  0%| F|  |TAMS 0x0000000708800000, 0x0000000708800000| Untracked 
|  49|0x0000000708a00000, 0x0000000708a00000, 0x0000000708c00000|  0%| F|  |TAMS 0x0000000708a00000, 0x0000000708a00000| Untracked 
|  50|0x0000000708c00000, 0x0000000708c00000, 0x0000000708e00000|  0%| F|  |TAMS 0x0000000708c00000, 0x0000000708c00000| Untracked 
|  51|0x0000000708e00000, 0x0000000708e00000, 0x0000000709000000|  0%| F|  |TAMS 0x0000000708e00000, 0x0000000708e00000| Untracked 
|  52|0x0000000709000000, 0x0000000709000000, 0x0000000709200000|  0%| F|  |TAMS 0x0000000709000000, 0x0000000709000000| Untracked 
|  53|0x0000000709200000, 0x0000000709200000, 0x0000000709400000|  0%| F|  |TAMS 0x0000000709200000, 0x0000000709200000| Untracked 
|  54|0x0000000709400000, 0x0000000709400000, 0x0000000709600000|  0%| F|  |TAMS 0x0000000709400000, 0x0000000709400000| Untracked 
|  55|0x0000000709600000, 0x0000000709600000, 0x0000000709800000|  0%| F|  |TAMS 0x0000000709600000, 0x0000000709600000| Untracked 
|  56|0x0000000709800000, 0x0000000709800000, 0x0000000709a00000|  0%| F|  |TAMS 0x0000000709800000, 0x0000000709800000| Untracked 
|  57|0x0000000709a00000, 0x0000000709a00000, 0x0000000709c00000|  0%| F|  |TAMS 0x0000000709a00000, 0x0000000709a00000| Untracked 
|  58|0x0000000709c00000, 0x0000000709c00000, 0x0000000709e00000|  0%| F|  |TAMS 0x0000000709c00000, 0x0000000709c00000| Untracked 
|  59|0x0000000709e00000, 0x0000000709e00000, 0x000000070a000000|  0%| F|  |TAMS 0x0000000709e00000, 0x0000000709e00000| Untracked 
|  60|0x000000070a000000, 0x000000070a000000, 0x000000070a200000|  0%| F|  |TAMS 0x000000070a000000, 0x000000070a000000| Untracked 
|  61|0x000000070a200000, 0x000000070a200000, 0x000000070a400000|  0%| F|  |TAMS 0x000000070a200000, 0x000000070a200000| Untracked 
|  62|0x000000070a400000, 0x000000070a400000, 0x000000070a600000|  0%| F|  |TAMS 0x000000070a400000, 0x000000070a400000| Untracked 
|  63|0x000000070a600000, 0x000000070a600000, 0x000000070a800000|  0%| F|  |TAMS 0x000000070a600000, 0x000000070a600000| Untracked 
|  64|0x000000070a800000, 0x000000070a800000, 0x000000070aa00000|  0%| F|  |TAMS 0x000000070a800000, 0x000000070a800000| Untracked 
|  65|0x000000070aa00000, 0x000000070aa00000, 0x000000070ac00000|  0%| F|  |TAMS 0x000000070aa00000, 0x000000070aa00000| Untracked 
|  66|0x000000070ac00000, 0x000000070ac00000, 0x000000070ae00000|  0%| F|  |TAMS 0x000000070ac00000, 0x000000070ac00000| Untracked 
|  67|0x000000070ae00000, 0x000000070ae00000, 0x000000070b000000|  0%| F|  |TAMS 0x000000070ae00000, 0x000000070ae00000| Untracked 
|  68|0x000000070b000000, 0x000000070b000000, 0x000000070b200000|  0%| F|  |TAMS 0x000000070b000000, 0x000000070b000000| Untracked 
|  69|0x000000070b200000, 0x000000070b200000, 0x000000070b400000|  0%| F|  |TAMS 0x000000070b200000, 0x000000070b200000| Untracked 
|  70|0x000000070b400000, 0x000000070b400000, 0x000000070b600000|  0%| F|  |TAMS 0x000000070b400000, 0x000000070b400000| Untracked 
|  71|0x000000070b600000, 0x000000070b600000, 0x000000070b800000|  0%| F|  |TAMS 0x000000070b600000, 0x000000070b600000| Untracked 
|  72|0x000000070b800000, 0x000000070b800000, 0x000000070ba00000|  0%| F|  |TAMS 0x000000070b800000, 0x000000070b800000| Untracked 
|  73|0x000000070ba00000, 0x000000070ba00000, 0x000000070bc00000|  0%| F|  |TAMS 0x000000070ba00000, 0x000000070ba00000| Untracked 
|  74|0x000000070bc00000, 0x000000070bc00000, 0x000000070be00000|  0%| F|  |TAMS 0x000000070bc00000, 0x000000070bc00000| Untracked 
|  75|0x000000070be00000, 0x000000070be00000, 0x000000070c000000|  0%| F|  |TAMS 0x000000070be00000, 0x000000070be00000| Untracked 
|  76|0x000000070c000000, 0x000000070c000000, 0x000000070c200000|  0%| F|  |TAMS 0x000000070c000000, 0x000000070c000000| Untracked 
|  77|0x000000070c200000, 0x000000070c200000, 0x000000070c400000|  0%| F|  |TAMS 0x000000070c200000, 0x000000070c200000| Untracked 
|  78|0x000000070c400000, 0x000000070c400000, 0x000000070c600000|  0%| F|  |TAMS 0x000000070c400000, 0x000000070c400000| Untracked 
|  79|0x000000070c600000, 0x000000070c600000, 0x000000070c800000|  0%| F|  |TAMS 0x000000070c600000, 0x000000070c600000| Untracked 
|  80|0x000000070c800000, 0x000000070c800000, 0x000000070ca00000|  0%| F|  |TAMS 0x000000070c800000, 0x000000070c800000| Untracked 
|  81|0x000000070ca00000, 0x000000070ca00000, 0x000000070cc00000|  0%| F|  |TAMS 0x000000070ca00000, 0x000000070ca00000| Untracked 
|  82|0x000000070cc00000, 0x000000070cc00000, 0x000000070ce00000|  0%| F|  |TAMS 0x000000070cc00000, 0x000000070cc00000| Untracked 
|  83|0x000000070ce00000, 0x000000070ce00000, 0x000000070d000000|  0%| F|  |TAMS 0x000000070ce00000, 0x000000070ce00000| Untracked 
|  84|0x000000070d000000, 0x000000070d000000, 0x000000070d200000|  0%| F|  |TAMS 0x000000070d000000, 0x000000070d000000| Untracked 
|  85|0x000000070d200000, 0x000000070d200000, 0x000000070d400000|  0%| F|  |TAMS 0x000000070d200000, 0x000000070d200000| Untracked 
|  86|0x000000070d400000, 0x000000070d400000, 0x000000070d600000|  0%| F|  |TAMS 0x000000070d400000, 0x000000070d400000| Untracked 
|  87|0x000000070d600000, 0x000000070d600000, 0x000000070d800000|  0%| F|  |TAMS 0x000000070d600000, 0x000000070d600000| Untracked 
|  88|0x000000070d800000, 0x000000070d800000, 0x000000070da00000|  0%| F|  |TAMS 0x000000070d800000, 0x000000070d800000| Untracked 
|  89|0x000000070da00000, 0x000000070da00000, 0x000000070dc00000|  0%| F|  |TAMS 0x000000070da00000, 0x000000070da00000| Untracked 
|  90|0x000000070dc00000, 0x000000070dc00000, 0x000000070de00000|  0%| F|  |TAMS 0x000000070dc00000, 0x000000070dc00000| Untracked 
|  91|0x000000070de00000, 0x000000070de00000, 0x000000070e000000|  0%| F|  |TAMS 0x000000070de00000, 0x000000070de00000| Untracked 
|  92|0x000000070e000000, 0x000000070e000000, 0x000000070e200000|  0%| F|  |TAMS 0x000000070e000000, 0x000000070e000000| Untracked 
|  93|0x000000070e200000, 0x000000070e200000, 0x000000070e400000|  0%| F|  |TAMS 0x000000070e200000, 0x000000070e200000| Untracked 
|  94|0x000000070e400000, 0x000000070e400000, 0x000000070e600000|  0%| F|  |TAMS 0x000000070e400000, 0x000000070e400000| Untracked 
|  95|0x000000070e600000, 0x000000070e600000, 0x000000070e800000|  0%| F|  |TAMS 0x000000070e600000, 0x000000070e600000| Untracked 
|  96|0x000000070e800000, 0x000000070e800000, 0x000000070ea00000|  0%| F|  |TAMS 0x000000070e800000, 0x000000070e800000| Untracked 
|  97|0x000000070ea00000, 0x000000070ea00000, 0x000000070ec00000|  0%| F|  |TAMS 0x000000070ea00000, 0x000000070ea00000| Untracked 
|  98|0x000000070ec00000, 0x000000070ec00000, 0x000000070ee00000|  0%| F|  |TAMS 0x000000070ec00000, 0x000000070ec00000| Untracked 
|  99|0x000000070ee00000, 0x000000070ee00000, 0x000000070f000000|  0%| F|  |TAMS 0x000000070ee00000, 0x000000070ee00000| Untracked 
| 100|0x000000070f000000, 0x000000070f000000, 0x000000070f200000|  0%| F|  |TAMS 0x000000070f000000, 0x000000070f000000| Untracked 
| 101|0x000000070f200000, 0x000000070f200000, 0x000000070f400000|  0%| F|  |TAMS 0x000000070f200000, 0x000000070f200000| Untracked 
| 102|0x000000070f400000, 0x000000070f400000, 0x000000070f600000|  0%| F|  |TAMS 0x000000070f400000, 0x000000070f400000| Untracked 
| 103|0x000000070f600000, 0x000000070f600000, 0x000000070f800000|  0%| F|  |TAMS 0x000000070f600000, 0x000000070f600000| Untracked 
| 104|0x000000070f800000, 0x000000070f800000, 0x000000070fa00000|  0%| F|  |TAMS 0x000000070f800000, 0x000000070f800000| Untracked 
| 105|0x000000070fa00000, 0x000000070fa00000, 0x000000070fc00000|  0%| F|  |TAMS 0x000000070fa00000, 0x000000070fa00000| Untracked 
| 106|0x000000070fc00000, 0x000000070fc00000, 0x000000070fe00000|  0%| F|  |TAMS 0x000000070fc00000, 0x000000070fc00000| Untracked 
| 107|0x000000070fe00000, 0x000000070fe00000, 0x0000000710000000|  0%| F|  |TAMS 0x000000070fe00000, 0x000000070fe00000| Untracked 
| 108|0x0000000710000000, 0x0000000710000000, 0x0000000710200000|  0%| F|  |TAMS 0x0000000710000000, 0x0000000710000000| Untracked 
| 109|0x0000000710200000, 0x0000000710200000, 0x0000000710400000|  0%| F|  |TAMS 0x0000000710200000, 0x0000000710200000| Untracked 
| 110|0x0000000710400000, 0x0000000710400000, 0x0000000710600000|  0%| F|  |TAMS 0x0000000710400000, 0x0000000710400000| Untracked 
| 111|0x0000000710600000, 0x0000000710600000, 0x0000000710800000|  0%| F|  |TAMS 0x0000000710600000, 0x0000000710600000| Untracked 
| 112|0x0000000710800000, 0x0000000710800000, 0x0000000710a00000|  0%| F|  |TAMS 0x0000000710800000, 0x0000000710800000| Untracked 
| 113|0x0000000710a00000, 0x0000000710a00000, 0x0000000710c00000|  0%| F|  |TAMS 0x0000000710a00000, 0x0000000710a00000| Untracked 
| 114|0x0000000710c00000, 0x0000000710e00000, 0x0000000710e00000|100%| S|CS|TAMS 0x0000000710c00000, 0x0000000710c00000| Complete 
| 115|0x0000000710e00000, 0x0000000711000000, 0x0000000711000000|100%| S|CS|TAMS 0x0000000710e00000, 0x0000000710e00000| Complete 
| 116|0x0000000711000000, 0x0000000711000000, 0x0000000711200000|  0%| F|  |TAMS 0x0000000711000000, 0x0000000711000000| Untracked 
| 117|0x0000000711200000, 0x0000000711200000, 0x0000000711400000|  0%| F|  |TAMS 0x0000000711200000, 0x0000000711200000| Untracked 
| 118|0x0000000711400000, 0x0000000711400000, 0x0000000711600000|  0%| F|  |TAMS 0x0000000711400000, 0x0000000711400000| Untracked 
| 119|0x0000000711600000, 0x00000007116b9940, 0x0000000711800000| 36%| E|  |TAMS 0x0000000711600000, 0x0000000711600000| Complete 
| 120|0x0000000711800000, 0x0000000711a00000, 0x0000000711a00000|100%| E|CS|TAMS 0x0000000711800000, 0x0000000711800000| Complete 
| 121|0x0000000711a00000, 0x0000000711c00000, 0x0000000711c00000|100%| E|CS|TAMS 0x0000000711a00000, 0x0000000711a00000| Complete 
| 122|0x0000000711c00000, 0x0000000711e00000, 0x0000000711e00000|100%| E|CS|TAMS 0x0000000711c00000, 0x0000000711c00000| Complete 
| 123|0x0000000711e00000, 0x0000000712000000, 0x0000000712000000|100%| E|CS|TAMS 0x0000000711e00000, 0x0000000711e00000| Complete 
| 124|0x0000000712000000, 0x0000000712200000, 0x0000000712200000|100%| E|CS|TAMS 0x0000000712000000, 0x0000000712000000| Complete 
| 125|0x0000000712200000, 0x0000000712400000, 0x0000000712400000|100%| E|CS|TAMS 0x0000000712200000, 0x0000000712200000| Complete 
| 126|0x0000000712400000, 0x0000000712600000, 0x0000000712600000|100%| E|CS|TAMS 0x0000000712400000, 0x0000000712400000| Complete 

Card table byte_map: [0x0000023814c80000,0x0000023815470000] _byte_map_base: 0x000002381146c000

Marking Bits (Prev, Next): (CMBitMap*) 0x000002387ff07390, (CMBitMap*) 0x000002387ff073d0
 Prev Bits: [0x0000023815c60000, 0x0000023819bc0000)
 Next Bits: [0x0000023819bc0000, 0x000002381db20000)

Polling page: 0x000002387ff60000

Metaspace:

Usage:
  Non-class:     13.80 MB used.
      Class:      1.83 MB used.
       Both:     15.63 MB used.

Virtual space:
  Non-class space:       16.00 MB reserved,      13.88 MB ( 87%) committed,  2 nodes.
      Class space:        1.00 GB reserved,       1.94 MB ( <1%) committed,  1 nodes.
             Both:        1.02 GB reserved,      15.81 MB (  2%) committed. 

Chunk freelists:
   Non-Class:  2.02 MB
       Class:  2.05 MB
        Both:  4.06 MB

MaxMetaspaceSize: unlimited
CompressedClassSpaceSize: 1.00 GB
Initial GC threshold: 21.00 MB
Current GC threshold: 21.00 MB
CDS: off
MetaspaceReclaimPolicy: balanced
 - commit_granule_bytes: 65536.
 - commit_granule_words: 8192.
 - virtual_space_node_default_size: 1048576.
 - enlarge_chunks_in_place: 1.
 - new_chunks_are_fully_committed: 0.
 - uncommit_free_chunks: 1.
 - use_allocation_guard: 0.
 - handle_deallocations: 1.


Internal statistics:

num_allocs_failed_limit: 0.
num_arena_births: 76.
num_arena_deaths: 0.
num_vsnodes_births: 3.
num_vsnodes_deaths: 0.
num_space_committed: 253.
num_space_uncommitted: 0.
num_chunks_returned_to_freelist: 0.
num_chunks_taken_from_freelist: 298.
num_chunk_merges: 0.
num_chunk_splits: 195.
num_chunks_enlarged: 158.
num_purges: 0.
num_inconsistent_stats: 0.

CodeHeap 'non-profiled nmethods': size=120000Kb used=459Kb max_used=459Kb free=119541Kb
 bounds [0x000002380c2e0000, 0x000002380c550000, 0x0000023813810000]
CodeHeap 'profiled nmethods': size=120000Kb used=2197Kb max_used=2197Kb free=117802Kb
 bounds [0x0000023804810000, 0x0000023804a80000, 0x000002380bd40000]
CodeHeap 'non-nmethods': size=5760Kb used=1163Kb max_used=1179Kb free=4597Kb
 bounds [0x000002380bd40000, 0x000002380bfb0000, 0x000002380c2e0000]
 total_blobs=1623 nmethods=1165 adapters=371
 compilation: enabled
              stopped_count=0, restarted_count=0
 full_count=0

Compilation events (20 events):
Event: 0.981 Thread 0x00000238214c9220 nmethod 1157 0x0000023804a2ff10 code [0x0000023804a301a0, 0x0000023804a30d78]
Event: 0.984 Thread 0x00000238214c8780 nmethod 1138% 0x000002380c350410 code [0x000002380c3505e0, 0x000002380c351988]
Event: 0.984 Thread 0x00000238214c8780 1149   !   4       java.nio.DirectByteBuffer::get (34 bytes)
Event: 0.984 Thread 0x00000238214c9220 1159       3       java.lang.Long::<init> (10 bytes)
Event: 0.984 Thread 0x00000238214c9220 nmethod 1159 0x0000023804a31210 code [0x0000023804a313c0, 0x0000023804a31598]
Event: 0.985 Thread 0x00000238214c9220 1160       3       com.esotericsoftware.kryo.io.Output::writeString (125 bytes)
Event: 0.985 Thread 0x00000238214c8780 nmethod 1149 0x000002380c352190 code [0x000002380c352300, 0x000002380c3523d8]
Event: 0.985 Thread 0x00000238214c8780 1158       4       java.util.concurrent.ConcurrentHashMap$Node::<init> (20 bytes)
Event: 0.985 Thread 0x00000238214c9220 nmethod 1160 0x0000023804a31690 code [0x0000023804a318a0, 0x0000023804a31f18]
Event: 0.985 Thread 0x00000238214c9220 1161       3       com.esotericsoftware.kryo.io.Output::require (209 bytes)
Event: 0.985 Thread 0x00000238214c9220 nmethod 1161 0x0000023804a32110 code [0x0000023804a323e0, 0x0000023804a32e58]
Event: 0.985 Thread 0x00000238214c9220 1162       3       org.gradle.internal.serialize.kryo.KryoBackedEncoder::writeString (23 bytes)
Event: 0.985 Thread 0x00000238214c9220 nmethod 1162 0x0000023804a33210 code [0x0000023804a333c0, 0x0000023804a33618]
Event: 0.986 Thread 0x00000238214c8780 nmethod 1158 0x000002380c352510 code [0x000002380c352680, 0x000002380c3528b8]
Event: 1.012 Thread 0x00000238214c9220 1163       3       java.lang.invoke.MethodHandles$Lookup::checkSymbolicClass (25 bytes)
Event: 1.012 Thread 0x00000238214c9220 nmethod 1163 0x0000023804a33710 code [0x0000023804a338e0, 0x0000023804a33b48]
Event: 1.012 Thread 0x00000238214c9220 1164       3       java.lang.invoke.MethodHandles$Lookup::checkAccess (232 bytes)
Event: 1.013 Thread 0x00000238214c9220 nmethod 1164 0x0000023804a33c90 code [0x0000023804a33f80, 0x0000023804a35038]
Event: 1.305 Thread 0x00000238214c9220 1165       1       java.util.concurrent.locks.AbstractOwnableSynchronizer::setExclusiveOwnerThread (6 bytes)
Event: 1.305 Thread 0x00000238214c9220 nmethod 1165 0x000002380c352910 code [0x000002380c352aa0, 0x000002380c352bb8]

GC Heap History (2 events):
Event: 0.567 GC heap before
{Heap before GC invocations=0 (full 0):
 garbage-first heap   total 260096K, used 30720K [0x0000000702800000, 0x0000000800000000)
  region size 2048K, 11 young (22528K), 0 survivors (0K)
 Metaspace       used 10879K, committed 11072K, reserved 1064960K
  class space    used 1121K, committed 1216K, reserved 1048576K
}
Event: 0.570 GC heap after
{Heap after GC invocations=1 (full 0):
 garbage-first heap   total 260096K, used 9986K [0x0000000702800000, 0x0000000800000000)
  region size 2048K, 2 young (4096K), 2 survivors (4096K)
 Metaspace       used 10879K, committed 11072K, reserved 1064960K
  class space    used 1121K, committed 1216K, reserved 1048576K
}

Dll operation events (2 events):
Event: 0.006 Loaded shared library C:\Program Files\Android\Android Studio\jbr\bin\java.dll
Event: 0.090 Loaded shared library C:\Program Files\Android\Android Studio\jbr\bin\verify.dll

Deoptimization events (20 events):
Event: 0.700 Thread 0x000002387fe9d000 DEOPT PACKING pc=0x000002380c33a714 sp=0x00000044d19fb420
Event: 0.700 Thread 0x000002387fe9d000 DEOPT UNPACKING pc=0x000002380bd969a3 sp=0x00000044d19fb3c0 mode 2
Event: 0.721 Thread 0x000002387fe9d000 DEOPT PACKING pc=0x0000023804935548 sp=0x00000044d19f84e0
Event: 0.721 Thread 0x000002387fe9d000 DEOPT UNPACKING pc=0x000002380bd97143 sp=0x00000044d19f79f8 mode 0
Event: 0.755 Thread 0x000002387fe9d000 Uncommon trap: trap_request=0xffffff45 fr.pc=0x000002380c32e4d4 relative=0x0000000000001c94
Event: 0.755 Thread 0x000002387fe9d000 Uncommon trap: reason=unstable_if action=reinterpret pc=0x000002380c32e4d4 method=java.io.WinNTFileSystem.normalize(Ljava/lang/String;)Ljava/lang/String; @ 128 c2
Event: 0.755 Thread 0x000002387fe9d000 DEOPT PACKING pc=0x000002380c32e4d4 sp=0x00000044d19fbc40
Event: 0.755 Thread 0x000002387fe9d000 DEOPT UNPACKING pc=0x000002380bd969a3 sp=0x00000044d19fbc28 mode 2
Event: 0.941 Thread 0x000002387fe9d000 Uncommon trap: trap_request=0xffffff45 fr.pc=0x000002380c317f70 relative=0x0000000000000630
Event: 0.941 Thread 0x000002387fe9d000 Uncommon trap: reason=unstable_if action=reinterpret pc=0x000002380c317f70 method=java.lang.AbstractStringBuilder.append(Ljava/lang/String;)Ljava/lang/AbstractStringBuilder; @ 1 c2
Event: 0.941 Thread 0x000002387fe9d000 DEOPT PACKING pc=0x000002380c317f70 sp=0x00000044d19fc9b0
Event: 0.941 Thread 0x000002387fe9d000 DEOPT UNPACKING pc=0x000002380bd969a3 sp=0x00000044d19fc930 mode 2
Event: 0.941 Thread 0x000002387fe9d000 Uncommon trap: trap_request=0xffffff45 fr.pc=0x000002380c315284 relative=0x0000000000000644
Event: 0.941 Thread 0x000002387fe9d000 Uncommon trap: reason=unstable_if action=reinterpret pc=0x000002380c315284 method=java.lang.AbstractStringBuilder.append(Ljava/lang/String;)Ljava/lang/AbstractStringBuilder; @ 1 c2
Event: 0.941 Thread 0x000002387fe9d000 DEOPT PACKING pc=0x000002380c315284 sp=0x00000044d19fc950
Event: 0.941 Thread 0x000002387fe9d000 DEOPT UNPACKING pc=0x000002380bd969a3 sp=0x00000044d19fc938 mode 2
Event: 0.952 Thread 0x000002387fe9d000 Uncommon trap: trap_request=0xffffff45 fr.pc=0x000002380c34a174 relative=0x0000000000000074
Event: 0.952 Thread 0x000002387fe9d000 Uncommon trap: reason=unstable_if action=reinterpret pc=0x000002380c34a174 method=jdk.internal.misc.Unsafe.convEndian(ZI)I @ 4 c2
Event: 0.952 Thread 0x000002387fe9d000 DEOPT PACKING pc=0x000002380c34a174 sp=0x00000044d19fae40
Event: 0.952 Thread 0x000002387fe9d000 DEOPT UNPACKING pc=0x000002380bd969a3 sp=0x00000044d19fad70 mode 2

Classes unloaded (0 events):
No events

Classes redefined (0 events):
No events

Internal exceptions (19 events):
Event: 0.180 Thread 0x000002387fe9d000 Exception <a 'java/lang/NoSuchMethodError'{0x000000071237f880}: 'int java.lang.invoke.DirectMethodHandle$Holder.invokeStaticInit(java.lang.Object, java.lang.Object)'> (0x000000071237f880) 
thrown [s\src\hotspot\share\interpreter\linkResolver.cpp, line 771]
Event: 0.536 Thread 0x000002387fe9d000 Exception <a 'java/lang/NoSuchMethodError'{0x00000007110fef28}: 'void java.lang.invoke.DirectMethodHandle$Holder.invokeStatic(java.lang.Object, java.lang.Object)'> (0x00000007110fef28) 
thrown [s\src\hotspot\share\interpreter\linkResolver.cpp, line 771]
Event: 0.557 Thread 0x000002387fe9d000 Exception <a 'java/lang/NoClassDefFoundError'{0x00000007111853a0}: org/slf4j/impl/StaticMarkerBinder> (0x00000007111853a0) 
thrown [s\src\hotspot\share\classfile\systemDictionary.cpp, line 245]
Event: 0.573 Thread 0x000002387fe9d000 Exception <a 'java/lang/NoSuchMethodError'{0x0000000712421cb0}: 'java.lang.Object java.lang.invoke.DirectMethodHandle$Holder.invokeVirtual(java.lang.Object, java.lang.Object, java.lang.Object, java.lang.Object, java.lang.Object, java.lang.Object, java.lang.Object)'> (0x0000000712421cb0) 
thrown [s\src\hotspot\share\interpreter\linkResolver.cpp, line 771]
Event: 0.574 Thread 0x000002387fe9d000 Exception <a 'java/lang/NoSuchMethodError'{0x0000000712433270}: 'java.lang.Object java.lang.invoke.Invokers$Holder.invoker(java.lang.Object, java.lang.Object, java.lang.Object)'> (0x0000000712433270) 
thrown [s\src\hotspot\share\interpreter\linkResolver.cpp, line 771]
Event: 0.575 Thread 0x000002387fe9d000 Exception <a 'java/lang/NoSuchMethodError'{0x000000071243c420}: 'java.lang.Object java.lang.invoke.DirectMethodHandle$Holder.invokeStatic(java.lang.Object, java.lang.Object, int)'> (0x000000071243c420) 
thrown [s\src\hotspot\share\interpreter\linkResolver.cpp, line 771]
Event: 0.576 Thread 0x000002387fe9d000 Exception <a 'java/lang/NoSuchMethodError'{0x0000000712448110}: 'void java.lang.invoke.DelegatingMethodHandle$Holder.delegate(java.lang.Object, java.lang.Object, int, java.lang.Object)'> (0x0000000712448110) 
thrown [s\src\hotspot\share\interpreter\linkResolver.cpp, line 771]
Event: 0.576 Thread 0x000002387fe9d000 Exception <a 'java/lang/NoSuchMethodError'{0x000000071244c2d8}: 'int java.lang.invoke.DirectMethodHandle$Holder.invokeSpecial(java.lang.Object, java.lang.Object, java.lang.Object)'> (0x000000071244c2d8) 
thrown [s\src\hotspot\share\interpreter\linkResolver.cpp, line 771]
Event: 0.578 Thread 0x000002387fe9d000 Exception <a 'java/lang/NoSuchMethodError'{0x000000071245f490}: 'java.lang.Object java.lang.invoke.Invokers$Holder.invokeExact_MT(java.lang.Object, java.lang.Object, java.lang.Object, java.lang.Object)'> (0x000000071245f490) 
thrown [s\src\hotspot\share\interpreter\linkResolver.cpp, line 771]
Event: 0.632 Thread 0x000002387fe9d000 Exception <a 'java/lang/NoSuchMethodError'{0x00000007120ad5d0}: 'java.lang.Object java.lang.invoke.DirectMethodHandle$Holder.invokeInterface(java.lang.Object, java.lang.Object, java.lang.Object)'> (0x00000007120ad5d0) 
thrown [s\src\hotspot\share\interpreter\linkResolver.cpp, line 771]
Event: 0.635 Thread 0x000002387fe9d000 Exception <a 'java/lang/NoSuchMethodError'{0x00000007120cef20}: 'void java.lang.invoke.DirectMethodHandle$Holder.invokeSpecial(java.lang.Object, java.lang.Object, java.lang.Object)'> (0x00000007120cef20) 
thrown [s\src\hotspot\share\interpreter\linkResolver.cpp, line 771]
Event: 0.648 Thread 0x000002387fe9d000 Implicit null exception at 0x000002380c32b610 to 0x000002380c32bb80
Event: 0.648 Thread 0x000002387fe9d000 Implicit null exception at 0x000002380c31b610 to 0x000002380c31bb7c
Event: 0.664 Thread 0x000002387fe9d000 Exception <a 'java/lang/NoSuchMethodError'{0x0000000711e6c9b8}: 'java.lang.Object java.lang.invoke.DirectMethodHandle$Holder.invokeStaticInit(java.lang.Object)'> (0x0000000711e6c9b8) 
thrown [s\src\hotspot\share\interpreter\linkResolver.cpp, line 771]
Event: 0.728 Thread 0x000002387fe9d000 Exception <a 'java/lang/NoSuchMethodError'{0x0000000711a63e18}: 'java.lang.Object java.lang.invoke.DirectMethodHandle$Holder.invokeStaticInit(java.lang.Object, int, int, int, int)'> (0x0000000711a63e18) 
thrown [s\src\hotspot\share\interpreter\linkResolver.cpp, line 771]
Event: 0.826 Thread 0x000002387fe9d000 Exception <a 'java/lang/NoSuchMethodError'{0x0000000711b42328}: 'java.lang.Object java.lang.invoke.DirectMethodHandle$Holder.invokeStaticInit(java.lang.Object, java.lang.Object, int, int, int, int)'> (0x0000000711b42328) 
thrown [s\src\hotspot\share\interpreter\linkResolver.cpp, line 771]
Event: 0.933 Thread 0x000002387fe9d000 Exception <a 'java/lang/NoSuchMethodError'{0x0000000711b6f0a8}: 'void java.lang.invoke.DirectMethodHandle$Holder.invokeStatic(java.lang.Object, java.lang.Object, java.lang.Object)'> (0x0000000711b6f0a8) 
thrown [s\src\hotspot\share\interpreter\linkResolver.cpp, line 771]
Event: 0.941 Thread 0x000002387fe9d000 Implicit null exception at 0x000002380c317972 to 0x000002380c317f58
Event: 0.941 Thread 0x000002387fe9d000 Implicit null exception at 0x000002380c314c72 to 0x000002380c31526c

VM Operations (12 events):
Event: 0.084 Executing VM operation: HandshakeAllThreads
Event: 0.084 Executing VM operation: HandshakeAllThreads done
Event: 0.471 Executing VM operation: HandshakeAllThreads
Event: 0.471 Executing VM operation: HandshakeAllThreads done
Event: 0.567 Executing VM operation: G1CollectForAllocation
Event: 0.570 Executing VM operation: G1CollectForAllocation done
Event: 0.575 Executing VM operation: HandshakeAllThreads
Event: 0.575 Executing VM operation: HandshakeAllThreads done
Event: 0.703 Executing VM operation: HandshakeAllThreads
Event: 0.703 Executing VM operation: HandshakeAllThreads done
Event: 0.756 Executing VM operation: HandshakeAllThreads
Event: 0.756 Executing VM operation: HandshakeAllThreads done

Events (20 events):
Event: 1.013 loading class java/util/concurrent/ForkJoinPool$1 done
Event: 1.013 loading class java/util/concurrent/ForkJoinPool$DefaultCommonPoolForkJoinWorkerThreadFactory
Event: 1.013 loading class java/util/concurrent/ForkJoinPool$DefaultCommonPoolForkJoinWorkerThreadFactory done
Event: 1.013 loading class java/util/concurrent/ForkJoinPool$WorkQueue
Event: 1.013 loading class java/util/concurrent/ForkJoinPool$WorkQueue done
Event: 1.013 loading class java/util/concurrent/ForkJoinWorkerThread
Event: 1.013 loading class java/util/concurrent/ForkJoinWorkerThread done
Event: 1.470 loading class jdk/internal/reflect/MethodAccessorGenerator
Event: 1.470 loading class jdk/internal/reflect/AccessorGenerator
Event: 1.470 loading class jdk/internal/reflect/ClassFileConstants
Event: 1.470 loading class jdk/internal/reflect/ClassFileConstants done
Event: 1.470 loading class jdk/internal/reflect/AccessorGenerator done
Event: 1.470 loading class jdk/internal/reflect/MethodAccessorGenerator done
Event: 1.471 loading class jdk/internal/reflect/ByteVectorFactory
Event: 1.471 loading class jdk/internal/reflect/ByteVectorFactory done
Event: 1.471 loading class jdk/internal/reflect/ByteVectorImpl
Event: 1.471 loading class jdk/internal/reflect/ByteVector
Event: 1.471 loading class jdk/internal/reflect/ByteVector done
Event: 1.471 loading class jdk/internal/reflect/ByteVectorImpl done
Event: 1.471 loading class jdk/internal/reflect/ClassFileAssembler


Dynamic libraries:
0x00007ff751e20000 - 0x00007ff751e2a000 	C:\Program Files\Android\Android Studio\jbr\bin\java.exe
0x00007ffa5aeb0000 - 0x00007ffa5b0c7000 	C:\WINDOWS\SYSTEM32\ntdll.dll
0x00007ffa5a330000 - 0x00007ffa5a3f4000 	C:\WINDOWS\System32\KERNEL32.DLL
0x00007ffa583a0000 - 0x00007ffa58747000 	C:\WINDOWS\System32\KERNELBASE.dll
0x00007ffa58750000 - 0x00007ffa58861000 	C:\WINDOWS\System32\ucrtbase.dll
0x00007ffa1d0f0000 - 0x00007ffa1d107000 	C:\Program Files\Android\Android Studio\jbr\bin\jli.dll
0x00007ffa0df70000 - 0x00007ffa0df8b000 	C:\Program Files\Android\Android Studio\jbr\bin\VCRUNTIME140.dll
0x00007ffa5a850000 - 0x00007ffa5a9fe000 	C:\WINDOWS\System32\USER32.dll
0x00007ffa58a50000 - 0x00007ffa58a76000 	C:\WINDOWS\System32\win32u.dll
0x00007ffa5aaf0000 - 0x00007ffa5ab19000 	C:\WINDOWS\System32\GDI32.dll
0x00007ffa58870000 - 0x00007ffa58989000 	C:\WINDOWS\System32\gdi32full.dll
0x00007ffa4a640000 - 0x00007ffa4a8d3000 	C:\WINDOWS\WinSxS\amd64_microsoft.windows.common-controls_6595b64144ccf1df_6.0.22621.2506_none_270c5ae97388e100\COMCTL32.dll
0x00007ffa58b70000 - 0x00007ffa58c0a000 	C:\WINDOWS\System32\msvcp_win.dll
0x00007ffa58c10000 - 0x00007ffa58cb7000 	C:\WINDOWS\System32\msvcrt.dll
0x00007ffa5a810000 - 0x00007ffa5a841000 	C:\WINDOWS\System32\IMM32.DLL
0x00007ffa49ff0000 - 0x00007ffa49ffc000 	C:\Program Files\Android\Android Studio\jbr\bin\vcruntime140_1.dll
0x00007ffa0dee0000 - 0x00007ffa0df6d000 	C:\Program Files\Android\Android Studio\jbr\bin\msvcp140.dll
0x00007ff9b3d40000 - 0x00007ff9b49ae000 	C:\Program Files\Android\Android Studio\jbr\bin\server\jvm.dll
0x00007ffa59fc0000 - 0x00007ffa5a070000 	C:\WINDOWS\System32\ADVAPI32.dll
0x00007ffa5a490000 - 0x00007ffa5a536000 	C:\WINDOWS\System32\sechost.dll
0x00007ffa5a210000 - 0x00007ffa5a327000 	C:\WINDOWS\System32\RPCRT4.dll
0x00007ffa367d0000 - 0x00007ffa367d9000 	C:\WINDOWS\SYSTEM32\WSOCK32.dll
0x00007ffa4fc30000 - 0x00007ffa4fc64000 	C:\WINDOWS\SYSTEM32\WINMM.dll
0x00007ffa528f0000 - 0x00007ffa528fa000 	C:\WINDOWS\SYSTEM32\VERSION.dll
0x00007ffa5ab20000 - 0x00007ffa5ab91000 	C:\WINDOWS\System32\WS2_32.dll
0x00007ffa572c0000 - 0x00007ffa572d8000 	C:\WINDOWS\SYSTEM32\kernel.appcore.dll
0x00007ffa25b60000 - 0x00007ffa25b6a000 	C:\Program Files\Android\Android Studio\jbr\bin\jimage.dll
0x00007ffa50470000 - 0x00007ffa506a3000 	C:\WINDOWS\SYSTEM32\DBGHELP.DLL
0x00007ffa59a70000 - 0x00007ffa59df9000 	C:\WINDOWS\System32\combase.dll
0x00007ffa5aa00000 - 0x00007ffa5aad7000 	C:\WINDOWS\System32\OLEAUT32.dll
0x00007ffa500f0000 - 0x00007ffa50122000 	C:\WINDOWS\SYSTEM32\dbgcore.DLL
0x00007ffa58af0000 - 0x00007ffa58b6a000 	C:\WINDOWS\System32\bcryptPrimitives.dll
0x00007ffa0deb0000 - 0x00007ffa0ded5000 	C:\Program Files\Android\Android Studio\jbr\bin\java.dll
0x00007ffa0de90000 - 0x00007ffa0dea8000 	C:\Program Files\Android\Android Studio\jbr\bin\zip.dll
0x00007ffa58cc0000 - 0x00007ffa59519000 	C:\WINDOWS\System32\SHELL32.dll
0x00007ffa56160000 - 0x00007ffa56a54000 	C:\WINDOWS\SYSTEM32\windows.storage.dll
0x00007ffa56020000 - 0x00007ffa5615e000 	C:\WINDOWS\SYSTEM32\wintypes.dll
0x00007ffa5abb0000 - 0x00007ffa5aca3000 	C:\WINDOWS\System32\SHCORE.dll
0x00007ffa5a580000 - 0x00007ffa5a5de000 	C:\WINDOWS\System32\shlwapi.dll
0x00007ffa58160000 - 0x00007ffa58186000 	C:\WINDOWS\SYSTEM32\profapi.dll
0x00007ffa0de70000 - 0x00007ffa0de89000 	C:\Program Files\Android\Android Studio\jbr\bin\net.dll
0x00007ffa53010000 - 0x00007ffa53147000 	C:\WINDOWS\SYSTEM32\WINHTTP.dll
0x00007ffa577a0000 - 0x00007ffa57809000 	C:\WINDOWS\system32\mswsock.dll
0x00007ffa0de50000 - 0x00007ffa0de66000 	C:\Program Files\Android\Android Studio\jbr\bin\nio.dll
0x00007ffa25ab0000 - 0x00007ffa25ac0000 	C:\Program Files\Android\Android Studio\jbr\bin\verify.dll
0x00007ffa0de20000 - 0x00007ffa0de47000 	C:\Users\Pattr\.gradle\native\e1d6ef7f7dcc3fd88c89a11ec53ec762bb8ba0a96d01ffa2cd45eb1d1d8dd5c5\windows-amd64\native-platform.dll
0x00007ffa1ea20000 - 0x00007ffa1ea29000 	C:\Program Files\Android\Android Studio\jbr\bin\management.dll
0x00007ffa1e140000 - 0x00007ffa1e14b000 	C:\Program Files\Android\Android Studio\jbr\bin\management_ext.dll
0x00007ffa59e00000 - 0x00007ffa59e08000 	C:\WINDOWS\System32\PSAPI.DLL
0x00007ffa57a00000 - 0x00007ffa57a1b000 	C:\WINDOWS\SYSTEM32\CRYPTSP.dll
0x00007ffa57280000 - 0x00007ffa572b5000 	C:\WINDOWS\system32\rsaenh.dll
0x00007ffa57890000 - 0x00007ffa578bc000 	C:\WINDOWS\SYSTEM32\USERENV.dll
0x00007ffa57bc0000 - 0x00007ffa57be8000 	C:\WINDOWS\SYSTEM32\bcrypt.dll
0x00007ffa579f0000 - 0x00007ffa579fc000 	C:\WINDOWS\SYSTEM32\CRYPTBASE.dll
0x00007ffa56d30000 - 0x00007ffa56d5d000 	C:\WINDOWS\SYSTEM32\IPHLPAPI.DLL
0x00007ffa5aae0000 - 0x00007ffa5aae9000 	C:\WINDOWS\System32\NSI.dll
0x00007ffa528d0000 - 0x00007ffa528e9000 	C:\WINDOWS\SYSTEM32\dhcpcsvc6.DLL
0x00007ffa52ff0000 - 0x00007ffa5300f000 	C:\WINDOWS\SYSTEM32\dhcpcsvc.DLL
0x00007ffa56da0000 - 0x00007ffa56e99000 	C:\WINDOWS\SYSTEM32\DNSAPI.dll
0x00007ffa24e50000 - 0x00007ffa24e58000 	C:\WINDOWS\system32\wshunix.dll

dbghelp: loaded successfully - version: 4.0.5 - missing functions: none
symbol engine: initialized successfully - sym options: 0x614 - pdb path: .;C:\Program Files\Android\Android Studio\jbr\bin;C:\WINDOWS\SYSTEM32;C:\WINDOWS\WinSxS\amd64_microsoft.windows.common-controls_6595b64144ccf1df_6.0.22621.2506_none_270c5ae97388e100;C:\Program Files\Android\Android Studio\jbr\bin\server;C:\Users\Pattr\.gradle\native\e1d6ef7f7dcc3fd88c89a11ec53ec762bb8ba0a96d01ffa2cd45eb1d1d8dd5c5\windows-amd64

VM Arguments:
jvm_args: -Dorg.gradle.appname=gradlew 
java_command: org.gradle.wrapper.GradleWrapperMain -q -Ptarget-platform=android-x86 -Ptarget=C:\Users\Pattr\OneDrive\Desktop\work\Hitachi\hitachi\lib\main.dart -Pbase-application-name=android.app.Application -Pdart-defines=Zmx1dHRlci5pbnNwZWN0b3Iuc3RydWN0dXJlZEVycm9ycz1mYWxzZQ==,RkxVVFRFUl9XRUJfQVVUT19ERVRFQ1Q9dHJ1ZQ==,RkxVVFRFUl9XRUJfQ0FOVkFTS0lUX1VSTD1odHRwczovL3d3dy5nc3RhdGljLmNvbS9mbHV0dGVyLWNhbnZhc2tpdC85MDY0NDU5YThiMGRjZDMyODc3MTA3ZjYwMDJjYzQyOWE3MTY1OWQxLw== -Pdart-obfuscation=false -Ptrack-widget-creation=true -Ptree-shake-icons=false -Pfilesystem-scheme=org-dartlang-root assembleDebug
java_class_path (initial): C:\Users\Pattr\OneDrive\Desktop\work\Hitachi\hitachi\android\\gradle\wrapper\gradle-wrapper.jar
Launcher Type: SUN_STANDARD

[Global flags]
     intx CICompilerCount                          = 4                                         {product} {ergonomic}
     uint ConcGCThreads                            = 3                                         {product} {ergonomic}
     uint G1ConcRefinementThreads                  = 10                                        {product} {ergonomic}
   size_t G1HeapRegionSize                         = 2097152                                   {product} {ergonomic}
    uintx GCDrainStackTargetSize                   = 64                                        {product} {ergonomic}
   size_t InitialHeapSize                          = 266338304                                 {product} {ergonomic}
   size_t MarkStackSize                            = 4194304                                   {product} {ergonomic}
   size_t MaxHeapSize                              = 4253024256                                {product} {ergonomic}
   size_t MaxNewSize                               = 2550136832                                {product} {ergonomic}
   size_t MinHeapDeltaBytes                        = 2097152                                   {product} {ergonomic}
   size_t MinHeapSize                              = 8388608                                   {product} {ergonomic}
    uintx NonNMethodCodeHeapSize                   = 5839372                                {pd product} {ergonomic}
    uintx NonProfiledCodeHeapSize                  = 122909434                              {pd product} {ergonomic}
    uintx ProfiledCodeHeapSize                     = 122909434                              {pd product} {ergonomic}
    uintx ReservedCodeCacheSize                    = 251658240                              {pd product} {ergonomic}
     bool SegmentedCodeCache                       = true                                      {product} {ergonomic}
   size_t SoftMaxHeapSize                          = 4253024256                             {manageable} {ergonomic}
     bool UseCompressedClassPointers               = true                           {product lp64_product} {ergonomic}
     bool UseCompressedOops                        = true                           {product lp64_product} {ergonomic}
     bool UseG1GC                                  = true                                      {product} {ergonomic}
     bool UseLargePagesIndividualAllocation        = false                                  {pd product} {ergonomic}

Logging:
Log output configuration:
 #0: stdout all=warning uptime,level,tags
 #1: stderr all=off uptime,level,tags

Environment Variables:
JAVA_HOME=C:\Program Files\Android\Android Studio\jbr
CLASSPATH=C:\Users\Pattr\OneDrive\Desktop\work\Hitachi\hitachi\android\\gradle\wrapper\gradle-wrapper.jar
PATH=C:\Program Files\Android\Android Studio\jbr\bin;C:\Program Files\Microsoft\jdk-11.0.16.101-hotspot\bin;C:\WINDOWS\system32;C:\WINDOWS;C:\WINDOWS\System32\Wbem;C:\WINDOWS\System32\WindowsPowerShell\v1.0\;C:\WINDOWS\System32\OpenSSH\;C:\Program Files\Git\cmd;C:\Program Files\Microsoft SQL Server\150\Tools\Binn\;C:\Program Files\Microsoft SQL Server\Client SDK\ODBC\170\Tools\Binn\;C:\Program Files\dotnet\;C:\Program Files\nodejs\;C:\Program Files (x86)\Microsoft SQL Server\160\DTS\Binn\;C:\Program Files\Azure Data Studio\bin;C:\Program Files (x86)\Windows Kits\10\Windows Performance Toolkit\;C:\Program Files (x86)\NVIDIA Corporation\PhysX\Common;C:\Program Files\Microsoft\jdk-11.0.16.101-hotspot\bin;C:\WINDOWS\system32;C:\WINDOWS;C:\WINDOWS\System32\Wbem;C:\WINDOWS\System32\WindowsPowerShell\v1.0\;C:\WINDOWS\System32\OpenSSH\;C:\Program Files\Git\cmd;C:\Program Files\Microsoft SQL Server\150\Tools\Binn\;C:\Program Files\Microsoft SQL Server\Client SDK\ODBC\170\Tools\Binn\;C:\Program Files\dotnet\;C:\Program Files\nodejs\;C:\Program Files (x86)\Microsoft SQL Server\160\DTS\Binn\;C:\Program Files\Azure Data Studio\bin;C:\Program Files (x86)\Windows Kits\10\Windows Performance Toolkit\;C:\Program Files (x86)\NVIDIA Corporation\PhysX\Common;C:\Users\Pattr\AppData\Local\Pub\Cache\bin;C:\Users\Pattr\AppData\Local\Programs\Microsoft VS Code\bin;C:\Users\Pattr\AppData\Local\GitHubDesktop\bin;C:\src\flutter\bin\mingit\cmd;C:\src\flutter\bin\mingit\cmd
USERNAME=Pattr
OS=Windows_NT
PROCESSOR_IDENTIFIER=Intel64 Family 6 Model 151 Stepping 5, GenuineIntel
TMP=C:\Users\Pattr\AppData\Local\Temp
TEMP=C:\Users\Pattr\AppData\Local\Temp


JNI global refs:
JNI global refs: 19, weak refs: 0

JNI global refs memory usage: 843, weak refs: 841


---------------  S Y S T E M  ---------------

OS:
 Windows 11 , 64 bit Build 22621 (10.0.22621.2506)
OS uptime: 0 days 4:47 hours

CPU: total 12 (initial active 12) (6 cores per cpu, 2 threads per core) family 6 model 151 stepping 5 microcode 0x26, cx8, cmov, fxsr, ht, mmx, 3dnowpref, sse, sse2, sse3, ssse3, sse4.1, sse4.2, popcnt, lzcnt, tsc, tscinvbit, avx, avx2, aes, erms, clmul, bmi1, bmi2, adx, sha, fma, vzeroupper, clflush, clflushopt, clwb

Memory: 4k page, system-wide physical 16221M (663M free)
TotalPageFile size 65373M (AvailPageFile size 2M)
current process WorkingSet (physical memory assigned to process): 98M, peak: 98M
current process commit charge ("private bytes"): 367M, peak: 367M

vm_info: OpenJDK 64-Bit Server VM (17.0.6+0-b2043.56-10027231) for windows-amd64 JRE (17.0.6+0-b2043.56-10027231), built on Apr 28 2023 00:43:19 by "androidbuild" with MS VC++ 16.10 / 16.11 (VS2019)

END.
