#
# There is insufficient memory for the Java Runtime Environment to continue.
# Native memory allocation (mmap) failed to map 65536 bytes for Failed to commit metaspace.
# Possible reasons:
#   The system is out of physical RAM or swap space
#   The process is running with CompressedOops enabled, and the Java Heap may be blocking the growth of the native heap
# Possible solutions:
#   Reduce memory load on the system
#   Increase physical memory or swap space
#   Check if swap backing store is full
#   Decrease Java heap size (-Xmx/-Xms)
#   Decrease number of Java threads
#   Decrease Java thread stack sizes (-Xss)
#   Set larger code cache with -XX:ReservedCodeCacheSize=
#   JVM is running with Zero Based Compressed Oops mode in which the Java heap is
#     placed in the first 32GB address space. The Java Heap base address is the
#     maximum limit for the native heap growth. Please use -XX:HeapBaseMinAddress
#     to set the Java Heap base and to place the Java Heap above 32GB virtual address.
# This output file may be truncated or incomplete.
#
#  Out of Memory Error (virtualSpaceNode.cpp:110), pid=13140, tid=23064
#
# JRE version: OpenJDK Runtime Environment (17.0.6) (build 17.0.6+0-b2043.56-10027231)
# Java VM: OpenJDK 64-Bit Server VM (17.0.6+0-b2043.56-10027231, mixed mode, tiered, compressed oops, compressed class ptrs, g1 gc, windows-amd64)
# No core dump will be written. Minidumps are not enabled by default on client versions of Windows
#

---------------  S U M M A R Y ------------

Command Line: -Dorg.gradle.appname=gradlew org.gradle.wrapper.GradleWrapperMain -q -Ptarget-platform=android-x86 -Ptarget=C:\Users\Pattr\OneDrive\Desktop\work\Hitachi\hitachi\lib\main.dart -Pbase-application-name=android.app.Application -Pdart-defines=Zmx1dHRlci5pbnNwZWN0b3Iuc3RydWN0dXJlZEVycm9ycz1mYWxzZQ==,RkxVVFRFUl9XRUJfQVVUT19ERVRFQ1Q9dHJ1ZQ==,RkxVVFRFUl9XRUJfQ0FOVkFTS0lUX1VSTD1odHRwczovL3d3dy5nc3RhdGljLmNvbS9mbHV0dGVyLWNhbnZhc2tpdC85MDY0NDU5YThiMGRjZDMyODc3MTA3ZjYwMDJjYzQyOWE3MTY1OWQxLw== -Pdart-obfuscation=false -Ptrack-widget-creation=true -Ptree-shake-icons=false -Pfilesystem-scheme=org-dartlang-root assembleDebug

Host: 12th Gen Intel(R) Core(TM) i5-12400F, 12 cores, 15G,  Windows 11 , 64 bit Build 22621 (10.0.22621.2506)
Time: Thu Nov 16 13:40:33 2023 SE Asia Standard Time elapsed time: 0.730353 seconds (0d 0h 0m 0s)

---------------  T H R E A D  ---------------

Current thread (0x000002b544d90790):  JavaThread "main" [_thread_in_vm, id=23064, stack(0x000000faeb200000,0x000000faeb300000)]

Stack: [0x000000faeb200000,0x000000faeb300000]
Native frames: (J=compiled Java code, j=interpreted, Vv=VM code, C=native code)
V  [jvm.dll+0x683c9a]
V  [jvm.dll+0x8427a4]
V  [jvm.dll+0x843f9e]
V  [jvm.dll+0x844603]
V  [jvm.dll+0x249b75]
V  [jvm.dll+0x83e7fb]
V  [jvm.dll+0x628006]
V  [jvm.dll+0x1c194e]
V  [jvm.dll+0x62a941]
V  [jvm.dll+0x6289a6]
V  [jvm.dll+0x3707f2]
V  [jvm.dll+0x1e565b]
V  [jvm.dll+0x548016]
V  [jvm.dll+0x7bd3d5]
V  [jvm.dll+0x7bd4ee]
V  [jvm.dll+0x41182a]
V  [jvm.dll+0x4179a9]
C  [java.dll+0x17ec]

Java frames: (J=compiled Java code, j=interpreted, Vv=VM code)
J 742  java.lang.ClassLoader.defineClass1(Ljava/lang/ClassLoader;Ljava/lang/String;[BIILjava/security/ProtectionDomain;Ljava/lang/String;)Ljava/lang/Class; java.base@17.0.6 (0 bytes) @ 0x000002b54fd5c463 [0x000002b54fd5c3a0+0x00000000000000c3]
J 851 c1 java.lang.ClassLoader.defineClass(Ljava/lang/String;[BIILjava/security/ProtectionDomain;)Ljava/lang/Class; java.base@17.0.6 (43 bytes) @ 0x000002b5483e23dc [0x000002b5483e2080+0x000000000000035c]
J 796 c1 java.security.SecureClassLoader.defineClass(Ljava/lang/String;[BIILjava/security/CodeSource;)Ljava/lang/Class; java.base@17.0.6 (16 bytes) @ 0x000002b5483c0c0c [0x000002b5483c0b40+0x00000000000000cc]
J 753 c1 java.net.URLClassLoader.defineClass(Ljava/lang/String;Ljdk/internal/loader/Resource;)Ljava/lang/Class; java.base@17.0.6 (224 bytes) @ 0x000002b5483a849c [0x000002b5483a69c0+0x0000000000001adc]
J 692 c1 java.net.URLClassLoader$1.run()Ljava/lang/Class; java.base@17.0.6 (81 bytes) @ 0x000002b54838132c [0x000002b5483806a0+0x0000000000000c8c]
J 737 c1 java.net.URLClassLoader$1.run()Ljava/lang/Object; java.base@17.0.6 (5 bytes) @ 0x000002b54839c2c4 [0x000002b54839c240+0x0000000000000084]
J 576 c1 java.security.AccessController.doPrivileged(Ljava/security/PrivilegedExceptionAction;Ljava/security/AccessControlContext;)Ljava/lang/Object; java.base@17.0.6 (26 bytes) @ 0x000002b54833aafc [0x000002b54833a920+0x00000000000001dc]
J 690 c1 java.net.URLClassLoader.findClass(Ljava/lang/String;)Ljava/lang/Class; java.base@17.0.6 (47 bytes) @ 0x000002b54837f7a4 [0x000002b54837f600+0x00000000000001a4]
J 588 c1 java.lang.ClassLoader.loadClass(Ljava/lang/String;Z)Ljava/lang/Class; java.base@17.0.6 (121 bytes) @ 0x000002b5483427f4 [0x000002b548342240+0x00000000000005b4]
J 579 c1 java.lang.ClassLoader.loadClass(Ljava/lang/String;)Ljava/lang/Class; java.base@17.0.6 (7 bytes) @ 0x000002b54833bc4c [0x000002b54833bb40+0x000000000000010c]
v  ~StubRoutines::call_stub
j  org.gradle.internal.service.scopes.BasicGlobalScopeServices.createFileCollectionFactory(Lorg/gradle/internal/file/PathToFileResolver;Lorg/gradle/internal/Factory;Lorg/gradle/api/internal/file/collections/DirectoryFileTreeFactory;Lorg/gradle/api/internal/provider/PropertyHost;Lorg/gradle/internal/nativeintegration/filesystem/FileSystem;)Lorg/gradle/api/internal/file/FileCollectionFactory;+5
v  ~StubRoutines::call_stub
j  jdk.internal.reflect.NativeMethodAccessorImpl.invoke0(Ljava/lang/reflect/Method;Ljava/lang/Object;[Ljava/lang/Object;)Ljava/lang/Object;+0 java.base@17.0.6
j  jdk.internal.reflect.NativeMethodAccessorImpl.invoke(Ljava/lang/Object;[Ljava/lang/Object;)Ljava/lang/Object;+133 java.base@17.0.6
j  jdk.internal.reflect.DelegatingMethodAccessorImpl.invoke(Ljava/lang/Object;[Ljava/lang/Object;)Ljava/lang/Object;+6 java.base@17.0.6
j  java.lang.reflect.Method.invoke(Ljava/lang/Object;[Ljava/lang/Object;)Ljava/lang/Object;+59 java.base@17.0.6
j  org.gradle.internal.reflect.JavaMethod.invoke(Ljava/lang/Object;[Ljava/lang/Object;)Ljava/lang/Object;+6
j  org.gradle.internal.service.ReflectionBasedServiceMethod.invoke(Ljava/lang/Object;[Ljava/lang/Object;)Ljava/lang/Object;+6
j  org.gradle.internal.service.DefaultServiceRegistry$FactoryMethodService.invokeMethod([Ljava/lang/Object;)Ljava/lang/Object;+9
j  org.gradle.internal.service.DefaultServiceRegistry$FactoryService.createServiceInstance()Ljava/lang/Object;+7
j  org.gradle.internal.service.DefaultServiceRegistry$ManagedObjectServiceProvider.getInstance()Ljava/lang/Object;+24
j  org.gradle.internal.service.DefaultServiceRegistry$SingletonService.get()Ljava/lang/Object;+1
j  org.gradle.internal.service.DefaultServiceRegistry.find(Ljava/lang/reflect/Type;)Ljava/lang/Object;+22
j  org.gradle.internal.service.DefaultServiceRegistry.get(Ljava/lang/reflect/Type;)Ljava/lang/Object;+2
j  org.gradle.internal.service.DefaultServiceRegistry.get(Ljava/lang/Class;)Ljava/lang/Object;+3
j  org.gradle.launcher.cli.BuildActionsFactory.<init>(Lorg/gradle/internal/service/ServiceRegistry;)V+46
j  org.gradle.launcher.cli.DefaultCommandLineActionFactory.createBuildActionFactoryActionCreator(Lorg/gradle/internal/service/ServiceRegistry;Ljava/util/List;)V+6
j  org.gradle.launcher.cli.DefaultCommandLineActionFactory$ParseAndBuildAction.execute(Lorg/gradle/launcher/bootstrap/ExecutionListener;)V+12
j  org.gradle.launcher.cli.DefaultCommandLineActionFactory$ParseAndBuildAction.execute(Ljava/lang/Object;)V+5
j  org.gradle.launcher.cli.DebugLoggerWarningAction.execute(Lorg/gradle/launcher/bootstrap/ExecutionListener;)V+9
j  org.gradle.launcher.cli.DebugLoggerWarningAction.execute(Ljava/lang/Object;)V+5
j  org.gradle.launcher.cli.WelcomeMessageAction.execute(Lorg/gradle/launcher/bootstrap/ExecutionListener;)V+218
j  org.gradle.launcher.cli.WelcomeMessageAction.execute(Ljava/lang/Object;)V+5
j  org.gradle.launcher.cli.NativeServicesInitializingAction.execute(Lorg/gradle/launcher/bootstrap/ExecutionListener;)V+35
j  org.gradle.launcher.cli.NativeServicesInitializingAction.execute(Ljava/lang/Object;)V+5
j  org.gradle.launcher.cli.ExceptionReportingAction.execute(Lorg/gradle/launcher/bootstrap/ExecutionListener;)V+5
j  org.gradle.launcher.cli.ExceptionReportingAction.execute(Ljava/lang/Object;)V+5
j  org.gradle.launcher.cli.DefaultCommandLineActionFactory$WithLogging.execute(Lorg/gradle/launcher/bootstrap/ExecutionListener;)V+299
j  org.gradle.launcher.Main.doAction([Ljava/lang/String;Lorg/gradle/launcher/bootstrap/ExecutionListener;)V+14
j  org.gradle.launcher.bootstrap.EntryPoint.run([Ljava/lang/String;)V+12
v  ~StubRoutines::call_stub
j  jdk.internal.reflect.NativeMethodAccessorImpl.invoke0(Ljava/lang/reflect/Method;Ljava/lang/Object;[Ljava/lang/Object;)Ljava/lang/Object;+0 java.base@17.0.6
j  jdk.internal.reflect.NativeMethodAccessorImpl.invoke(Ljava/lang/Object;[Ljava/lang/Object;)Ljava/lang/Object;+133 java.base@17.0.6
j  jdk.internal.reflect.DelegatingMethodAccessorImpl.invoke(Ljava/lang/Object;[Ljava/lang/Object;)Ljava/lang/Object;+6 java.base@17.0.6
j  java.lang.reflect.Method.invoke(Ljava/lang/Object;[Ljava/lang/Object;)Ljava/lang/Object;+59 java.base@17.0.6
j  org.gradle.launcher.bootstrap.ProcessBootstrap.runNoExit(Ljava/lang/String;[Ljava/lang/String;)V+159
j  org.gradle.launcher.bootstrap.ProcessBootstrap.run(Ljava/lang/String;[Ljava/lang/String;)V+2
v  ~StubRoutines::call_stub
j  jdk.internal.reflect.NativeMethodAccessorImpl.invoke0(Ljava/lang/reflect/Method;Ljava/lang/Object;[Ljava/lang/Object;)Ljava/lang/Object;+0 java.base@17.0.6
j  jdk.internal.reflect.NativeMethodAccessorImpl.invoke(Ljava/lang/Object;[Ljava/lang/Object;)Ljava/lang/Object;+133 java.base@17.0.6
j  jdk.internal.reflect.DelegatingMethodAccessorImpl.invoke(Ljava/lang/Object;[Ljava/lang/Object;)Ljava/lang/Object;+6 java.base@17.0.6
j  java.lang.reflect.Method.invoke(Ljava/lang/Object;[Ljava/lang/Object;)Ljava/lang/Object;+59 java.base@17.0.6
j  org.gradle.launcher.GradleMain.main([Ljava/lang/String;)V+100
v  ~StubRoutines::call_stub
j  jdk.internal.reflect.NativeMethodAccessorImpl.invoke0(Ljava/lang/reflect/Method;Ljava/lang/Object;[Ljava/lang/Object;)Ljava/lang/Object;+0 java.base@17.0.6
j  jdk.internal.reflect.NativeMethodAccessorImpl.invoke(Ljava/lang/Object;[Ljava/lang/Object;)Ljava/lang/Object;+133 java.base@17.0.6
j  jdk.internal.reflect.DelegatingMethodAccessorImpl.invoke(Ljava/lang/Object;[Ljava/lang/Object;)Ljava/lang/Object;+6 java.base@17.0.6
j  java.lang.reflect.Method.invoke(Ljava/lang/Object;[Ljava/lang/Object;)Ljava/lang/Object;+59 java.base@17.0.6
j  org.gradle.wrapper.BootstrapMainStarter.start([Ljava/lang/String;Ljava/io/File;)V+82
j  org.gradle.wrapper.WrapperExecutor.execute([Ljava/lang/String;Lorg/gradle/wrapper/Install;Lorg/gradle/wrapper/BootstrapMainStarter;)V+14
j  org.gradle.wrapper.GradleWrapperMain.main([Ljava/lang/String;)V+190
v  ~StubRoutines::call_stub

---------------  P R O C E S S  ---------------

Threads class SMR info:
_java_thread_list=0x000002b565849cb0, length=14, elements={
0x000002b544d90790, 0x000002b563560da0, 0x000002b563562020, 0x000002b563bc3b80,
0x000002b563bc5540, 0x000002b563bb97d0, 0x000002b563bb9d90, 0x000002b563bbcb30,
0x000002b563bbe530, 0x000002b563bbef20, 0x000002b563d51890, 0x000002b563d55a30,
0x000002b564f74050, 0x000002b564924fb0
}

Java Threads: ( => current thread )
=>0x000002b544d90790 JavaThread "main" [_thread_in_vm, id=23064, stack(0x000000faeb200000,0x000000faeb300000)]
  0x000002b563560da0 JavaThread "Reference Handler" daemon [_thread_blocked, id=20196, stack(0x000000faeb900000,0x000000faeba00000)]
  0x000002b563562020 JavaThread "Finalizer" daemon [_thread_blocked, id=21840, stack(0x000000faeba00000,0x000000faebb00000)]
  0x000002b563bc3b80 JavaThread "Signal Dispatcher" daemon [_thread_blocked, id=24832, stack(0x000000faebb00000,0x000000faebc00000)]
  0x000002b563bc5540 JavaThread "Attach Listener" daemon [_thread_blocked, id=4800, stack(0x000000faebc00000,0x000000faebd00000)]
  0x000002b563bb97d0 JavaThread "Service Thread" daemon [_thread_blocked, id=14396, stack(0x000000faebd00000,0x000000faebe00000)]
  0x000002b563bb9d90 JavaThread "Monitor Deflation Thread" daemon [_thread_blocked, id=24140, stack(0x000000faebe00000,0x000000faebf00000)]
  0x000002b563bbcb30 JavaThread "C2 CompilerThread0" daemon [_thread_blocked, id=360, stack(0x000000faebf00000,0x000000faec000000)]
  0x000002b563bbe530 JavaThread "C1 CompilerThread0" daemon [_thread_blocked, id=1468, stack(0x000000faec000000,0x000000faec100000)]
  0x000002b563bbef20 JavaThread "Sweeper thread" daemon [_thread_blocked, id=12828, stack(0x000000faec100000,0x000000faec200000)]
  0x000002b563d51890 JavaThread "Notification Thread" daemon [_thread_blocked, id=22684, stack(0x000000faec200000,0x000000faec300000)]
  0x000002b563d55a30 JavaThread "Common-Cleaner" daemon [_thread_blocked, id=8280, stack(0x000000faec400000,0x000000faec500000)]
  0x000002b564f74050 JavaThread "C2 CompilerThread1" daemon [_thread_blocked, id=25444, stack(0x000000faec500000,0x000000faec600000)]
  0x000002b564924fb0 JavaThread "pool-1-thread-1" [_thread_blocked, id=12840, stack(0x000000faecb00000,0x000000faecc00000)]

Other Threads:
  0x000002b56357e9e0 VMThread "VM Thread" [stack: 0x000000faeb800000,0x000000faeb900000] [id=5440]
  0x000002b544e11be0 WatcherThread [stack: 0x000000faec300000,0x000000faec400000] [id=22744]
  0x000002b544dfa4d0 GCTaskThread "GC Thread#0" [stack: 0x000000faeb300000,0x000000faeb400000] [id=3212]
  0x000002b565939c10 GCTaskThread "GC Thread#1" [stack: 0x000000faec600000,0x000000faec700000] [id=20712]
  0x000002b564ce1630 GCTaskThread "GC Thread#2" [stack: 0x000000faec700000,0x000000faec800000] [id=22188]
  0x000002b565c851d0 GCTaskThread "GC Thread#3" [stack: 0x000000faec800000,0x000000faec900000] [id=14144]
  0x000002b565c85480 GCTaskThread "GC Thread#4" [stack: 0x000000faec900000,0x000000faeca00000] [id=24012]
  0x000002b565c85730 GCTaskThread "GC Thread#5" [stack: 0x000000faeca00000,0x000000faecb00000] [id=1268]
  0x000002b544e0b190 ConcurrentGCThread "G1 Main Marker" [stack: 0x000000faeb400000,0x000000faeb500000] [id=21336]
  0x000002b544e0c340 ConcurrentGCThread "G1 Conc#0" [stack: 0x000000faeb500000,0x000000faeb600000] [id=18744]
  0x000002b544e4ec90 ConcurrentGCThread "G1 Refine#0" [stack: 0x000000faeb600000,0x000000faeb700000] [id=4808]
  0x000002b56344afb0 ConcurrentGCThread "G1 Service" [stack: 0x000000faeb700000,0x000000faeb800000] [id=22124]

Threads with active compile tasks:

VM state: not at safepoint (normal execution)

VM Mutex/Monitor currently owned by a thread:  ([mutex/lock_event])
[0x000002b544d7c830] Metaspace_lock - owner thread: 0x000002b544d90790

Heap address: 0x0000000702800000, size: 4056 MB, Compressed Oops mode: Zero based, Oop shift amount: 3

CDS archive(s) not mapped
Compressed class space mapped at: 0x0000000800000000-0x0000000840000000, reserved size: 1073741824
Narrow klass base: 0x0000000800000000, Narrow klass shift: 0, Narrow klass range: 0x40000000

GC Precious Log:
 CPUs: 12 total, 12 available
 Memory: 16221M
 Large Page Support: Disabled
 NUMA Support: Disabled
 Compressed Oops: Enabled (Zero based)
 Heap Region Size: 2M
 Heap Min Capacity: 8M
 Heap Initial Capacity: 254M
 Heap Max Capacity: 4056M
 Pre-touch: Disabled
 Parallel Workers: 10
 Concurrent Workers: 3
 Concurrent Refinement Workers: 10
 Periodic GC: Disabled

Heap:
 garbage-first heap   total 260096K, used 14148K [0x0000000702800000, 0x0000000800000000)
  region size 2048K, 5 young (10240K), 2 survivors (4096K)
 Metaspace       used 12012K, committed 12160K, reserved 1064960K
  class space    used 1315K, committed 1344K, reserved 1048576K

Heap Regions: E=young(eden), S=young(survivor), O=old, HS=humongous(starts), HC=humongous(continues), CS=collection set, F=free, OA=open archive, CA=closed archive, TAMS=top-at-mark-start (previous, next)
|   0|0x0000000702800000, 0x0000000702800000, 0x0000000702a00000|  0%| F|  |TAMS 0x0000000702800000, 0x0000000702800000| Untracked 
|   1|0x0000000702a00000, 0x0000000702a00000, 0x0000000702c00000|  0%| F|  |TAMS 0x0000000702a00000, 0x0000000702a00000| Untracked 
|   2|0x0000000702c00000, 0x0000000702e00000, 0x0000000702e00000|100%|HS|  |TAMS 0x0000000702c00000, 0x0000000702c00000| Complete 
|   3|0x0000000702e00000, 0x0000000703000000, 0x0000000703000000|100%|HC|  |TAMS 0x0000000702e00000, 0x0000000702e00000| Complete 
|   4|0x0000000703000000, 0x00000007031d1000, 0x0000000703200000| 90%| O|  |TAMS 0x0000000703000000, 0x0000000703000000| Untracked 
|   5|0x0000000703200000, 0x0000000703200000, 0x0000000703400000|  0%| F|  |TAMS 0x0000000703200000, 0x0000000703200000| Untracked 
|   6|0x0000000703400000, 0x0000000703400000, 0x0000000703600000|  0%| F|  |TAMS 0x0000000703400000, 0x0000000703400000| Untracked 
|   7|0x0000000703600000, 0x0000000703600000, 0x0000000703800000|  0%| F|  |TAMS 0x0000000703600000, 0x0000000703600000| Untracked 
|   8|0x0000000703800000, 0x0000000703800000, 0x0000000703a00000|  0%| F|  |TAMS 0x0000000703800000, 0x0000000703800000| Untracked 
|   9|0x0000000703a00000, 0x0000000703a00000, 0x0000000703c00000|  0%| F|  |TAMS 0x0000000703a00000, 0x0000000703a00000| Untracked 
|  10|0x0000000703c00000, 0x0000000703c00000, 0x0000000703e00000|  0%| F|  |TAMS 0x0000000703c00000, 0x0000000703c00000| Untracked 
|  11|0x0000000703e00000, 0x0000000703e00000, 0x0000000704000000|  0%| F|  |TAMS 0x0000000703e00000, 0x0000000703e00000| Untracked 
|  12|0x0000000704000000, 0x0000000704000000, 0x0000000704200000|  0%| F|  |TAMS 0x0000000704000000, 0x0000000704000000| Untracked 
|  13|0x0000000704200000, 0x0000000704200000, 0x0000000704400000|  0%| F|  |TAMS 0x0000000704200000, 0x0000000704200000| Untracked 
|  14|0x0000000704400000, 0x0000000704400000, 0x0000000704600000|  0%| F|  |TAMS 0x0000000704400000, 0x0000000704400000| Untracked 
|  15|0x0000000704600000, 0x0000000704600000, 0x0000000704800000|  0%| F|  |TAMS 0x0000000704600000, 0x0000000704600000| Untracked 
|  16|0x0000000704800000, 0x0000000704800000, 0x0000000704a00000|  0%| F|  |TAMS 0x0000000704800000, 0x0000000704800000| Untracked 
|  17|0x0000000704a00000, 0x0000000704a00000, 0x0000000704c00000|  0%| F|  |TAMS 0x0000000704a00000, 0x0000000704a00000| Untracked 
|  18|0x0000000704c00000, 0x0000000704c00000, 0x0000000704e00000|  0%| F|  |TAMS 0x0000000704c00000, 0x0000000704c00000| Untracked 
|  19|0x0000000704e00000, 0x0000000704e00000, 0x0000000705000000|  0%| F|  |TAMS 0x0000000704e00000, 0x0000000704e00000| Untracked 
|  20|0x0000000705000000, 0x0000000705000000, 0x0000000705200000|  0%| F|  |TAMS 0x0000000705000000, 0x0000000705000000| Untracked 
|  21|0x0000000705200000, 0x0000000705200000, 0x0000000705400000|  0%| F|  |TAMS 0x0000000705200000, 0x0000000705200000| Untracked 
|  22|0x0000000705400000, 0x0000000705400000, 0x0000000705600000|  0%| F|  |TAMS 0x0000000705400000, 0x0000000705400000| Untracked 
|  23|0x0000000705600000, 0x0000000705600000, 0x0000000705800000|  0%| F|  |TAMS 0x0000000705600000, 0x0000000705600000| Untracked 
|  24|0x0000000705800000, 0x0000000705800000, 0x0000000705a00000|  0%| F|  |TAMS 0x0000000705800000, 0x0000000705800000| Untracked 
|  25|0x0000000705a00000, 0x0000000705a00000, 0x0000000705c00000|  0%| F|  |TAMS 0x0000000705a00000, 0x0000000705a00000| Untracked 
|  26|0x0000000705c00000, 0x0000000705c00000, 0x0000000705e00000|  0%| F|  |TAMS 0x0000000705c00000, 0x0000000705c00000| Untracked 
|  27|0x0000000705e00000, 0x0000000705e00000, 0x0000000706000000|  0%| F|  |TAMS 0x0000000705e00000, 0x0000000705e00000| Untracked 
|  28|0x0000000706000000, 0x0000000706000000, 0x0000000706200000|  0%| F|  |TAMS 0x0000000706000000, 0x0000000706000000| Untracked 
|  29|0x0000000706200000, 0x0000000706200000, 0x0000000706400000|  0%| F|  |TAMS 0x0000000706200000, 0x0000000706200000| Untracked 
|  30|0x0000000706400000, 0x0000000706400000, 0x0000000706600000|  0%| F|  |TAMS 0x0000000706400000, 0x0000000706400000| Untracked 
|  31|0x0000000706600000, 0x0000000706600000, 0x0000000706800000|  0%| F|  |TAMS 0x0000000706600000, 0x0000000706600000| Untracked 
|  32|0x0000000706800000, 0x0000000706800000, 0x0000000706a00000|  0%| F|  |TAMS 0x0000000706800000, 0x0000000706800000| Untracked 
|  33|0x0000000706a00000, 0x0000000706a00000, 0x0000000706c00000|  0%| F|  |TAMS 0x0000000706a00000, 0x0000000706a00000| Untracked 
|  34|0x0000000706c00000, 0x0000000706c00000, 0x0000000706e00000|  0%| F|  |TAMS 0x0000000706c00000, 0x0000000706c00000| Untracked 
|  35|0x0000000706e00000, 0x0000000706e00000, 0x0000000707000000|  0%| F|  |TAMS 0x0000000706e00000, 0x0000000706e00000| Untracked 
|  36|0x0000000707000000, 0x0000000707000000, 0x0000000707200000|  0%| F|  |TAMS 0x0000000707000000, 0x0000000707000000| Untracked 
|  37|0x0000000707200000, 0x0000000707200000, 0x0000000707400000|  0%| F|  |TAMS 0x0000000707200000, 0x0000000707200000| Untracked 
|  38|0x0000000707400000, 0x0000000707400000, 0x0000000707600000|  0%| F|  |TAMS 0x0000000707400000, 0x0000000707400000| Untracked 
|  39|0x0000000707600000, 0x0000000707600000, 0x0000000707800000|  0%| F|  |TAMS 0x0000000707600000, 0x0000000707600000| Untracked 
|  40|0x0000000707800000, 0x0000000707800000, 0x0000000707a00000|  0%| F|  |TAMS 0x0000000707800000, 0x0000000707800000| Untracked 
|  41|0x0000000707a00000, 0x0000000707a00000, 0x0000000707c00000|  0%| F|  |TAMS 0x0000000707a00000, 0x0000000707a00000| Untracked 
|  42|0x0000000707c00000, 0x0000000707c00000, 0x0000000707e00000|  0%| F|  |TAMS 0x0000000707c00000, 0x0000000707c00000| Untracked 
|  43|0x0000000707e00000, 0x0000000707e00000, 0x0000000708000000|  0%| F|  |TAMS 0x0000000707e00000, 0x0000000707e00000| Untracked 
|  44|0x0000000708000000, 0x0000000708000000, 0x0000000708200000|  0%| F|  |TAMS 0x0000000708000000, 0x0000000708000000| Untracked 
|  45|0x0000000708200000, 0x0000000708200000, 0x0000000708400000|  0%| F|  |TAMS 0x0000000708200000, 0x0000000708200000| Untracked 
|  46|0x0000000708400000, 0x0000000708400000, 0x0000000708600000|  0%| F|  |TAMS 0x0000000708400000, 0x0000000708400000| Untracked 
|  47|0x0000000708600000, 0x0000000708600000, 0x0000000708800000|  0%| F|  |TAMS 0x0000000708600000, 0x0000000708600000| Untracked 
|  48|0x0000000708800000, 0x0000000708800000, 0x0000000708a00000|  0%| F|  |TAMS 0x0000000708800000, 0x0000000708800000| Untracked 
|  49|0x0000000708a00000, 0x0000000708a00000, 0x0000000708c00000|  0%| F|  |TAMS 0x0000000708a00000, 0x0000000708a00000| Untracked 
|  50|0x0000000708c00000, 0x0000000708c00000, 0x0000000708e00000|  0%| F|  |TAMS 0x0000000708c00000, 0x0000000708c00000| Untracked 
|  51|0x0000000708e00000, 0x0000000708e00000, 0x0000000709000000|  0%| F|  |TAMS 0x0000000708e00000, 0x0000000708e00000| Untracked 
|  52|0x0000000709000000, 0x0000000709000000, 0x0000000709200000|  0%| F|  |TAMS 0x0000000709000000, 0x0000000709000000| Untracked 
|  53|0x0000000709200000, 0x0000000709200000, 0x0000000709400000|  0%| F|  |TAMS 0x0000000709200000, 0x0000000709200000| Untracked 
|  54|0x0000000709400000, 0x0000000709400000, 0x0000000709600000|  0%| F|  |TAMS 0x0000000709400000, 0x0000000709400000| Untracked 
|  55|0x0000000709600000, 0x0000000709600000, 0x0000000709800000|  0%| F|  |TAMS 0x0000000709600000, 0x0000000709600000| Untracked 
|  56|0x0000000709800000, 0x0000000709800000, 0x0000000709a00000|  0%| F|  |TAMS 0x0000000709800000, 0x0000000709800000| Untracked 
|  57|0x0000000709a00000, 0x0000000709a00000, 0x0000000709c00000|  0%| F|  |TAMS 0x0000000709a00000, 0x0000000709a00000| Untracked 
|  58|0x0000000709c00000, 0x0000000709c00000, 0x0000000709e00000|  0%| F|  |TAMS 0x0000000709c00000, 0x0000000709c00000| Untracked 
|  59|0x0000000709e00000, 0x0000000709e00000, 0x000000070a000000|  0%| F|  |TAMS 0x0000000709e00000, 0x0000000709e00000| Untracked 
|  60|0x000000070a000000, 0x000000070a000000, 0x000000070a200000|  0%| F|  |TAMS 0x000000070a000000, 0x000000070a000000| Untracked 
|  61|0x000000070a200000, 0x000000070a200000, 0x000000070a400000|  0%| F|  |TAMS 0x000000070a200000, 0x000000070a200000| Untracked 
|  62|0x000000070a400000, 0x000000070a400000, 0x000000070a600000|  0%| F|  |TAMS 0x000000070a400000, 0x000000070a400000| Untracked 
|  63|0x000000070a600000, 0x000000070a600000, 0x000000070a800000|  0%| F|  |TAMS 0x000000070a600000, 0x000000070a600000| Untracked 
|  64|0x000000070a800000, 0x000000070a800000, 0x000000070aa00000|  0%| F|  |TAMS 0x000000070a800000, 0x000000070a800000| Untracked 
|  65|0x000000070aa00000, 0x000000070aa00000, 0x000000070ac00000|  0%| F|  |TAMS 0x000000070aa00000, 0x000000070aa00000| Untracked 
|  66|0x000000070ac00000, 0x000000070ac00000, 0x000000070ae00000|  0%| F|  |TAMS 0x000000070ac00000, 0x000000070ac00000| Untracked 
|  67|0x000000070ae00000, 0x000000070ae00000, 0x000000070b000000|  0%| F|  |TAMS 0x000000070ae00000, 0x000000070ae00000| Untracked 
|  68|0x000000070b000000, 0x000000070b000000, 0x000000070b200000|  0%| F|  |TAMS 0x000000070b000000, 0x000000070b000000| Untracked 
|  69|0x000000070b200000, 0x000000070b200000, 0x000000070b400000|  0%| F|  |TAMS 0x000000070b200000, 0x000000070b200000| Untracked 
|  70|0x000000070b400000, 0x000000070b400000, 0x000000070b600000|  0%| F|  |TAMS 0x000000070b400000, 0x000000070b400000| Untracked 
|  71|0x000000070b600000, 0x000000070b600000, 0x000000070b800000|  0%| F|  |TAMS 0x000000070b600000, 0x000000070b600000| Untracked 
|  72|0x000000070b800000, 0x000000070b800000, 0x000000070ba00000|  0%| F|  |TAMS 0x000000070b800000, 0x000000070b800000| Untracked 
|  73|0x000000070ba00000, 0x000000070ba00000, 0x000000070bc00000|  0%| F|  |TAMS 0x000000070ba00000, 0x000000070ba00000| Untracked 
|  74|0x000000070bc00000, 0x000000070bc00000, 0x000000070be00000|  0%| F|  |TAMS 0x000000070bc00000, 0x000000070bc00000| Untracked 
|  75|0x000000070be00000, 0x000000070be00000, 0x000000070c000000|  0%| F|  |TAMS 0x000000070be00000, 0x000000070be00000| Untracked 
|  76|0x000000070c000000, 0x000000070c000000, 0x000000070c200000|  0%| F|  |TAMS 0x000000070c000000, 0x000000070c000000| Untracked 
|  77|0x000000070c200000, 0x000000070c200000, 0x000000070c400000|  0%| F|  |TAMS 0x000000070c200000, 0x000000070c200000| Untracked 
|  78|0x000000070c400000, 0x000000070c400000, 0x000000070c600000|  0%| F|  |TAMS 0x000000070c400000, 0x000000070c400000| Untracked 
|  79|0x000000070c600000, 0x000000070c600000, 0x000000070c800000|  0%| F|  |TAMS 0x000000070c600000, 0x000000070c600000| Untracked 
|  80|0x000000070c800000, 0x000000070c800000, 0x000000070ca00000|  0%| F|  |TAMS 0x000000070c800000, 0x000000070c800000| Untracked 
|  81|0x000000070ca00000, 0x000000070ca00000, 0x000000070cc00000|  0%| F|  |TAMS 0x000000070ca00000, 0x000000070ca00000| Untracked 
|  82|0x000000070cc00000, 0x000000070cc00000, 0x000000070ce00000|  0%| F|  |TAMS 0x000000070cc00000, 0x000000070cc00000| Untracked 
|  83|0x000000070ce00000, 0x000000070ce00000, 0x000000070d000000|  0%| F|  |TAMS 0x000000070ce00000, 0x000000070ce00000| Untracked 
|  84|0x000000070d000000, 0x000000070d000000, 0x000000070d200000|  0%| F|  |TAMS 0x000000070d000000, 0x000000070d000000| Untracked 
|  85|0x000000070d200000, 0x000000070d200000, 0x000000070d400000|  0%| F|  |TAMS 0x000000070d200000, 0x000000070d200000| Untracked 
|  86|0x000000070d400000, 0x000000070d400000, 0x000000070d600000|  0%| F|  |TAMS 0x000000070d400000, 0x000000070d400000| Untracked 
|  87|0x000000070d600000, 0x000000070d600000, 0x000000070d800000|  0%| F|  |TAMS 0x000000070d600000, 0x000000070d600000| Untracked 
|  88|0x000000070d800000, 0x000000070d800000, 0x000000070da00000|  0%| F|  |TAMS 0x000000070d800000, 0x000000070d800000| Untracked 
|  89|0x000000070da00000, 0x000000070da00000, 0x000000070dc00000|  0%| F|  |TAMS 0x000000070da00000, 0x000000070da00000| Untracked 
|  90|0x000000070dc00000, 0x000000070dc00000, 0x000000070de00000|  0%| F|  |TAMS 0x000000070dc00000, 0x000000070dc00000| Untracked 
|  91|0x000000070de00000, 0x000000070de00000, 0x000000070e000000|  0%| F|  |TAMS 0x000000070de00000, 0x000000070de00000| Untracked 
|  92|0x000000070e000000, 0x000000070e000000, 0x000000070e200000|  0%| F|  |TAMS 0x000000070e000000, 0x000000070e000000| Untracked 
|  93|0x000000070e200000, 0x000000070e200000, 0x000000070e400000|  0%| F|  |TAMS 0x000000070e200000, 0x000000070e200000| Untracked 
|  94|0x000000070e400000, 0x000000070e400000, 0x000000070e600000|  0%| F|  |TAMS 0x000000070e400000, 0x000000070e400000| Untracked 
|  95|0x000000070e600000, 0x000000070e600000, 0x000000070e800000|  0%| F|  |TAMS 0x000000070e600000, 0x000000070e600000| Untracked 
|  96|0x000000070e800000, 0x000000070e800000, 0x000000070ea00000|  0%| F|  |TAMS 0x000000070e800000, 0x000000070e800000| Untracked 
|  97|0x000000070ea00000, 0x000000070ea00000, 0x000000070ec00000|  0%| F|  |TAMS 0x000000070ea00000, 0x000000070ea00000| Untracked 
|  98|0x000000070ec00000, 0x000000070ec00000, 0x000000070ee00000|  0%| F|  |TAMS 0x000000070ec00000, 0x000000070ec00000| Untracked 
|  99|0x000000070ee00000, 0x000000070ee00000, 0x000000070f000000|  0%| F|  |TAMS 0x000000070ee00000, 0x000000070ee00000| Untracked 
| 100|0x000000070f000000, 0x000000070f000000, 0x000000070f200000|  0%| F|  |TAMS 0x000000070f000000, 0x000000070f000000| Untracked 
| 101|0x000000070f200000, 0x000000070f200000, 0x000000070f400000|  0%| F|  |TAMS 0x000000070f200000, 0x000000070f200000| Untracked 
| 102|0x000000070f400000, 0x000000070f400000, 0x000000070f600000|  0%| F|  |TAMS 0x000000070f400000, 0x000000070f400000| Untracked 
| 103|0x000000070f600000, 0x000000070f600000, 0x000000070f800000|  0%| F|  |TAMS 0x000000070f600000, 0x000000070f600000| Untracked 
| 104|0x000000070f800000, 0x000000070f800000, 0x000000070fa00000|  0%| F|  |TAMS 0x000000070f800000, 0x000000070f800000| Untracked 
| 105|0x000000070fa00000, 0x000000070fa00000, 0x000000070fc00000|  0%| F|  |TAMS 0x000000070fa00000, 0x000000070fa00000| Untracked 
| 106|0x000000070fc00000, 0x000000070fc00000, 0x000000070fe00000|  0%| F|  |TAMS 0x000000070fc00000, 0x000000070fc00000| Untracked 
| 107|0x000000070fe00000, 0x000000070fe00000, 0x0000000710000000|  0%| F|  |TAMS 0x000000070fe00000, 0x000000070fe00000| Untracked 
| 108|0x0000000710000000, 0x0000000710000000, 0x0000000710200000|  0%| F|  |TAMS 0x0000000710000000, 0x0000000710000000| Untracked 
| 109|0x0000000710200000, 0x0000000710200000, 0x0000000710400000|  0%| F|  |TAMS 0x0000000710200000, 0x0000000710200000| Untracked 
| 110|0x0000000710400000, 0x0000000710400000, 0x0000000710600000|  0%| F|  |TAMS 0x0000000710400000, 0x0000000710400000| Untracked 
| 111|0x0000000710600000, 0x0000000710600000, 0x0000000710800000|  0%| F|  |TAMS 0x0000000710600000, 0x0000000710600000| Untracked 
| 112|0x0000000710800000, 0x0000000710800000, 0x0000000710a00000|  0%| F|  |TAMS 0x0000000710800000, 0x0000000710800000| Untracked 
| 113|0x0000000710a00000, 0x0000000710a00000, 0x0000000710c00000|  0%| F|  |TAMS 0x0000000710a00000, 0x0000000710a00000| Untracked 
| 114|0x0000000710c00000, 0x0000000710e00000, 0x0000000710e00000|100%| S|CS|TAMS 0x0000000710c00000, 0x0000000710c00000| Complete 
| 115|0x0000000710e00000, 0x0000000711000000, 0x0000000711000000|100%| S|CS|TAMS 0x0000000710e00000, 0x0000000710e00000| Complete 
| 116|0x0000000711000000, 0x0000000711000000, 0x0000000711200000|  0%| F|  |TAMS 0x0000000711000000, 0x0000000711000000| Untracked 
| 117|0x0000000711200000, 0x0000000711200000, 0x0000000711400000|  0%| F|  |TAMS 0x0000000711200000, 0x0000000711200000| Untracked 
| 118|0x0000000711400000, 0x0000000711400000, 0x0000000711600000|  0%| F|  |TAMS 0x0000000711400000, 0x0000000711400000| Untracked 
| 119|0x0000000711600000, 0x0000000711600000, 0x0000000711800000|  0%| F|  |TAMS 0x0000000711600000, 0x0000000711600000| Untracked 
| 120|0x0000000711800000, 0x0000000711800000, 0x0000000711a00000|  0%| F|  |TAMS 0x0000000711800000, 0x0000000711800000| Untracked 
| 121|0x0000000711a00000, 0x0000000711a00000, 0x0000000711c00000|  0%| F|  |TAMS 0x0000000711a00000, 0x0000000711a00000| Untracked 
| 122|0x0000000711c00000, 0x0000000711c00000, 0x0000000711e00000|  0%| F|  |TAMS 0x0000000711c00000, 0x0000000711c00000| Untracked 
| 123|0x0000000711e00000, 0x0000000711e00000, 0x0000000712000000|  0%| F|  |TAMS 0x0000000711e00000, 0x0000000711e00000| Untracked 
| 124|0x0000000712000000, 0x000000071207bc80, 0x0000000712200000| 24%| E|  |TAMS 0x0000000712000000, 0x0000000712000000| Complete 
| 125|0x0000000712200000, 0x0000000712400000, 0x0000000712400000|100%| E|CS|TAMS 0x0000000712200000, 0x0000000712200000| Complete 
| 126|0x0000000712400000, 0x0000000712600000, 0x0000000712600000|100%| E|CS|TAMS 0x0000000712400000, 0x0000000712400000| Complete 

Card table byte_map: [0x000002b557f90000,0x000002b558780000] _byte_map_base: 0x000002b55477c000

Marking Bits (Prev, Next): (CMBitMap*) 0x000002b544dfaae0, (CMBitMap*) 0x000002b544dfab20
 Prev Bits: [0x000002b558f70000, 0x000002b55ced0000)
 Next Bits: [0x000002b55ced0000, 0x000002b560e30000)

Polling page: 0x000002b542d40000

Metaspace:

Usage:
  Non-class:     10.45 MB used.
      Class:      1.28 MB used.
       Both:     11.73 MB used.

Virtual space:
  Non-class space:       16.00 MB reserved,      10.56 MB ( 66%) committed,  2 nodes.
      Class space:        1.00 GB reserved,       1.31 MB ( <1%) committed,  1 nodes.
             Both:        1.02 GB reserved,      11.88 MB (  1%) committed. 

Chunk freelists:
   Non-Class:  688.00 KB
       Class:  2.48 MB
        Both:  3.16 MB

MaxMetaspaceSize: unlimited
CompressedClassSpaceSize: 1.00 GB
Initial GC threshold: 21.00 MB
Current GC threshold: 21.00 MB
CDS: off
MetaspaceReclaimPolicy: balanced
 - commit_granule_bytes: 65536.
 - commit_granule_words: 8192.
 - virtual_space_node_default_size: 1048576.
 - enlarge_chunks_in_place: 1.
 - new_chunks_are_fully_committed: 0.
 - uncommit_free_chunks: 1.
 - use_allocation_guard: 0.
 - handle_deallocations: 1.


Internal statistics:

num_allocs_failed_limit: 0.
num_arena_births: 58.
num_arena_deaths: 0.
num_vsnodes_births: 3.
num_vsnodes_deaths: 0.
num_space_committed: 190.
num_space_uncommitted: 0.
num_chunks_returned_to_freelist: 0.
num_chunks_taken_from_freelist: 192.
num_chunk_merges: 0.
num_chunk_splits: 122.
num_chunks_enlarged: 96.
num_purges: 0.
num_inconsistent_stats: 0.

CodeHeap 'non-profiled nmethods': size=120000Kb used=366Kb max_used=366Kb free=119633Kb
 bounds [0x000002b54fd20000, 0x000002b54ff90000, 0x000002b557250000]
CodeHeap 'profiled nmethods': size=120000Kb used=1681Kb max_used=1681Kb free=118318Kb
 bounds [0x000002b548250000, 0x000002b5484c0000, 0x000002b54f780000]
CodeHeap 'non-nmethods': size=5760Kb used=1130Kb max_used=1163Kb free=4629Kb
 bounds [0x000002b54f780000, 0x000002b54f9f0000, 0x000002b54fd20000]
 total_blobs=1321 nmethods=906 adapters=328
 compilation: enabled
              stopped_count=0, restarted_count=0
 full_count=0

Compilation events (20 events):
Event: 0.717 Thread 0x000002b563bbe530 nmethod 893 0x000002b5483edd90 code [0x000002b5483edf40, 0x000002b5483ee178]
Event: 0.717 Thread 0x000002b563bbe530  892       3       java.lang.invoke.MemberName::getInvocationType (56 bytes)
Event: 0.718 Thread 0x000002b563bbe530 nmethod 892 0x000002b5483ee290 code [0x000002b5483ee4c0, 0x000002b5483eee08]
Event: 0.718 Thread 0x000002b563bbe530  899       3       java.lang.invoke.LambdaForm$Name::useCount (51 bytes)
Event: 0.718 Thread 0x000002b563bbe530 nmethod 899 0x000002b5483ef090 code [0x000002b5483ef240, 0x000002b5483ef4b8]
Event: 0.718 Thread 0x000002b563bbe530  898       3       jdk.internal.org.objectweb.asm.Frame::getAbstractTypeFromDescriptor (415 bytes)
Event: 0.719 Thread 0x000002b563bbcb30 nmethod 879 0x000002b54fd78310 code [0x000002b54fd784c0, 0x000002b54fd78878]
Event: 0.719 Thread 0x000002b563bbe530 nmethod 898 0x000002b5483ef590 code [0x000002b5483ef940, 0x000002b5483f14b8]
Event: 0.719 Thread 0x000002b563bbe530  896       3       java.lang.invoke.MethodHandles$Lookup::lookupClassOrNull (17 bytes)
Event: 0.719 Thread 0x000002b563bbe530 nmethod 896 0x000002b5483f1d90 code [0x000002b5483f1f20, 0x000002b5483f20b8]
Event: 0.719 Thread 0x000002b563bbe530  894       1       jdk.internal.org.objectweb.asm.MethodWriter::hasAsmInstructions (5 bytes)
Event: 0.719 Thread 0x000002b563bbe530 nmethod 894 0x000002b54fd78b90 code [0x000002b54fd78d20, 0x000002b54fd78df8]
Event: 0.720 Thread 0x000002b563bbe530  902       1       java.lang.reflect.Method::getDeclaringClass (5 bytes)
Event: 0.720 Thread 0x000002b563bbe530 nmethod 902 0x000002b54fd78e90 code [0x000002b54fd79020, 0x000002b54fd790f8]
Event: 0.721 Thread 0x000002b563bbe530  903       3       sun.invoke.util.VerifyAccess::isSamePackage (37 bytes)
Event: 0.722 Thread 0x000002b563bbe530 nmethod 903 0x000002b5483f2190 code [0x000002b5483f24a0, 0x000002b5483f3938]
Event: 0.722 Thread 0x000002b563bbe530  904       3       java.lang.ref.Reference::<init> (7 bytes)
Event: 0.722 Thread 0x000002b563bbe530 nmethod 904 0x000002b5483f3f10 code [0x000002b5483f40c0, 0x000002b5483f4378]
Event: 0.722 Thread 0x000002b564f74050  905   !   4       java.util.concurrent.ConcurrentHashMap::putVal (432 bytes)
Event: 0.726 Thread 0x000002b563bbcb30  906 %     4       java.lang.StringLatin1::indexOf @ 30 (121 bytes)

GC Heap History (2 events):
Event: 0.664 GC heap before
{Heap before GC invocations=0 (full 0):
 garbage-first heap   total 260096K, used 30720K [0x0000000702800000, 0x0000000800000000)
  region size 2048K, 11 young (22528K), 0 survivors (0K)
 Metaspace       used 10884K, committed 11072K, reserved 1064960K
  class space    used 1122K, committed 1216K, reserved 1048576K
}
Event: 0.667 GC heap after
{Heap after GC invocations=1 (full 0):
 garbage-first heap   total 260096K, used 10052K [0x0000000702800000, 0x0000000800000000)
  region size 2048K, 2 young (4096K), 2 survivors (4096K)
 Metaspace       used 10884K, committed 11072K, reserved 1064960K
  class space    used 1122K, committed 1216K, reserved 1048576K
}

Dll operation events (2 events):
Event: 0.007 Loaded shared library C:\Program Files\Android\Android Studio\jbr\bin\java.dll
Event: 0.097 Loaded shared library C:\Program Files\Android\Android Studio\jbr\bin\verify.dll

Deoptimization events (20 events):
Event: 0.639 Thread 0x000002b544d90790 Uncommon trap: trap_request=0xffffffde fr.pc=0x000002b54fd3ccc0 relative=0x00000000000003e0
Event: 0.639 Thread 0x000002b544d90790 Uncommon trap: reason=class_check action=maybe_recompile pc=0x000002b54fd3ccc0 method=java.util.regex.Matcher.match(II)Z @ 121 c2
Event: 0.639 Thread 0x000002b544d90790 DEOPT PACKING pc=0x000002b54fd3ccc0 sp=0x000000faeb2fce40
Event: 0.639 Thread 0x000002b544d90790 DEOPT UNPACKING pc=0x000002b54f7d69a3 sp=0x000000faeb2fcde8 mode 2
Event: 0.639 Thread 0x000002b544d90790 Uncommon trap: trap_request=0xffffffde fr.pc=0x000002b54fd3ccc0 relative=0x00000000000003e0
Event: 0.639 Thread 0x000002b544d90790 Uncommon trap: reason=class_check action=maybe_recompile pc=0x000002b54fd3ccc0 method=java.util.regex.Matcher.match(II)Z @ 121 c2
Event: 0.639 Thread 0x000002b544d90790 DEOPT PACKING pc=0x000002b54fd3ccc0 sp=0x000000faeb2fce40
Event: 0.639 Thread 0x000002b544d90790 DEOPT UNPACKING pc=0x000002b54f7d69a3 sp=0x000000faeb2fcde8 mode 2
Event: 0.639 Thread 0x000002b544d90790 Uncommon trap: trap_request=0xffffffde fr.pc=0x000002b54fd3ccc0 relative=0x00000000000003e0
Event: 0.639 Thread 0x000002b544d90790 Uncommon trap: reason=class_check action=maybe_recompile pc=0x000002b54fd3ccc0 method=java.util.regex.Matcher.match(II)Z @ 121 c2
Event: 0.639 Thread 0x000002b544d90790 DEOPT PACKING pc=0x000002b54fd3ccc0 sp=0x000000faeb2fccc0
Event: 0.639 Thread 0x000002b544d90790 DEOPT UNPACKING pc=0x000002b54f7d69a3 sp=0x000000faeb2fcc68 mode 2
Event: 0.639 Thread 0x000002b544d90790 Uncommon trap: trap_request=0xffffffde fr.pc=0x000002b54fd3ccc0 relative=0x00000000000003e0
Event: 0.639 Thread 0x000002b544d90790 Uncommon trap: reason=class_check action=maybe_recompile pc=0x000002b54fd3ccc0 method=java.util.regex.Matcher.match(II)Z @ 121 c2
Event: 0.639 Thread 0x000002b544d90790 DEOPT PACKING pc=0x000002b54fd3ccc0 sp=0x000000faeb2fccc0
Event: 0.639 Thread 0x000002b544d90790 DEOPT UNPACKING pc=0x000002b54f7d69a3 sp=0x000000faeb2fcc68 mode 2
Event: 0.688 Thread 0x000002b544d90790 DEOPT PACKING pc=0x000002b548339a0b sp=0x000000faeb2fc030
Event: 0.688 Thread 0x000002b544d90790 DEOPT UNPACKING pc=0x000002b54f7d7143 sp=0x000000faeb2fb490 mode 0
Event: 0.713 Thread 0x000002b544d90790 DEOPT PACKING pc=0x000002b5482a1756 sp=0x000000faeb2f7400
Event: 0.713 Thread 0x000002b544d90790 DEOPT UNPACKING pc=0x000002b54f7d7143 sp=0x000000faeb2f6888 mode 0

Classes unloaded (0 events):
No events

Classes redefined (0 events):
No events

Internal exceptions (9 events):
Event: 0.199 Thread 0x000002b544d90790 Exception <a 'java/lang/NoSuchMethodError'{0x000000071237f880}: 'int java.lang.invoke.DirectMethodHandle$Holder.invokeStaticInit(java.lang.Object, java.lang.Object)'> (0x000000071237f880) 
thrown [s\src\hotspot\share\interpreter\linkResolver.cpp, line 771]
Event: 0.641 Thread 0x000002b544d90790 Exception <a 'java/lang/NoSuchMethodError'{0x00000007110fef28}: 'void java.lang.invoke.DirectMethodHandle$Holder.invokeStatic(java.lang.Object, java.lang.Object)'> (0x00000007110fef28) 
thrown [s\src\hotspot\share\interpreter\linkResolver.cpp, line 771]
Event: 0.657 Thread 0x000002b544d90790 Exception <a 'java/lang/NoClassDefFoundError'{0x0000000711185458}: org/slf4j/impl/StaticMarkerBinder> (0x0000000711185458) 
thrown [s\src\hotspot\share\classfile\systemDictionary.cpp, line 245]
Event: 0.669 Thread 0x000002b544d90790 Exception <a 'java/lang/NoSuchMethodError'{0x0000000712421cb0}: 'java.lang.Object java.lang.invoke.DirectMethodHandle$Holder.invokeVirtual(java.lang.Object, java.lang.Object, java.lang.Object, java.lang.Object, java.lang.Object, java.lang.Object, java.lang.Object)'> (0x0000000712421cb0) 
thrown [s\src\hotspot\share\interpreter\linkResolver.cpp, line 771]
Event: 0.671 Thread 0x000002b544d90790 Exception <a 'java/lang/NoSuchMethodError'{0x0000000712433270}: 'java.lang.Object java.lang.invoke.Invokers$Holder.invoker(java.lang.Object, java.lang.Object, java.lang.Object)'> (0x0000000712433270) 
thrown [s\src\hotspot\share\interpreter\linkResolver.cpp, line 771]
Event: 0.672 Thread 0x000002b544d90790 Exception <a 'java/lang/NoSuchMethodError'{0x000000071243c420}: 'java.lang.Object java.lang.invoke.DirectMethodHandle$Holder.invokeStatic(java.lang.Object, java.lang.Object, int)'> (0x000000071243c420) 
thrown [s\src\hotspot\share\interpreter\linkResolver.cpp, line 771]
Event: 0.673 Thread 0x000002b544d90790 Exception <a 'java/lang/NoSuchMethodError'{0x0000000712448110}: 'void java.lang.invoke.DelegatingMethodHandle$Holder.delegate(java.lang.Object, java.lang.Object, int, java.lang.Object)'> (0x0000000712448110) 
thrown [s\src\hotspot\share\interpreter\linkResolver.cpp, line 771]
Event: 0.673 Thread 0x000002b544d90790 Exception <a 'java/lang/NoSuchMethodError'{0x000000071244c2d8}: 'int java.lang.invoke.DirectMethodHandle$Holder.invokeSpecial(java.lang.Object, java.lang.Object, java.lang.Object)'> (0x000000071244c2d8) 
thrown [s\src\hotspot\share\interpreter\linkResolver.cpp, line 771]
Event: 0.675 Thread 0x000002b544d90790 Exception <a 'java/lang/NoSuchMethodError'{0x000000071245f490}: 'java.lang.Object java.lang.invoke.Invokers$Holder.invokeExact_MT(java.lang.Object, java.lang.Object, java.lang.Object, java.lang.Object)'> (0x000000071245f490) 
thrown [s\src\hotspot\share\interpreter\linkResolver.cpp, line 771]

VM Operations (6 events):
Event: 0.091 Executing VM operation: HandshakeAllThreads
Event: 0.091 Executing VM operation: HandshakeAllThreads done
Event: 0.664 Executing VM operation: G1CollectForAllocation
Event: 0.667 Executing VM operation: G1CollectForAllocation done
Event: 0.672 Executing VM operation: HandshakeAllThreads
Event: 0.672 Executing VM operation: HandshakeAllThreads done

Events (20 events):
Event: 0.700 loading class java/util/concurrent/locks/AbstractQueuedSynchronizer$Node done
Event: 0.700 loading class java/util/concurrent/locks/AbstractQueuedSynchronizer$ConditionNode done
Event: 0.707 loading class sun/reflect/generics/scope/MethodScope
Event: 0.707 loading class sun/reflect/generics/scope/MethodScope done
Event: 0.707 loading class sun/reflect/generics/repository/MethodRepository
Event: 0.707 loading class sun/reflect/generics/repository/ConstructorRepository
Event: 0.707 loading class sun/reflect/generics/repository/ConstructorRepository done
Event: 0.707 loading class sun/reflect/generics/repository/MethodRepository done
Event: 0.707 loading class sun/reflect/generics/tree/MethodTypeSignature
Event: 0.707 loading class sun/reflect/generics/tree/MethodTypeSignature done
Event: 0.716 loading class java/lang/invoke/BoundMethodHandle$Species_LLLL
Event: 0.716 loading class java/lang/invoke/BoundMethodHandle$Species_LLLL done
Event: 0.716 loading class java/lang/invoke/BoundMethodHandle$Species_LLLLL
Event: 0.717 loading class java/lang/invoke/BoundMethodHandle$Species_LLLLL done
Event: 0.717 loading class java/lang/invoke/BoundMethodHandle$Species_LLLLLL
Event: 0.717 loading class java/lang/invoke/BoundMethodHandle$Species_LLLLLL done
Event: 0.718 loading class java/lang/invoke/BoundMethodHandle$Species_LLLLLLL
Event: 0.718 loading class java/lang/invoke/BoundMethodHandle$Species_LLLLLLL done
Event: 0.720 loading class java/io/FileNotFoundException
Event: 0.720 loading class java/io/FileNotFoundException done


Dynamic libraries:
0x00007ff774b20000 - 0x00007ff774b2a000 	C:\Program Files\Android\Android Studio\jbr\bin\java.exe
0x00007ffa47e30000 - 0x00007ffa48047000 	C:\WINDOWS\SYSTEM32\ntdll.dll
0x00007ffa46d80000 - 0x00007ffa46e44000 	C:\WINDOWS\System32\KERNEL32.DLL
0x00007ffa45320000 - 0x00007ffa456c7000 	C:\WINDOWS\System32\KERNELBASE.dll
0x00007ffa459d0000 - 0x00007ffa45ae1000 	C:\WINDOWS\System32\ucrtbase.dll
0x00007ffa2e370000 - 0x00007ffa2e387000 	C:\Program Files\Android\Android Studio\jbr\bin\jli.dll
0x00007ffa07630000 - 0x00007ffa0764b000 	C:\Program Files\Android\Android Studio\jbr\bin\VCRUNTIME140.dll
0x00007ffa47940000 - 0x00007ffa47aee000 	C:\WINDOWS\System32\USER32.dll
0x00007ffa451b0000 - 0x00007ffa451d6000 	C:\WINDOWS\System32\win32u.dll
0x00007ffa47910000 - 0x00007ffa47939000 	C:\WINDOWS\System32\GDI32.dll
0x00007ffa456d0000 - 0x00007ffa457e9000 	C:\WINDOWS\System32\gdi32full.dll
0x00007ffa45af0000 - 0x00007ffa45b8a000 	C:\WINDOWS\System32\msvcp_win.dll
0x00007ffa30140000 - 0x00007ffa303d3000 	C:\WINDOWS\WinSxS\amd64_microsoft.windows.common-controls_6595b64144ccf1df_6.0.22621.2506_none_270c5ae97388e100\COMCTL32.dll
0x00007ffa46bb0000 - 0x00007ffa46c57000 	C:\WINDOWS\System32\msvcrt.dll
0x00007ffa477a0000 - 0x00007ffa477d1000 	C:\WINDOWS\System32\IMM32.DLL
0x00007ffa2e360000 - 0x00007ffa2e36c000 	C:\Program Files\Android\Android Studio\jbr\bin\vcruntime140_1.dll
0x00007ff9b54c0000 - 0x00007ff9b554d000 	C:\Program Files\Android\Android Studio\jbr\bin\msvcp140.dll
0x00007ff99fb30000 - 0x00007ff9a079e000 	C:\Program Files\Android\Android Studio\jbr\bin\server\jvm.dll
0x00007ffa46c60000 - 0x00007ffa46d10000 	C:\WINDOWS\System32\ADVAPI32.dll
0x00007ffa47860000 - 0x00007ffa47906000 	C:\WINDOWS\System32\sechost.dll
0x00007ffa47570000 - 0x00007ffa47687000 	C:\WINDOWS\System32\RPCRT4.dll
0x00007ffa3cdb0000 - 0x00007ffa3cde4000 	C:\WINDOWS\SYSTEM32\WINMM.dll
0x00007ffa3ec10000 - 0x00007ffa3ec1a000 	C:\WINDOWS\SYSTEM32\VERSION.dll
0x00007ffa25350000 - 0x00007ffa25359000 	C:\WINDOWS\SYSTEM32\WSOCK32.dll
0x00007ffa477e0000 - 0x00007ffa47851000 	C:\WINDOWS\System32\WS2_32.dll
0x00007ffa44240000 - 0x00007ffa44258000 	C:\WINDOWS\SYSTEM32\kernel.appcore.dll
0x00007ffa269a0000 - 0x00007ffa269aa000 	C:\Program Files\Android\Android Studio\jbr\bin\jimage.dll
0x00007ffa3dbb0000 - 0x00007ffa3dde3000 	C:\WINDOWS\SYSTEM32\DBGHELP.DLL
0x00007ffa45bf0000 - 0x00007ffa45f79000 	C:\WINDOWS\System32\combase.dll
0x00007ffa46a80000 - 0x00007ffa46b57000 	C:\WINDOWS\System32\OLEAUT32.dll
0x00007ffa3dab0000 - 0x00007ffa3dae2000 	C:\WINDOWS\SYSTEM32\dbgcore.DLL
0x00007ffa451e0000 - 0x00007ffa4525a000 	C:\WINDOWS\System32\bcryptPrimitives.dll
0x00007ffa07600000 - 0x00007ffa07625000 	C:\Program Files\Android\Android Studio\jbr\bin\java.dll
0x00007ffa075e0000 - 0x00007ffa075f8000 	C:\Program Files\Android\Android Studio\jbr\bin\zip.dll
0x00007ffa46220000 - 0x00007ffa46a79000 	C:\WINDOWS\System32\SHELL32.dll
0x00007ffa430e0000 - 0x00007ffa439d4000 	C:\WINDOWS\SYSTEM32\windows.storage.dll
0x00007ffa42fa0000 - 0x00007ffa430de000 	C:\WINDOWS\SYSTEM32\wintypes.dll
0x00007ffa472d0000 - 0x00007ffa473c3000 	C:\WINDOWS\System32\SHCORE.dll
0x00007ffa46d10000 - 0x00007ffa46d6e000 	C:\WINDOWS\System32\shlwapi.dll
0x00007ffa450e0000 - 0x00007ffa45106000 	C:\WINDOWS\SYSTEM32\profapi.dll
0x00007ffa075c0000 - 0x00007ffa075d9000 	C:\Program Files\Android\Android Studio\jbr\bin\net.dll
0x00007ffa3ffe0000 - 0x00007ffa40117000 	C:\WINDOWS\SYSTEM32\WINHTTP.dll
0x00007ffa44720000 - 0x00007ffa44789000 	C:\WINDOWS\system32\mswsock.dll
0x00007ffa06350000 - 0x00007ffa06366000 	C:\Program Files\Android\Android Studio\jbr\bin\nio.dll
0x00007ffa07730000 - 0x00007ffa07740000 	C:\Program Files\Android\Android Studio\jbr\bin\verify.dll
0x00007ffa04730000 - 0x00007ffa04757000 	C:\Users\Pattr\.gradle\native\e1d6ef7f7dcc3fd88c89a11ec53ec762bb8ba0a96d01ffa2cd45eb1d1d8dd5c5\windows-amd64\native-platform.dll

dbghelp: loaded successfully - version: 4.0.5 - missing functions: none
symbol engine: initialized successfully - sym options: 0x614 - pdb path: .;C:\Program Files\Android\Android Studio\jbr\bin;C:\WINDOWS\SYSTEM32;C:\WINDOWS\WinSxS\amd64_microsoft.windows.common-controls_6595b64144ccf1df_6.0.22621.2506_none_270c5ae97388e100;C:\Program Files\Android\Android Studio\jbr\bin\server;C:\Users\Pattr\.gradle\native\e1d6ef7f7dcc3fd88c89a11ec53ec762bb8ba0a96d01ffa2cd45eb1d1d8dd5c5\windows-amd64

VM Arguments:
jvm_args: -Dorg.gradle.appname=gradlew 
java_command: org.gradle.wrapper.GradleWrapperMain -q -Ptarget-platform=android-x86 -Ptarget=C:\Users\Pattr\OneDrive\Desktop\work\Hitachi\hitachi\lib\main.dart -Pbase-application-name=android.app.Application -Pdart-defines=Zmx1dHRlci5pbnNwZWN0b3Iuc3RydWN0dXJlZEVycm9ycz1mYWxzZQ==,RkxVVFRFUl9XRUJfQVVUT19ERVRFQ1Q9dHJ1ZQ==,RkxVVFRFUl9XRUJfQ0FOVkFTS0lUX1VSTD1odHRwczovL3d3dy5nc3RhdGljLmNvbS9mbHV0dGVyLWNhbnZhc2tpdC85MDY0NDU5YThiMGRjZDMyODc3MTA3ZjYwMDJjYzQyOWE3MTY1OWQxLw== -Pdart-obfuscation=false -Ptrack-widget-creation=true -Ptree-shake-icons=false -Pfilesystem-scheme=org-dartlang-root assembleDebug
java_class_path (initial): C:\Users\Pattr\OneDrive\Desktop\work\Hitachi\hitachi\android\\gradle\wrapper\gradle-wrapper.jar
Launcher Type: SUN_STANDARD

[Global flags]
     intx CICompilerCount                          = 4                                         {product} {ergonomic}
     uint ConcGCThreads                            = 3                                         {product} {ergonomic}
     uint G1ConcRefinementThreads                  = 10                                        {product} {ergonomic}
   size_t G1HeapRegionSize                         = 2097152                                   {product} {ergonomic}
    uintx GCDrainStackTargetSize                   = 64                                        {product} {ergonomic}
   size_t InitialHeapSize                          = 266338304                                 {product} {ergonomic}
   size_t MarkStackSize                            = 4194304                                   {product} {ergonomic}
   size_t MaxHeapSize                              = 4253024256                                {product} {ergonomic}
   size_t MaxNewSize                               = 2550136832                                {product} {ergonomic}
   size_t MinHeapDeltaBytes                        = 2097152                                   {product} {ergonomic}
   size_t MinHeapSize                              = 8388608                                   {product} {ergonomic}
    uintx NonNMethodCodeHeapSize                   = 5839372                                {pd product} {ergonomic}
    uintx NonProfiledCodeHeapSize                  = 122909434                              {pd product} {ergonomic}
    uintx ProfiledCodeHeapSize                     = 122909434                              {pd product} {ergonomic}
    uintx ReservedCodeCacheSize                    = 251658240                              {pd product} {ergonomic}
     bool SegmentedCodeCache                       = true                                      {product} {ergonomic}
   size_t SoftMaxHeapSize                          = 4253024256                             {manageable} {ergonomic}
     bool UseCompressedClassPointers               = true                           {product lp64_product} {ergonomic}
     bool UseCompressedOops                        = true                           {product lp64_product} {ergonomic}
     bool UseG1GC                                  = true                                      {product} {ergonomic}
     bool UseLargePagesIndividualAllocation        = false                                  {pd product} {ergonomic}

Logging:
Log output configuration:
 #0: stdout all=warning uptime,level,tags
 #1: stderr all=off uptime,level,tags

Environment Variables:
JAVA_HOME=C:\Program Files\Android\Android Studio\jbr
CLASSPATH=C:\Users\Pattr\OneDrive\Desktop\work\Hitachi\hitachi\android\\gradle\wrapper\gradle-wrapper.jar
PATH=C:\Program Files\Android\Android Studio\jbr\bin;C:\Program Files\Microsoft\jdk-11.0.16.101-hotspot\bin;C:\WINDOWS\system32;C:\WINDOWS;C:\WINDOWS\System32\Wbem;C:\WINDOWS\System32\WindowsPowerShell\v1.0\;C:\WINDOWS\System32\OpenSSH\;C:\Program Files\Git\cmd;C:\Program Files\Microsoft SQL Server\150\Tools\Binn\;C:\Program Files\Microsoft SQL Server\Client SDK\ODBC\170\Tools\Binn\;C:\Program Files\dotnet\;C:\Program Files\nodejs\;C:\Program Files (x86)\Microsoft SQL Server\160\DTS\Binn\;C:\Program Files\Azure Data Studio\bin;C:\Program Files (x86)\Windows Kits\10\Windows Performance Toolkit\;C:\Program Files (x86)\NVIDIA Corporation\PhysX\Common;C:\Program Files\Microsoft\jdk-11.0.16.101-hotspot\bin;C:\WINDOWS\system32;C:\WINDOWS;C:\WINDOWS\System32\Wbem;C:\WINDOWS\System32\WindowsPowerShell\v1.0\;C:\WINDOWS\System32\OpenSSH\;C:\Program Files\Git\cmd;C:\Program Files\Microsoft SQL Server\150\Tools\Binn\;C:\Program Files\Microsoft SQL Server\Client SDK\ODBC\170\Tools\Binn\;C:\Program Files\dotnet\;C:\Program Files\nodejs\;C:\Program Files (x86)\Microsoft SQL Server\160\DTS\Binn\;C:\Program Files\Azure Data Studio\bin;C:\Program Files (x86)\Windows Kits\10\Windows Performance Toolkit\;C:\Program Files (x86)\NVIDIA Corporation\PhysX\Common;C:\Users\Pattr\AppData\Local\Pub\Cache\bin;C:\Users\Pattr\AppData\Local\Programs\Microsoft VS Code\bin;C:\Users\Pattr\AppData\Local\GitHubDesktop\bin;C:\src\flutter\bin\mingit\cmd;C:\src\flutter\bin\mingit\cmd
USERNAME=Pattr
OS=Windows_NT
PROCESSOR_IDENTIFIER=Intel64 Family 6 Model 151 Stepping 5, GenuineIntel
TMP=C:\Users\Pattr\AppData\Local\Temp
TEMP=C:\Users\Pattr\AppData\Local\Temp


JNI global refs:
JNI global refs: 8, weak refs: 0

JNI global refs memory usage: 843, weak refs: 841


---------------  S Y S T E M  ---------------

OS:
 Windows 11 , 64 bit Build 22621 (10.0.22621.2506)
OS uptime: 0 days 5:08 hours

CPU: total 12 (initial active 12) (6 cores per cpu, 2 threads per core) family 6 model 151 stepping 5 microcode 0x26, cx8, cmov, fxsr, ht, mmx, 3dnowpref, sse, sse2, sse3, ssse3, sse4.1, sse4.2, popcnt, lzcnt, tsc, tscinvbit, avx, avx2, aes, erms, clmul, bmi1, bmi2, adx, sha, fma, vzeroupper, clflush, clflushopt, clwb

Memory: 4k page, system-wide physical 16221M (484M free)
TotalPageFile size 65373M (AvailPageFile size 9M)
current process WorkingSet (physical memory assigned to process): 88M, peak: 89M
current process commit charge ("private bytes"): 361M, peak: 361M

vm_info: OpenJDK 64-Bit Server VM (17.0.6+0-b2043.56-10027231) for windows-amd64 JRE (17.0.6+0-b2043.56-10027231), built on Apr 28 2023 00:43:19 by "androidbuild" with MS VC++ 16.10 / 16.11 (VS2019)

END.
