#
# There is insufficient memory for the Java Runtime Environment to continue.
# Native memory allocation (mmap) failed to map 65536 bytes for Failed to commit metaspace.
# Possible reasons:
#   The system is out of physical RAM or swap space
#   The process is running with CompressedOops enabled, and the Java Heap may be blocking the growth of the native heap
# Possible solutions:
#   Reduce memory load on the system
#   Increase physical memory or swap space
#   Check if swap backing store is full
#   Decrease Java heap size (-Xmx/-Xms)
#   Decrease number of Java threads
#   Decrease Java thread stack sizes (-Xss)
#   Set larger code cache with -XX:ReservedCodeCacheSize=
#   JVM is running with Zero Based Compressed Oops mode in which the Java heap is
#     placed in the first 32GB address space. The Java Heap base address is the
#     maximum limit for the native heap growth. Please use -XX:HeapBaseMinAddress
#     to set the Java Heap base and to place the Java Heap above 32GB virtual address.
# This output file may be truncated or incomplete.
#
#  Out of Memory Error (virtualSpaceNode.cpp:110), pid=23212, tid=5008
#
# JRE version: OpenJDK Runtime Environment (17.0.6) (build 17.0.6+0-b2043.56-10027231)
# Java VM: OpenJDK 64-Bit Server VM (17.0.6+0-b2043.56-10027231, mixed mode, tiered, compressed oops, compressed class ptrs, g1 gc, windows-amd64)
# No core dump will be written. Minidumps are not enabled by default on client versions of Windows
#

---------------  S U M M A R Y ------------

Command Line: -Dorg.gradle.appname=gradlew org.gradle.wrapper.GradleWrapperMain -q -Ptarget-platform=android-x86 -Ptarget=C:\Users\Pattr\OneDrive\Desktop\work\Hitachi\hitachi\lib\main.dart -Pbase-application-name=android.app.Application -Pdart-defines=Zmx1dHRlci5pbnNwZWN0b3Iuc3RydWN0dXJlZEVycm9ycz1mYWxzZQ==,RkxVVFRFUl9XRUJfQVVUT19ERVRFQ1Q9dHJ1ZQ==,RkxVVFRFUl9XRUJfQ0FOVkFTS0lUX1VSTD1odHRwczovL3d3dy5nc3RhdGljLmNvbS9mbHV0dGVyLWNhbnZhc2tpdC85MDY0NDU5YThiMGRjZDMyODc3MTA3ZjYwMDJjYzQyOWE3MTY1OWQxLw== -Pdart-obfuscation=false -Ptrack-widget-creation=true -Ptree-shake-icons=false -Pfilesystem-scheme=org-dartlang-root assembleDebug

Host: 12th Gen Intel(R) Core(TM) i5-12400F, 12 cores, 15G,  Windows 11 , 64 bit Build 22621 (10.0.22621.2506)
Time: Fri Nov 10 12:30:00 2023 SE Asia Standard Time elapsed time: 0.865922 seconds (0d 0h 0m 0s)

---------------  T H R E A D  ---------------

Current thread (0x0000027afd74c8e0):  JavaThread "main" [_thread_in_vm, id=5008, stack(0x0000009a20600000,0x0000009a20700000)]

Stack: [0x0000009a20600000,0x0000009a20700000]
Native frames: (J=compiled Java code, j=interpreted, Vv=VM code, C=native code)
V  [jvm.dll+0x683c9a]
V  [jvm.dll+0x8427a4]
V  [jvm.dll+0x843f9e]
V  [jvm.dll+0x844603]
V  [jvm.dll+0x249b75]
V  [jvm.dll+0x83e7fb]
V  [jvm.dll+0x628006]
V  [jvm.dll+0x62806a]
V  [jvm.dll+0x62a87a]
V  [jvm.dll+0x6289a6]
V  [jvm.dll+0x246f6c]
V  [jvm.dll+0x6dabdd]
V  [jvm.dll+0x6db60f]
V  [jvm.dll+0x375330]
V  [jvm.dll+0x3744a2]
V  [jvm.dll+0x374448]
V  [jvm.dll+0x3843ba]
C  0x0000027a8a94b704

Java frames: (J=compiled Java code, j=interpreted, Vv=VM code)
j  sun.nio.ch.SelectorProviderImpl.openUninterruptibleDatagramChannel()Ljava/nio/channels/DatagramChannel;+0 java.base@17.0.6
j  java.net.DatagramSocket.createDelegate(Ljava/net/SocketAddress;Ljava/lang/Class;)Ljava/net/DatagramSocket;+115 java.base@17.0.6
j  java.net.DatagramSocket.<init>(Ljava/net/SocketAddress;)V+4 java.base@17.0.6
j  java.net.DatagramSocket.<init>(ILjava/net/InetAddress;)V+10 java.base@17.0.6
j  org.gradle.cache.internal.locklistener.FileLockCommunicator.<init>(Lorg/gradle/internal/remote/internal/inet/InetAddressFactory;)V+19
j  org.gradle.cache.internal.locklistener.DefaultFileLockContentionHandler.getCommunicator()Lorg/gradle/cache/internal/locklistener/FileLockCommunicator;+29
j  org.gradle.cache.internal.locklistener.DefaultFileLockContentionHandler.reservePort()I+1
j  org.gradle.cache.internal.DefaultFileLockManager.lock(Ljava/io/File;Lorg/gradle/cache/LockOptions;Ljava/lang/String;Ljava/lang/String;Lorg/gradle/api/Action;)Lorg/gradle/cache/FileLock;+78
j  org.gradle.cache.internal.DefaultFileLockManager.lock(Ljava/io/File;Lorg/gradle/cache/LockOptions;Ljava/lang/String;Ljava/lang/String;)Lorg/gradle/cache/FileLock;+7
j  org.gradle.cache.internal.DefaultFileLockManager.lock(Ljava/io/File;Lorg/gradle/cache/LockOptions;Ljava/lang/String;)Lorg/gradle/cache/FileLock;+6
j  org.gradle.cache.internal.OnDemandFileAccess.readFile(Lorg/gradle/internal/Factory;)Ljava/lang/Object;+18
j  org.gradle.cache.internal.SimpleStateCache.get()Ljava/lang/Object;+12
j  org.gradle.cache.internal.FileIntegrityViolationSuppressingPersistentStateCacheDecorator.get()Ljava/lang/Object;+4
j  org.gradle.launcher.daemon.registry.PersistentDaemonRegistry.getAll()Ljava/util/List;+13
j  org.gradle.launcher.daemon.client.DefaultDaemonConnector.connect(Lorg/gradle/api/internal/specs/ExplainingSpec;)Lorg/gradle/launcher/daemon/client/DaemonClientConnection;+5
j  org.gradle.launcher.daemon.client.DaemonClient.execute(Lorg/gradle/internal/invocation/BuildAction;Lorg/gradle/launcher/exec/BuildActionParameters;Lorg/gradle/initialization/BuildRequestContext;)Lorg/gradle/launcher/exec/BuildActionResult;+62
j  org.gradle.launcher.daemon.client.DaemonClient.execute(Lorg/gradle/internal/invocation/BuildAction;Ljava/lang/Object;Ljava/lang/Object;)Lorg/gradle/launcher/exec/BuildActionResult;+10
j  org.gradle.launcher.cli.RunBuildAction.run()V+74
j  org.gradle.internal.Actions$RunnableActionAdapter.execute(Ljava/lang/Object;)V+4
j  org.gradle.launcher.cli.DefaultCommandLineActionFactory$ParseAndBuildAction.execute(Lorg/gradle/launcher/bootstrap/ExecutionListener;)V+60
j  org.gradle.launcher.cli.DefaultCommandLineActionFactory$ParseAndBuildAction.execute(Ljava/lang/Object;)V+5
j  org.gradle.launcher.cli.DebugLoggerWarningAction.execute(Lorg/gradle/launcher/bootstrap/ExecutionListener;)V+9
j  org.gradle.launcher.cli.DebugLoggerWarningAction.execute(Ljava/lang/Object;)V+5
j  org.gradle.launcher.cli.WelcomeMessageAction.execute(Lorg/gradle/launcher/bootstrap/ExecutionListener;)V+218
j  org.gradle.launcher.cli.WelcomeMessageAction.execute(Ljava/lang/Object;)V+5
j  org.gradle.launcher.cli.NativeServicesInitializingAction.execute(Lorg/gradle/launcher/bootstrap/ExecutionListener;)V+35
j  org.gradle.launcher.cli.NativeServicesInitializingAction.execute(Ljava/lang/Object;)V+5
j  org.gradle.launcher.cli.ExceptionReportingAction.execute(Lorg/gradle/launcher/bootstrap/ExecutionListener;)V+5
j  org.gradle.launcher.cli.ExceptionReportingAction.execute(Ljava/lang/Object;)V+5
j  org.gradle.launcher.cli.DefaultCommandLineActionFactory$WithLogging.execute(Lorg/gradle/launcher/bootstrap/ExecutionListener;)V+299
j  org.gradle.launcher.Main.doAction([Ljava/lang/String;Lorg/gradle/launcher/bootstrap/ExecutionListener;)V+14
j  org.gradle.launcher.bootstrap.EntryPoint.run([Ljava/lang/String;)V+12
v  ~StubRoutines::call_stub
j  jdk.internal.reflect.NativeMethodAccessorImpl.invoke0(Ljava/lang/reflect/Method;Ljava/lang/Object;[Ljava/lang/Object;)Ljava/lang/Object;+0 java.base@17.0.6
j  jdk.internal.reflect.NativeMethodAccessorImpl.invoke(Ljava/lang/Object;[Ljava/lang/Object;)Ljava/lang/Object;+133 java.base@17.0.6
j  jdk.internal.reflect.DelegatingMethodAccessorImpl.invoke(Ljava/lang/Object;[Ljava/lang/Object;)Ljava/lang/Object;+6 java.base@17.0.6
j  java.lang.reflect.Method.invoke(Ljava/lang/Object;[Ljava/lang/Object;)Ljava/lang/Object;+59 java.base@17.0.6
j  org.gradle.launcher.bootstrap.ProcessBootstrap.runNoExit(Ljava/lang/String;[Ljava/lang/String;)V+159
j  org.gradle.launcher.bootstrap.ProcessBootstrap.run(Ljava/lang/String;[Ljava/lang/String;)V+2
v  ~StubRoutines::call_stub
j  jdk.internal.reflect.NativeMethodAccessorImpl.invoke0(Ljava/lang/reflect/Method;Ljava/lang/Object;[Ljava/lang/Object;)Ljava/lang/Object;+0 java.base@17.0.6
j  jdk.internal.reflect.NativeMethodAccessorImpl.invoke(Ljava/lang/Object;[Ljava/lang/Object;)Ljava/lang/Object;+133 java.base@17.0.6
j  jdk.internal.reflect.DelegatingMethodAccessorImpl.invoke(Ljava/lang/Object;[Ljava/lang/Object;)Ljava/lang/Object;+6 java.base@17.0.6
j  java.lang.reflect.Method.invoke(Ljava/lang/Object;[Ljava/lang/Object;)Ljava/lang/Object;+59 java.base@17.0.6
j  org.gradle.launcher.GradleMain.main([Ljava/lang/String;)V+100
v  ~StubRoutines::call_stub
j  jdk.internal.reflect.NativeMethodAccessorImpl.invoke0(Ljava/lang/reflect/Method;Ljava/lang/Object;[Ljava/lang/Object;)Ljava/lang/Object;+0 java.base@17.0.6
j  jdk.internal.reflect.NativeMethodAccessorImpl.invoke(Ljava/lang/Object;[Ljava/lang/Object;)Ljava/lang/Object;+133 java.base@17.0.6
j  jdk.internal.reflect.DelegatingMethodAccessorImpl.invoke(Ljava/lang/Object;[Ljava/lang/Object;)Ljava/lang/Object;+6 java.base@17.0.6
j  java.lang.reflect.Method.invoke(Ljava/lang/Object;[Ljava/lang/Object;)Ljava/lang/Object;+59 java.base@17.0.6
j  org.gradle.wrapper.BootstrapMainStarter.start([Ljava/lang/String;Ljava/io/File;)V+82
j  org.gradle.wrapper.WrapperExecutor.execute([Ljava/lang/String;Lorg/gradle/wrapper/Install;Lorg/gradle/wrapper/BootstrapMainStarter;)V+14
j  org.gradle.wrapper.GradleWrapperMain.main([Ljava/lang/String;)V+190
v  ~StubRoutines::call_stub

---------------  P R O C E S S  ---------------

Threads class SMR info:
_java_thread_list=0x0000027a9dbc3790, length=14, elements={
0x0000027afd74c8e0, 0x0000027a9d038f80, 0x0000027a9d03be10, 0x0000027a9d05aea0,
0x0000027a9d05d860, 0x0000027a9d05e210, 0x0000027a9d05ebc0, 0x0000027a9d0b5510,
0x0000027a9d0be1e0, 0x0000027a9d0c93b0, 0x0000027a9d21aff0, 0x0000027a9d21bc80,
0x0000027a9db0d580, 0x0000027a9e430bc0
}

Java Threads: ( => current thread )
=>0x0000027afd74c8e0 JavaThread "main" [_thread_in_vm, id=5008, stack(0x0000009a20600000,0x0000009a20700000)]
  0x0000027a9d038f80 JavaThread "Reference Handler" daemon [_thread_blocked, id=3088, stack(0x0000009a20d00000,0x0000009a20e00000)]
  0x0000027a9d03be10 JavaThread "Finalizer" daemon [_thread_blocked, id=18208, stack(0x0000009a20e00000,0x0000009a20f00000)]
  0x0000027a9d05aea0 JavaThread "Signal Dispatcher" daemon [_thread_blocked, id=23868, stack(0x0000009a20f00000,0x0000009a21000000)]
  0x0000027a9d05d860 JavaThread "Attach Listener" daemon [_thread_blocked, id=14256, stack(0x0000009a21000000,0x0000009a21100000)]
  0x0000027a9d05e210 JavaThread "Service Thread" daemon [_thread_blocked, id=18672, stack(0x0000009a21100000,0x0000009a21200000)]
  0x0000027a9d05ebc0 JavaThread "Monitor Deflation Thread" daemon [_thread_blocked, id=7004, stack(0x0000009a21200000,0x0000009a21300000)]
  0x0000027a9d0b5510 JavaThread "C2 CompilerThread0" daemon [_thread_blocked, id=25060, stack(0x0000009a21300000,0x0000009a21400000)]
  0x0000027a9d0be1e0 JavaThread "C1 CompilerThread0" daemon [_thread_blocked, id=2024, stack(0x0000009a21400000,0x0000009a21500000)]
  0x0000027a9d0c93b0 JavaThread "Sweeper thread" daemon [_thread_blocked, id=21624, stack(0x0000009a21500000,0x0000009a21600000)]
  0x0000027a9d21aff0 JavaThread "Notification Thread" daemon [_thread_blocked, id=25312, stack(0x0000009a21600000,0x0000009a21700000)]
  0x0000027a9d21bc80 JavaThread "Common-Cleaner" daemon [_thread_blocked, id=8044, stack(0x0000009a21800000,0x0000009a21900000)]
  0x0000027a9db0d580 JavaThread "C2 CompilerThread1" daemon [_thread_blocked, id=640, stack(0x0000009a21900000,0x0000009a21a00000)]
  0x0000027a9e430bc0 JavaThread "pool-1-thread-1" [_thread_blocked, id=24336, stack(0x0000009a21f00000,0x0000009a22000000)]

Other Threads:
  0x0000027a9d037280 VMThread "VM Thread" [stack: 0x0000009a20c00000,0x0000009a20d00000] [id=23976]
  0x0000027a9d157620 WatcherThread [stack: 0x0000009a21700000,0x0000009a21800000] [id=8628]
  0x0000027afd7b6900 GCTaskThread "GC Thread#0" [stack: 0x0000009a20700000,0x0000009a20800000] [id=26528]
  0x0000027a9dbd2b60 GCTaskThread "GC Thread#1" [stack: 0x0000009a21a00000,0x0000009a21b00000] [id=14952]
  0x0000027a9dbd20a0 GCTaskThread "GC Thread#2" [stack: 0x0000009a21b00000,0x0000009a21c00000] [id=25728]
  0x0000027a9dbd2350 GCTaskThread "GC Thread#3" [stack: 0x0000009a21c00000,0x0000009a21d00000] [id=15692]
  0x0000027a9dbd30c0 GCTaskThread "GC Thread#4" [stack: 0x0000009a21d00000,0x0000009a21e00000] [id=5612]
  0x0000027a9dbd2600 GCTaskThread "GC Thread#5" [stack: 0x0000009a21e00000,0x0000009a21f00000] [id=19596]
  0x0000027afd7c75c0 ConcurrentGCThread "G1 Main Marker" [stack: 0x0000009a20800000,0x0000009a20900000] [id=22132]
  0x0000027afd7c8770 ConcurrentGCThread "G1 Conc#0" [stack: 0x0000009a20900000,0x0000009a20a00000] [id=20432]
  0x0000027afd80dda0 ConcurrentGCThread "G1 Refine#0" [stack: 0x0000009a20a00000,0x0000009a20b00000] [id=12044]
  0x0000027afd80e7c0 ConcurrentGCThread "G1 Service" [stack: 0x0000009a20b00000,0x0000009a20c00000] [id=8676]

Threads with active compile tasks:

VM state: not at safepoint (normal execution)

VM Mutex/Monitor currently owned by a thread:  ([mutex/lock_event])
[0x0000027afd7473c0] Metaspace_lock - owner thread: 0x0000027afd74c8e0

Heap address: 0x0000000702800000, size: 4056 MB, Compressed Oops mode: Zero based, Oop shift amount: 3

CDS archive(s) not mapped
Compressed class space mapped at: 0x0000000800000000-0x0000000840000000, reserved size: 1073741824
Narrow klass base: 0x0000000800000000, Narrow klass shift: 0, Narrow klass range: 0x40000000

GC Precious Log:
 CPUs: 12 total, 12 available
 Memory: 16221M
 Large Page Support: Disabled
 NUMA Support: Disabled
 Compressed Oops: Enabled (Zero based)
 Heap Region Size: 2M
 Heap Min Capacity: 8M
 Heap Initial Capacity: 254M
 Heap Max Capacity: 4056M
 Pre-touch: Disabled
 Parallel Workers: 10
 Concurrent Workers: 3
 Concurrent Refinement Workers: 10
 Periodic GC: Disabled

Heap:
 garbage-first heap   total 260096K, used 20374K [0x0000000702800000, 0x0000000800000000)
  region size 2048K, 8 young (16384K), 2 survivors (4096K)
 Metaspace       used 14577K, committed 14720K, reserved 1064960K
  class space    used 1692K, committed 1792K, reserved 1048576K

Heap Regions: E=young(eden), S=young(survivor), O=old, HS=humongous(starts), HC=humongous(continues), CS=collection set, F=free, OA=open archive, CA=closed archive, TAMS=top-at-mark-start (previous, next)
|   0|0x0000000702800000, 0x0000000702800000, 0x0000000702a00000|  0%| F|  |TAMS 0x0000000702800000, 0x0000000702800000| Untracked 
|   1|0x0000000702a00000, 0x0000000702a00000, 0x0000000702c00000|  0%| F|  |TAMS 0x0000000702a00000, 0x0000000702a00000| Untracked 
|   2|0x0000000702c00000, 0x0000000702e00000, 0x0000000702e00000|100%|HS|  |TAMS 0x0000000702c00000, 0x0000000702c00000| Complete 
|   3|0x0000000702e00000, 0x0000000703000000, 0x0000000703000000|100%|HC|  |TAMS 0x0000000702e00000, 0x0000000702e00000| Complete 
|   4|0x0000000703000000, 0x00000007031e5808, 0x0000000703200000| 94%| O|  |TAMS 0x0000000703000000, 0x0000000703000000| Untracked 
|   5|0x0000000703200000, 0x0000000703200000, 0x0000000703400000|  0%| F|  |TAMS 0x0000000703200000, 0x0000000703200000| Untracked 
|   6|0x0000000703400000, 0x0000000703400000, 0x0000000703600000|  0%| F|  |TAMS 0x0000000703400000, 0x0000000703400000| Untracked 
|   7|0x0000000703600000, 0x0000000703600000, 0x0000000703800000|  0%| F|  |TAMS 0x0000000703600000, 0x0000000703600000| Untracked 
|   8|0x0000000703800000, 0x0000000703800000, 0x0000000703a00000|  0%| F|  |TAMS 0x0000000703800000, 0x0000000703800000| Untracked 
|   9|0x0000000703a00000, 0x0000000703a00000, 0x0000000703c00000|  0%| F|  |TAMS 0x0000000703a00000, 0x0000000703a00000| Untracked 
|  10|0x0000000703c00000, 0x0000000703c00000, 0x0000000703e00000|  0%| F|  |TAMS 0x0000000703c00000, 0x0000000703c00000| Untracked 
|  11|0x0000000703e00000, 0x0000000703e00000, 0x0000000704000000|  0%| F|  |TAMS 0x0000000703e00000, 0x0000000703e00000| Untracked 
|  12|0x0000000704000000, 0x0000000704000000, 0x0000000704200000|  0%| F|  |TAMS 0x0000000704000000, 0x0000000704000000| Untracked 
|  13|0x0000000704200000, 0x0000000704200000, 0x0000000704400000|  0%| F|  |TAMS 0x0000000704200000, 0x0000000704200000| Untracked 
|  14|0x0000000704400000, 0x0000000704400000, 0x0000000704600000|  0%| F|  |TAMS 0x0000000704400000, 0x0000000704400000| Untracked 
|  15|0x0000000704600000, 0x0000000704600000, 0x0000000704800000|  0%| F|  |TAMS 0x0000000704600000, 0x0000000704600000| Untracked 
|  16|0x0000000704800000, 0x0000000704800000, 0x0000000704a00000|  0%| F|  |TAMS 0x0000000704800000, 0x0000000704800000| Untracked 
|  17|0x0000000704a00000, 0x0000000704a00000, 0x0000000704c00000|  0%| F|  |TAMS 0x0000000704a00000, 0x0000000704a00000| Untracked 
|  18|0x0000000704c00000, 0x0000000704c00000, 0x0000000704e00000|  0%| F|  |TAMS 0x0000000704c00000, 0x0000000704c00000| Untracked 
|  19|0x0000000704e00000, 0x0000000704e00000, 0x0000000705000000|  0%| F|  |TAMS 0x0000000704e00000, 0x0000000704e00000| Untracked 
|  20|0x0000000705000000, 0x0000000705000000, 0x0000000705200000|  0%| F|  |TAMS 0x0000000705000000, 0x0000000705000000| Untracked 
|  21|0x0000000705200000, 0x0000000705200000, 0x0000000705400000|  0%| F|  |TAMS 0x0000000705200000, 0x0000000705200000| Untracked 
|  22|0x0000000705400000, 0x0000000705400000, 0x0000000705600000|  0%| F|  |TAMS 0x0000000705400000, 0x0000000705400000| Untracked 
|  23|0x0000000705600000, 0x0000000705600000, 0x0000000705800000|  0%| F|  |TAMS 0x0000000705600000, 0x0000000705600000| Untracked 
|  24|0x0000000705800000, 0x0000000705800000, 0x0000000705a00000|  0%| F|  |TAMS 0x0000000705800000, 0x0000000705800000| Untracked 
|  25|0x0000000705a00000, 0x0000000705a00000, 0x0000000705c00000|  0%| F|  |TAMS 0x0000000705a00000, 0x0000000705a00000| Untracked 
|  26|0x0000000705c00000, 0x0000000705c00000, 0x0000000705e00000|  0%| F|  |TAMS 0x0000000705c00000, 0x0000000705c00000| Untracked 
|  27|0x0000000705e00000, 0x0000000705e00000, 0x0000000706000000|  0%| F|  |TAMS 0x0000000705e00000, 0x0000000705e00000| Untracked 
|  28|0x0000000706000000, 0x0000000706000000, 0x0000000706200000|  0%| F|  |TAMS 0x0000000706000000, 0x0000000706000000| Untracked 
|  29|0x0000000706200000, 0x0000000706200000, 0x0000000706400000|  0%| F|  |TAMS 0x0000000706200000, 0x0000000706200000| Untracked 
|  30|0x0000000706400000, 0x0000000706400000, 0x0000000706600000|  0%| F|  |TAMS 0x0000000706400000, 0x0000000706400000| Untracked 
|  31|0x0000000706600000, 0x0000000706600000, 0x0000000706800000|  0%| F|  |TAMS 0x0000000706600000, 0x0000000706600000| Untracked 
|  32|0x0000000706800000, 0x0000000706800000, 0x0000000706a00000|  0%| F|  |TAMS 0x0000000706800000, 0x0000000706800000| Untracked 
|  33|0x0000000706a00000, 0x0000000706a00000, 0x0000000706c00000|  0%| F|  |TAMS 0x0000000706a00000, 0x0000000706a00000| Untracked 
|  34|0x0000000706c00000, 0x0000000706c00000, 0x0000000706e00000|  0%| F|  |TAMS 0x0000000706c00000, 0x0000000706c00000| Untracked 
|  35|0x0000000706e00000, 0x0000000706e00000, 0x0000000707000000|  0%| F|  |TAMS 0x0000000706e00000, 0x0000000706e00000| Untracked 
|  36|0x0000000707000000, 0x0000000707000000, 0x0000000707200000|  0%| F|  |TAMS 0x0000000707000000, 0x0000000707000000| Untracked 
|  37|0x0000000707200000, 0x0000000707200000, 0x0000000707400000|  0%| F|  |TAMS 0x0000000707200000, 0x0000000707200000| Untracked 
|  38|0x0000000707400000, 0x0000000707400000, 0x0000000707600000|  0%| F|  |TAMS 0x0000000707400000, 0x0000000707400000| Untracked 
|  39|0x0000000707600000, 0x0000000707600000, 0x0000000707800000|  0%| F|  |TAMS 0x0000000707600000, 0x0000000707600000| Untracked 
|  40|0x0000000707800000, 0x0000000707800000, 0x0000000707a00000|  0%| F|  |TAMS 0x0000000707800000, 0x0000000707800000| Untracked 
|  41|0x0000000707a00000, 0x0000000707a00000, 0x0000000707c00000|  0%| F|  |TAMS 0x0000000707a00000, 0x0000000707a00000| Untracked 
|  42|0x0000000707c00000, 0x0000000707c00000, 0x0000000707e00000|  0%| F|  |TAMS 0x0000000707c00000, 0x0000000707c00000| Untracked 
|  43|0x0000000707e00000, 0x0000000707e00000, 0x0000000708000000|  0%| F|  |TAMS 0x0000000707e00000, 0x0000000707e00000| Untracked 
|  44|0x0000000708000000, 0x0000000708000000, 0x0000000708200000|  0%| F|  |TAMS 0x0000000708000000, 0x0000000708000000| Untracked 
|  45|0x0000000708200000, 0x0000000708200000, 0x0000000708400000|  0%| F|  |TAMS 0x0000000708200000, 0x0000000708200000| Untracked 
|  46|0x0000000708400000, 0x0000000708400000, 0x0000000708600000|  0%| F|  |TAMS 0x0000000708400000, 0x0000000708400000| Untracked 
|  47|0x0000000708600000, 0x0000000708600000, 0x0000000708800000|  0%| F|  |TAMS 0x0000000708600000, 0x0000000708600000| Untracked 
|  48|0x0000000708800000, 0x0000000708800000, 0x0000000708a00000|  0%| F|  |TAMS 0x0000000708800000, 0x0000000708800000| Untracked 
|  49|0x0000000708a00000, 0x0000000708a00000, 0x0000000708c00000|  0%| F|  |TAMS 0x0000000708a00000, 0x0000000708a00000| Untracked 
|  50|0x0000000708c00000, 0x0000000708c00000, 0x0000000708e00000|  0%| F|  |TAMS 0x0000000708c00000, 0x0000000708c00000| Untracked 
|  51|0x0000000708e00000, 0x0000000708e00000, 0x0000000709000000|  0%| F|  |TAMS 0x0000000708e00000, 0x0000000708e00000| Untracked 
|  52|0x0000000709000000, 0x0000000709000000, 0x0000000709200000|  0%| F|  |TAMS 0x0000000709000000, 0x0000000709000000| Untracked 
|  53|0x0000000709200000, 0x0000000709200000, 0x0000000709400000|  0%| F|  |TAMS 0x0000000709200000, 0x0000000709200000| Untracked 
|  54|0x0000000709400000, 0x0000000709400000, 0x0000000709600000|  0%| F|  |TAMS 0x0000000709400000, 0x0000000709400000| Untracked 
|  55|0x0000000709600000, 0x0000000709600000, 0x0000000709800000|  0%| F|  |TAMS 0x0000000709600000, 0x0000000709600000| Untracked 
|  56|0x0000000709800000, 0x0000000709800000, 0x0000000709a00000|  0%| F|  |TAMS 0x0000000709800000, 0x0000000709800000| Untracked 
|  57|0x0000000709a00000, 0x0000000709a00000, 0x0000000709c00000|  0%| F|  |TAMS 0x0000000709a00000, 0x0000000709a00000| Untracked 
|  58|0x0000000709c00000, 0x0000000709c00000, 0x0000000709e00000|  0%| F|  |TAMS 0x0000000709c00000, 0x0000000709c00000| Untracked 
|  59|0x0000000709e00000, 0x0000000709e00000, 0x000000070a000000|  0%| F|  |TAMS 0x0000000709e00000, 0x0000000709e00000| Untracked 
|  60|0x000000070a000000, 0x000000070a000000, 0x000000070a200000|  0%| F|  |TAMS 0x000000070a000000, 0x000000070a000000| Untracked 
|  61|0x000000070a200000, 0x000000070a200000, 0x000000070a400000|  0%| F|  |TAMS 0x000000070a200000, 0x000000070a200000| Untracked 
|  62|0x000000070a400000, 0x000000070a400000, 0x000000070a600000|  0%| F|  |TAMS 0x000000070a400000, 0x000000070a400000| Untracked 
|  63|0x000000070a600000, 0x000000070a600000, 0x000000070a800000|  0%| F|  |TAMS 0x000000070a600000, 0x000000070a600000| Untracked 
|  64|0x000000070a800000, 0x000000070a800000, 0x000000070aa00000|  0%| F|  |TAMS 0x000000070a800000, 0x000000070a800000| Untracked 
|  65|0x000000070aa00000, 0x000000070aa00000, 0x000000070ac00000|  0%| F|  |TAMS 0x000000070aa00000, 0x000000070aa00000| Untracked 
|  66|0x000000070ac00000, 0x000000070ac00000, 0x000000070ae00000|  0%| F|  |TAMS 0x000000070ac00000, 0x000000070ac00000| Untracked 
|  67|0x000000070ae00000, 0x000000070ae00000, 0x000000070b000000|  0%| F|  |TAMS 0x000000070ae00000, 0x000000070ae00000| Untracked 
|  68|0x000000070b000000, 0x000000070b000000, 0x000000070b200000|  0%| F|  |TAMS 0x000000070b000000, 0x000000070b000000| Untracked 
|  69|0x000000070b200000, 0x000000070b200000, 0x000000070b400000|  0%| F|  |TAMS 0x000000070b200000, 0x000000070b200000| Untracked 
|  70|0x000000070b400000, 0x000000070b400000, 0x000000070b600000|  0%| F|  |TAMS 0x000000070b400000, 0x000000070b400000| Untracked 
|  71|0x000000070b600000, 0x000000070b600000, 0x000000070b800000|  0%| F|  |TAMS 0x000000070b600000, 0x000000070b600000| Untracked 
|  72|0x000000070b800000, 0x000000070b800000, 0x000000070ba00000|  0%| F|  |TAMS 0x000000070b800000, 0x000000070b800000| Untracked 
|  73|0x000000070ba00000, 0x000000070ba00000, 0x000000070bc00000|  0%| F|  |TAMS 0x000000070ba00000, 0x000000070ba00000| Untracked 
|  74|0x000000070bc00000, 0x000000070bc00000, 0x000000070be00000|  0%| F|  |TAMS 0x000000070bc00000, 0x000000070bc00000| Untracked 
|  75|0x000000070be00000, 0x000000070be00000, 0x000000070c000000|  0%| F|  |TAMS 0x000000070be00000, 0x000000070be00000| Untracked 
|  76|0x000000070c000000, 0x000000070c000000, 0x000000070c200000|  0%| F|  |TAMS 0x000000070c000000, 0x000000070c000000| Untracked 
|  77|0x000000070c200000, 0x000000070c200000, 0x000000070c400000|  0%| F|  |TAMS 0x000000070c200000, 0x000000070c200000| Untracked 
|  78|0x000000070c400000, 0x000000070c400000, 0x000000070c600000|  0%| F|  |TAMS 0x000000070c400000, 0x000000070c400000| Untracked 
|  79|0x000000070c600000, 0x000000070c600000, 0x000000070c800000|  0%| F|  |TAMS 0x000000070c600000, 0x000000070c600000| Untracked 
|  80|0x000000070c800000, 0x000000070c800000, 0x000000070ca00000|  0%| F|  |TAMS 0x000000070c800000, 0x000000070c800000| Untracked 
|  81|0x000000070ca00000, 0x000000070ca00000, 0x000000070cc00000|  0%| F|  |TAMS 0x000000070ca00000, 0x000000070ca00000| Untracked 
|  82|0x000000070cc00000, 0x000000070cc00000, 0x000000070ce00000|  0%| F|  |TAMS 0x000000070cc00000, 0x000000070cc00000| Untracked 
|  83|0x000000070ce00000, 0x000000070ce00000, 0x000000070d000000|  0%| F|  |TAMS 0x000000070ce00000, 0x000000070ce00000| Untracked 
|  84|0x000000070d000000, 0x000000070d000000, 0x000000070d200000|  0%| F|  |TAMS 0x000000070d000000, 0x000000070d000000| Untracked 
|  85|0x000000070d200000, 0x000000070d200000, 0x000000070d400000|  0%| F|  |TAMS 0x000000070d200000, 0x000000070d200000| Untracked 
|  86|0x000000070d400000, 0x000000070d400000, 0x000000070d600000|  0%| F|  |TAMS 0x000000070d400000, 0x000000070d400000| Untracked 
|  87|0x000000070d600000, 0x000000070d600000, 0x000000070d800000|  0%| F|  |TAMS 0x000000070d600000, 0x000000070d600000| Untracked 
|  88|0x000000070d800000, 0x000000070d800000, 0x000000070da00000|  0%| F|  |TAMS 0x000000070d800000, 0x000000070d800000| Untracked 
|  89|0x000000070da00000, 0x000000070da00000, 0x000000070dc00000|  0%| F|  |TAMS 0x000000070da00000, 0x000000070da00000| Untracked 
|  90|0x000000070dc00000, 0x000000070dc00000, 0x000000070de00000|  0%| F|  |TAMS 0x000000070dc00000, 0x000000070dc00000| Untracked 
|  91|0x000000070de00000, 0x000000070de00000, 0x000000070e000000|  0%| F|  |TAMS 0x000000070de00000, 0x000000070de00000| Untracked 
|  92|0x000000070e000000, 0x000000070e000000, 0x000000070e200000|  0%| F|  |TAMS 0x000000070e000000, 0x000000070e000000| Untracked 
|  93|0x000000070e200000, 0x000000070e200000, 0x000000070e400000|  0%| F|  |TAMS 0x000000070e200000, 0x000000070e200000| Untracked 
|  94|0x000000070e400000, 0x000000070e400000, 0x000000070e600000|  0%| F|  |TAMS 0x000000070e400000, 0x000000070e400000| Untracked 
|  95|0x000000070e600000, 0x000000070e600000, 0x000000070e800000|  0%| F|  |TAMS 0x000000070e600000, 0x000000070e600000| Untracked 
|  96|0x000000070e800000, 0x000000070e800000, 0x000000070ea00000|  0%| F|  |TAMS 0x000000070e800000, 0x000000070e800000| Untracked 
|  97|0x000000070ea00000, 0x000000070ea00000, 0x000000070ec00000|  0%| F|  |TAMS 0x000000070ea00000, 0x000000070ea00000| Untracked 
|  98|0x000000070ec00000, 0x000000070ec00000, 0x000000070ee00000|  0%| F|  |TAMS 0x000000070ec00000, 0x000000070ec00000| Untracked 
|  99|0x000000070ee00000, 0x000000070ee00000, 0x000000070f000000|  0%| F|  |TAMS 0x000000070ee00000, 0x000000070ee00000| Untracked 
| 100|0x000000070f000000, 0x000000070f000000, 0x000000070f200000|  0%| F|  |TAMS 0x000000070f000000, 0x000000070f000000| Untracked 
| 101|0x000000070f200000, 0x000000070f200000, 0x000000070f400000|  0%| F|  |TAMS 0x000000070f200000, 0x000000070f200000| Untracked 
| 102|0x000000070f400000, 0x000000070f400000, 0x000000070f600000|  0%| F|  |TAMS 0x000000070f400000, 0x000000070f400000| Untracked 
| 103|0x000000070f600000, 0x000000070f600000, 0x000000070f800000|  0%| F|  |TAMS 0x000000070f600000, 0x000000070f600000| Untracked 
| 104|0x000000070f800000, 0x000000070f800000, 0x000000070fa00000|  0%| F|  |TAMS 0x000000070f800000, 0x000000070f800000| Untracked 
| 105|0x000000070fa00000, 0x000000070fa00000, 0x000000070fc00000|  0%| F|  |TAMS 0x000000070fa00000, 0x000000070fa00000| Untracked 
| 106|0x000000070fc00000, 0x000000070fc00000, 0x000000070fe00000|  0%| F|  |TAMS 0x000000070fc00000, 0x000000070fc00000| Untracked 
| 107|0x000000070fe00000, 0x000000070fe00000, 0x0000000710000000|  0%| F|  |TAMS 0x000000070fe00000, 0x000000070fe00000| Untracked 
| 108|0x0000000710000000, 0x0000000710000000, 0x0000000710200000|  0%| F|  |TAMS 0x0000000710000000, 0x0000000710000000| Untracked 
| 109|0x0000000710200000, 0x0000000710200000, 0x0000000710400000|  0%| F|  |TAMS 0x0000000710200000, 0x0000000710200000| Untracked 
| 110|0x0000000710400000, 0x0000000710400000, 0x0000000710600000|  0%| F|  |TAMS 0x0000000710400000, 0x0000000710400000| Untracked 
| 111|0x0000000710600000, 0x0000000710600000, 0x0000000710800000|  0%| F|  |TAMS 0x0000000710600000, 0x0000000710600000| Untracked 
| 112|0x0000000710800000, 0x0000000710800000, 0x0000000710a00000|  0%| F|  |TAMS 0x0000000710800000, 0x0000000710800000| Untracked 
| 113|0x0000000710a00000, 0x0000000710a00000, 0x0000000710c00000|  0%| F|  |TAMS 0x0000000710a00000, 0x0000000710a00000| Untracked 
| 114|0x0000000710c00000, 0x0000000710e00000, 0x0000000710e00000|100%| S|CS|TAMS 0x0000000710c00000, 0x0000000710c00000| Complete 
| 115|0x0000000710e00000, 0x0000000711000000, 0x0000000711000000|100%| S|CS|TAMS 0x0000000710e00000, 0x0000000710e00000| Complete 
| 116|0x0000000711000000, 0x0000000711000000, 0x0000000711200000|  0%| F|  |TAMS 0x0000000711000000, 0x0000000711000000| Untracked 
| 117|0x0000000711200000, 0x0000000711200000, 0x0000000711400000|  0%| F|  |TAMS 0x0000000711200000, 0x0000000711200000| Untracked 
| 118|0x0000000711400000, 0x0000000711400000, 0x0000000711600000|  0%| F|  |TAMS 0x0000000711400000, 0x0000000711400000| Untracked 
| 119|0x0000000711600000, 0x0000000711600000, 0x0000000711800000|  0%| F|  |TAMS 0x0000000711600000, 0x0000000711600000| Untracked 
| 120|0x0000000711800000, 0x0000000711800000, 0x0000000711a00000|  0%| F|  |TAMS 0x0000000711800000, 0x0000000711800000| Untracked 
| 121|0x0000000711a00000, 0x0000000711b71af0, 0x0000000711c00000| 72%| E|  |TAMS 0x0000000711a00000, 0x0000000711a00000| Complete 
| 122|0x0000000711c00000, 0x0000000711e00000, 0x0000000711e00000|100%| E|CS|TAMS 0x0000000711c00000, 0x0000000711c00000| Complete 
| 123|0x0000000711e00000, 0x0000000712000000, 0x0000000712000000|100%| E|CS|TAMS 0x0000000711e00000, 0x0000000711e00000| Complete 
| 124|0x0000000712000000, 0x0000000712200000, 0x0000000712200000|100%| E|CS|TAMS 0x0000000712000000, 0x0000000712000000| Complete 
| 125|0x0000000712200000, 0x0000000712400000, 0x0000000712400000|100%| E|CS|TAMS 0x0000000712200000, 0x0000000712200000| Complete 
| 126|0x0000000712400000, 0x0000000712600000, 0x0000000712600000|100%| E|CS|TAMS 0x0000000712400000, 0x0000000712400000| Complete 

Card table byte_map: [0x0000027afe550000,0x0000027afed40000] _byte_map_base: 0x0000027afad3c000

Marking Bits (Prev, Next): (CMBitMap*) 0x0000027afd7b6f10, (CMBitMap*) 0x0000027afd7b6f50
 Prev Bits: [0x0000027a92400000, 0x0000027a96360000)
 Next Bits: [0x0000027a96360000, 0x0000027a9a2c0000)

Polling page: 0x0000027afcf10000

Metaspace:

Usage:
  Non-class:     12.58 MB used.
      Class:      1.65 MB used.
       Both:     14.24 MB used.

Virtual space:
  Non-class space:       16.00 MB reserved,      12.62 MB ( 79%) committed,  2 nodes.
      Class space:        1.00 GB reserved,       1.75 MB ( <1%) committed,  1 nodes.
             Both:        1.02 GB reserved,      14.38 MB (  1%) committed. 

Chunk freelists:
   Non-Class:  2.56 MB
       Class:  2.26 MB
        Both:  4.82 MB

MaxMetaspaceSize: unlimited
CompressedClassSpaceSize: 1.00 GB
Initial GC threshold: 21.00 MB
Current GC threshold: 21.00 MB
CDS: off
MetaspaceReclaimPolicy: balanced
 - commit_granule_bytes: 65536.
 - commit_granule_words: 8192.
 - virtual_space_node_default_size: 1048576.
 - enlarge_chunks_in_place: 1.
 - new_chunks_are_fully_committed: 0.
 - uncommit_free_chunks: 1.
 - use_allocation_guard: 0.
 - handle_deallocations: 1.


Internal statistics:

num_allocs_failed_limit: 0.
num_arena_births: 72.
num_arena_deaths: 0.
num_vsnodes_births: 3.
num_vsnodes_deaths: 0.
num_space_committed: 230.
num_space_uncommitted: 0.
num_chunks_returned_to_freelist: 0.
num_chunks_taken_from_freelist: 263.
num_chunk_merges: 0.
num_chunk_splits: 173.
num_chunks_enlarged: 141.
num_purges: 0.
num_inconsistent_stats: 0.

CodeHeap 'non-profiled nmethods': size=120000Kb used=434Kb max_used=434Kb free=119565Kb
 bounds [0x0000027a8aed0000, 0x0000027a8b140000, 0x0000027a92400000]
CodeHeap 'profiled nmethods': size=120000Kb used=2042Kb max_used=2042Kb free=117957Kb
 bounds [0x0000027a83400000, 0x0000027a83670000, 0x0000027a8a930000]
CodeHeap 'non-nmethods': size=5760Kb used=1146Kb max_used=1167Kb free=4613Kb
 bounds [0x0000027a8a930000, 0x0000027a8aba0000, 0x0000027a8aed0000]
 total_blobs=1520 nmethods=1084 adapters=349
 compilation: enabled
              stopped_count=0, restarted_count=0
 full_count=0

Compilation events (20 events):
Event: 0.779 Thread 0x0000027a9d0be1e0 1073       1       java.util.concurrent.atomic.AtomicLong::get (5 bytes)
Event: 0.779 Thread 0x0000027a9d0be1e0 nmethod 1073 0x0000027a8af3ab10 code [0x0000027a8af3aca0, 0x0000027a8af3ad78]
Event: 0.779 Thread 0x0000027a9d0be1e0 1074       3       java.util.concurrent.atomic.AtomicLong::compareAndSet (13 bytes)
Event: 0.779 Thread 0x0000027a9d0be1e0 nmethod 1074 0x0000027a835f3a10 code [0x0000027a835f3ba0, 0x0000027a835f3cd8]
Event: 0.779 Thread 0x0000027a9d0be1e0 1075       3       java.util.Random::nextBoolean (14 bytes)
Event: 0.779 Thread 0x0000027a9d0be1e0 nmethod 1075 0x0000027a835f3d90 code [0x0000027a835f3f40, 0x0000027a835f4168]
Event: 0.779 Thread 0x0000027a9d0be1e0 1076       3       java.util.Random::next (47 bytes)
Event: 0.779 Thread 0x0000027a9d0be1e0 nmethod 1076 0x0000027a835f4210 code [0x0000027a835f43c0, 0x0000027a835f4648]
Event: 0.779 Thread 0x0000027a9d0be1e0 1078       3       java.lang.invoke.InvokerBytecodeGenerator::emitPushArgument (150 bytes)
Event: 0.780 Thread 0x0000027a9d0be1e0 nmethod 1078 0x0000027a835f4790 code [0x0000027a835f4a60, 0x0000027a835f5968]
Event: 0.781 Thread 0x0000027a9d0b5510 1080       4       java.lang.invoke.VarHandleByteArrayAsInts$ArrayHandle::index (12 bytes)
Event: 0.781 Thread 0x0000027a9db0d580 1081       4       java.lang.invoke.VarHandleGuards::guard_LI_I (78 bytes)
Event: 0.781 Thread 0x0000027a9d0be1e0 1082       3       sun.security.provider.ByteArrayAccess::b2iBig64 (231 bytes)
Event: 0.781 Thread 0x0000027a9d0b5510 nmethod 1080 0x0000027a8af3b610 code [0x0000027a8af3b780, 0x0000027a8af3b818]
Event: 0.784 Thread 0x0000027a9db0d580 nmethod 1081 0x0000027a8af3b910 code [0x0000027a8af3bac0, 0x0000027a8af3beb8]
Event: 0.784 Thread 0x0000027a9d0be1e0 nmethod 1082 0x0000027a835f5d90 code [0x0000027a835f6860, 0x0000027a835fcd38]
Event: 0.801 Thread 0x0000027a9d0be1e0 1083       1       java.util.concurrent.atomic.AtomicReference::get (5 bytes)
Event: 0.801 Thread 0x0000027a9d0be1e0 nmethod 1083 0x0000027a8af3c290 code [0x0000027a8af3c420, 0x0000027a8af3c4f8]
Event: 0.862 Thread 0x0000027a9d0b5510 1084       4       java.lang.String::startsWith (7 bytes)
Event: 0.864 Thread 0x0000027a9d0b5510 nmethod 1084 0x0000027a8af3c590 code [0x0000027a8af3c720, 0x0000027a8af3c978]

GC Heap History (2 events):
Event: 0.583 GC heap before
{Heap before GC invocations=0 (full 0):
 garbage-first heap   total 260096K, used 28672K [0x0000000702800000, 0x0000000800000000)
  region size 2048K, 11 young (22528K), 0 survivors (0K)
 Metaspace       used 10882K, committed 11072K, reserved 1064960K
  class space    used 1122K, committed 1216K, reserved 1048576K
}
Event: 0.587 GC heap after
{Heap after GC invocations=1 (full 0):
 garbage-first heap   total 260096K, used 10134K [0x0000000702800000, 0x0000000800000000)
  region size 2048K, 2 young (4096K), 2 survivors (4096K)
 Metaspace       used 10882K, committed 11072K, reserved 1064960K
  class space    used 1122K, committed 1216K, reserved 1048576K
}

Dll operation events (2 events):
Event: 0.006 Loaded shared library C:\Program Files\Android\Android Studio\jbr\bin\java.dll
Event: 0.092 Loaded shared library C:\Program Files\Android\Android Studio\jbr\bin\verify.dll

Deoptimization events (20 events):
Event: 0.692 Thread 0x0000027afd74c8e0 DEOPT PACKING pc=0x0000027a8349bae5 sp=0x0000009a206fbbe0
Event: 0.692 Thread 0x0000027afd74c8e0 DEOPT UNPACKING pc=0x0000027a8a987143 sp=0x0000009a206fb030 mode 0
Event: 0.712 Thread 0x0000027afd74c8e0 Uncommon trap: trap_request=0xffffffc6 fr.pc=0x0000027a8af2b0f8 relative=0x0000000000000598
Event: 0.712 Thread 0x0000027afd74c8e0 Uncommon trap: reason=bimorphic_or_optimized_type_check action=maybe_recompile pc=0x0000027a8af2b0f8 method=java.util.concurrent.ConcurrentHashMap.get(Ljava/lang/Object;)Ljava/lang/Object; @ 149 c2
Event: 0.712 Thread 0x0000027afd74c8e0 DEOPT PACKING pc=0x0000027a8af2b0f8 sp=0x0000009a206fb080
Event: 0.712 Thread 0x0000027afd74c8e0 DEOPT UNPACKING pc=0x0000027a8a9869a3 sp=0x0000009a206fb020 mode 2
Event: 0.712 Thread 0x0000027afd74c8e0 Uncommon trap: trap_request=0xffffffc6 fr.pc=0x0000027a8af2b0f8 relative=0x0000000000000598
Event: 0.712 Thread 0x0000027afd74c8e0 Uncommon trap: reason=bimorphic_or_optimized_type_check action=maybe_recompile pc=0x0000027a8af2b0f8 method=java.util.concurrent.ConcurrentHashMap.get(Ljava/lang/Object;)Ljava/lang/Object; @ 149 c2
Event: 0.712 Thread 0x0000027afd74c8e0 DEOPT PACKING pc=0x0000027a8af2b0f8 sp=0x0000009a206fb080
Event: 0.712 Thread 0x0000027afd74c8e0 DEOPT UNPACKING pc=0x0000027a8a9869a3 sp=0x0000009a206fb020 mode 2
Event: 0.712 Thread 0x0000027afd74c8e0 Uncommon trap: trap_request=0xffffffc6 fr.pc=0x0000027a8af2b0f8 relative=0x0000000000000598
Event: 0.712 Thread 0x0000027afd74c8e0 Uncommon trap: reason=bimorphic_or_optimized_type_check action=maybe_recompile pc=0x0000027a8af2b0f8 method=java.util.concurrent.ConcurrentHashMap.get(Ljava/lang/Object;)Ljava/lang/Object; @ 149 c2
Event: 0.712 Thread 0x0000027afd74c8e0 DEOPT PACKING pc=0x0000027a8af2b0f8 sp=0x0000009a206fb080
Event: 0.712 Thread 0x0000027afd74c8e0 DEOPT UNPACKING pc=0x0000027a8a9869a3 sp=0x0000009a206fb020 mode 2
Event: 0.712 Thread 0x0000027afd74c8e0 Uncommon trap: trap_request=0xffffffc6 fr.pc=0x0000027a8af2b0f8 relative=0x0000000000000598
Event: 0.712 Thread 0x0000027afd74c8e0 Uncommon trap: reason=bimorphic_or_optimized_type_check action=maybe_recompile pc=0x0000027a8af2b0f8 method=java.util.concurrent.ConcurrentHashMap.get(Ljava/lang/Object;)Ljava/lang/Object; @ 149 c2
Event: 0.712 Thread 0x0000027afd74c8e0 DEOPT PACKING pc=0x0000027a8af2b0f8 sp=0x0000009a206fb080
Event: 0.712 Thread 0x0000027afd74c8e0 DEOPT UNPACKING pc=0x0000027a8a9869a3 sp=0x0000009a206fb020 mode 2
Event: 0.733 Thread 0x0000027afd74c8e0 DEOPT PACKING pc=0x0000027a83526048 sp=0x0000009a206f8180
Event: 0.733 Thread 0x0000027afd74c8e0 DEOPT UNPACKING pc=0x0000027a8a987143 sp=0x0000009a206f7698 mode 0

Classes unloaded (0 events):
No events

Classes redefined (0 events):
No events

Internal exceptions (16 events):
Event: 0.185 Thread 0x0000027afd74c8e0 Exception <a 'java/lang/NoSuchMethodError'{0x000000071237f880}: 'int java.lang.invoke.DirectMethodHandle$Holder.invokeStaticInit(java.lang.Object, java.lang.Object)'> (0x000000071237f880) 
thrown [s\src\hotspot\share\interpreter\linkResolver.cpp, line 771]
Event: 0.562 Thread 0x0000027afd74c8e0 Exception <a 'java/lang/NoSuchMethodError'{0x0000000711101e68}: 'void java.lang.invoke.DirectMethodHandle$Holder.invokeStatic(java.lang.Object, java.lang.Object)'> (0x0000000711101e68) 
thrown [s\src\hotspot\share\interpreter\linkResolver.cpp, line 771]
Event: 0.575 Thread 0x0000027afd74c8e0 Exception <a 'java/lang/NoClassDefFoundError'{0x00000007111882f8}: org/slf4j/impl/StaticMarkerBinder> (0x00000007111882f8) 
thrown [s\src\hotspot\share\classfile\systemDictionary.cpp, line 245]
Event: 0.590 Thread 0x0000027afd74c8e0 Exception <a 'java/lang/NoSuchMethodError'{0x00000007124244b0}: 'java.lang.Object java.lang.invoke.DirectMethodHandle$Holder.invokeVirtual(java.lang.Object, java.lang.Object, java.lang.Object, java.lang.Object, java.lang.Object, java.lang.Object, java.lang.Object)'> (0x00000007124244b0) 
thrown [s\src\hotspot\share\interpreter\linkResolver.cpp, line 771]
Event: 0.591 Thread 0x0000027afd74c8e0 Exception <a 'java/lang/NoSuchMethodError'{0x0000000712435a70}: 'java.lang.Object java.lang.invoke.Invokers$Holder.invoker(java.lang.Object, java.lang.Object, java.lang.Object)'> (0x0000000712435a70) 
thrown [s\src\hotspot\share\interpreter\linkResolver.cpp, line 771]
Event: 0.592 Thread 0x0000027afd74c8e0 Exception <a 'java/lang/NoSuchMethodError'{0x000000071243ec20}: 'java.lang.Object java.lang.invoke.DirectMethodHandle$Holder.invokeStatic(java.lang.Object, java.lang.Object, int)'> (0x000000071243ec20) 
thrown [s\src\hotspot\share\interpreter\linkResolver.cpp, line 771]
Event: 0.594 Thread 0x0000027afd74c8e0 Exception <a 'java/lang/NoSuchMethodError'{0x000000071244a910}: 'void java.lang.invoke.DelegatingMethodHandle$Holder.delegate(java.lang.Object, java.lang.Object, int, java.lang.Object)'> (0x000000071244a910) 
thrown [s\src\hotspot\share\interpreter\linkResolver.cpp, line 771]
Event: 0.594 Thread 0x0000027afd74c8e0 Exception <a 'java/lang/NoSuchMethodError'{0x000000071244ead8}: 'int java.lang.invoke.DirectMethodHandle$Holder.invokeSpecial(java.lang.Object, java.lang.Object, java.lang.Object)'> (0x000000071244ead8) 
thrown [s\src\hotspot\share\interpreter\linkResolver.cpp, line 771]
Event: 0.596 Thread 0x0000027afd74c8e0 Exception <a 'java/lang/NoSuchMethodError'{0x0000000712461cf8}: 'java.lang.Object java.lang.invoke.Invokers$Holder.invokeExact_MT(java.lang.Object, java.lang.Object, java.lang.Object, java.lang.Object)'> (0x0000000712461cf8) 
thrown [s\src\hotspot\share\interpreter\linkResolver.cpp, line 771]
Event: 0.649 Thread 0x0000027afd74c8e0 Exception <a 'java/lang/NoSuchMethodError'{0x00000007120b11e0}: 'java.lang.Object java.lang.invoke.DirectMethodHandle$Holder.invokeInterface(java.lang.Object, java.lang.Object, java.lang.Object)'> (0x00000007120b11e0) 
thrown [s\src\hotspot\share\interpreter\linkResolver.cpp, line 771]
Event: 0.651 Thread 0x0000027afd74c8e0 Exception <a 'java/lang/NoSuchMethodError'{0x00000007120d2bd8}: 'void java.lang.invoke.DirectMethodHandle$Holder.invokeSpecial(java.lang.Object, java.lang.Object, java.lang.Object)'> (0x00000007120d2bd8) 
thrown [s\src\hotspot\share\interpreter\linkResolver.cpp, line 771]
Event: 0.661 Thread 0x0000027afd74c8e0 Implicit null exception at 0x0000027a8af1eb10 to 0x0000027a8af1f080
Event: 0.661 Thread 0x0000027afd74c8e0 Implicit null exception at 0x0000027a8af0b790 to 0x0000027a8af0bcfc
Event: 0.676 Thread 0x0000027afd74c8e0 Exception <a 'java/lang/NoSuchMethodError'{0x0000000711e6f9c0}: 'java.lang.Object java.lang.invoke.DirectMethodHandle$Holder.invokeStaticInit(java.lang.Object)'> (0x0000000711e6f9c0) 
thrown [s\src\hotspot\share\interpreter\linkResolver.cpp, line 771]
Event: 0.741 Thread 0x0000027afd74c8e0 Exception <a 'java/lang/NoSuchMethodError'{0x0000000711a69700}: 'java.lang.Object java.lang.invoke.DirectMethodHandle$Holder.invokeStaticInit(java.lang.Object, int, int, int, int)'> (0x0000000711a69700) 
thrown [s\src\hotspot\share\interpreter\linkResolver.cpp, line 771]
Event: 0.779 Thread 0x0000027afd74c8e0 Exception <a 'java/lang/NoSuchMethodError'{0x0000000711b41fe0}: 'java.lang.Object java.lang.invoke.DirectMethodHandle$Holder.invokeStaticInit(java.lang.Object, java.lang.Object, int, int, int, int)'> (0x0000000711b41fe0) 
thrown [s\src\hotspot\share\interpreter\linkResolver.cpp, line 771]

VM Operations (12 events):
Event: 0.086 Executing VM operation: HandshakeAllThreads
Event: 0.086 Executing VM operation: HandshakeAllThreads done
Event: 0.497 Executing VM operation: HandshakeAllThreads
Event: 0.497 Executing VM operation: HandshakeAllThreads done
Event: 0.582 Executing VM operation: G1CollectForAllocation
Event: 0.587 Executing VM operation: G1CollectForAllocation done
Event: 0.592 Executing VM operation: HandshakeAllThreads
Event: 0.592 Executing VM operation: HandshakeAllThreads done
Event: 0.715 Executing VM operation: HandshakeAllThreads
Event: 0.715 Executing VM operation: HandshakeAllThreads done
Event: 0.769 Executing VM operation: HandshakeAllThreads
Event: 0.769 Executing VM operation: HandshakeAllThreads done

Events (20 events):
Event: 0.863 loading class sun/nio/ch/WEPollSelectorProvider
Event: 0.863 loading class sun/nio/ch/SelectorProviderImpl
Event: 0.863 loading class java/nio/channels/spi/SelectorProvider
Event: 0.863 loading class java/nio/channels/spi/SelectorProvider done
Event: 0.863 loading class sun/nio/ch/SelectorProviderImpl done
Event: 0.863 loading class sun/nio/ch/WEPollSelectorProvider done
Event: 0.863 loading class sun/nio/ch/DatagramChannelImpl
Event: 0.864 loading class sun/nio/ch/SelChImpl
Event: 0.864 loading class sun/nio/ch/SelChImpl done
Event: 0.864 loading class java/nio/channels/DatagramChannel
Event: 0.864 loading class java/nio/channels/MulticastChannel
Event: 0.864 loading class java/nio/channels/NetworkChannel
Event: 0.864 loading class java/nio/channels/NetworkChannel done
Event: 0.864 loading class java/nio/channels/MulticastChannel done
Event: 0.864 loading class java/nio/channels/spi/AbstractSelectableChannel
Event: 0.864 loading class java/nio/channels/SelectableChannel
Event: 0.864 loading class java/nio/channels/SelectableChannel done
Event: 0.864 loading class java/nio/channels/spi/AbstractSelectableChannel done
Event: 0.864 loading class java/nio/channels/DatagramChannel done
Event: 0.864 loading class sun/nio/ch/DatagramChannelImpl done


Dynamic libraries:
0x00007ff7e8790000 - 0x00007ff7e879a000 	C:\Program Files\Android\Android Studio\jbr\bin\java.exe
0x00007ffd89a50000 - 0x00007ffd89c67000 	C:\WINDOWS\SYSTEM32\ntdll.dll
0x00007ffd87a60000 - 0x00007ffd87b24000 	C:\WINDOWS\System32\KERNEL32.DLL
0x00007ffd87040000 - 0x00007ffd873e7000 	C:\WINDOWS\System32\KERNELBASE.dll
0x00007ffd86ef0000 - 0x00007ffd87001000 	C:\WINDOWS\System32\ucrtbase.dll
0x00007ffd80790000 - 0x00007ffd807ab000 	C:\Program Files\Android\Android Studio\jbr\bin\VCRUNTIME140.dll
0x00007ffd80660000 - 0x00007ffd80677000 	C:\Program Files\Android\Android Studio\jbr\bin\jli.dll
0x00007ffd89370000 - 0x00007ffd8951e000 	C:\WINDOWS\System32\USER32.dll
0x00007ffd87010000 - 0x00007ffd87036000 	C:\WINDOWS\System32\win32u.dll
0x00007ffd88250000 - 0x00007ffd88279000 	C:\WINDOWS\System32\GDI32.dll
0x00007ffd86dd0000 - 0x00007ffd86ee9000 	C:\WINDOWS\System32\gdi32full.dll
0x00007ffd875d0000 - 0x00007ffd8766a000 	C:\WINDOWS\System32\msvcp_win.dll
0x00007ffd78750000 - 0x00007ffd789e3000 	C:\WINDOWS\WinSxS\amd64_microsoft.windows.common-controls_6595b64144ccf1df_6.0.22621.2506_none_270c5ae97388e100\COMCTL32.dll
0x00007ffd895e0000 - 0x00007ffd89687000 	C:\WINDOWS\System32\msvcrt.dll
0x00007ffd89890000 - 0x00007ffd898c1000 	C:\WINDOWS\System32\IMM32.DLL
0x00007ffd84060000 - 0x00007ffd8406c000 	C:\Program Files\Android\Android Studio\jbr\bin\vcruntime140_1.dll
0x00007ffd78380000 - 0x00007ffd7840d000 	C:\Program Files\Android\Android Studio\jbr\bin\msvcp140.dll
0x00007ffd41270000 - 0x00007ffd41ede000 	C:\Program Files\Android\Android Studio\jbr\bin\server\jvm.dll
0x00007ffd891e0000 - 0x00007ffd89290000 	C:\WINDOWS\System32\ADVAPI32.dll
0x00007ffd897e0000 - 0x00007ffd89886000 	C:\WINDOWS\System32\sechost.dll
0x00007ffd88130000 - 0x00007ffd88247000 	C:\WINDOWS\System32\RPCRT4.dll
0x00007ffd66b30000 - 0x00007ffd66b39000 	C:\WINDOWS\SYSTEM32\WSOCK32.dll
0x00007ffd7de80000 - 0x00007ffd7deb4000 	C:\WINDOWS\SYSTEM32\WINMM.dll
0x00007ffd805c0000 - 0x00007ffd805ca000 	C:\WINDOWS\SYSTEM32\VERSION.dll
0x00007ffd880b0000 - 0x00007ffd88121000 	C:\WINDOWS\System32\WS2_32.dll
0x00007ffd85e60000 - 0x00007ffd85e78000 	C:\WINDOWS\SYSTEM32\kernel.appcore.dll
0x00007ffd83fe0000 - 0x00007ffd83fea000 	C:\Program Files\Android\Android Studio\jbr\bin\jimage.dll
0x00007ffd7fb20000 - 0x00007ffd7fd53000 	C:\WINDOWS\SYSTEM32\DBGHELP.DLL
0x00007ffd88ae0000 - 0x00007ffd88e69000 	C:\WINDOWS\System32\combase.dll
0x00007ffd89290000 - 0x00007ffd89367000 	C:\WINDOWS\System32\OLEAUT32.dll
0x00007ffd7fa20000 - 0x00007ffd7fa52000 	C:\WINDOWS\SYSTEM32\dbgcore.DLL
0x00007ffd87730000 - 0x00007ffd877aa000 	C:\WINDOWS\System32\bcryptPrimitives.dll
0x00007ffd66420000 - 0x00007ffd66445000 	C:\Program Files\Android\Android Studio\jbr\bin\java.dll
0x00007ffd662d0000 - 0x00007ffd662e8000 	C:\Program Files\Android\Android Studio\jbr\bin\zip.dll
0x00007ffd88280000 - 0x00007ffd88ad9000 	C:\WINDOWS\System32\SHELL32.dll
0x00007ffd84d00000 - 0x00007ffd855f4000 	C:\WINDOWS\SYSTEM32\windows.storage.dll
0x00007ffd84bc0000 - 0x00007ffd84cfe000 	C:\WINDOWS\SYSTEM32\wintypes.dll
0x00007ffd87fb0000 - 0x00007ffd880a3000 	C:\WINDOWS\System32\SHCORE.dll
0x00007ffd878e0000 - 0x00007ffd8793e000 	C:\WINDOWS\System32\shlwapi.dll
0x00007ffd86d00000 - 0x00007ffd86d26000 	C:\WINDOWS\SYSTEM32\profapi.dll
0x00007ffd662b0000 - 0x00007ffd662c9000 	C:\Program Files\Android\Android Studio\jbr\bin\net.dll
0x00007ffd81c00000 - 0x00007ffd81d37000 	C:\WINDOWS\SYSTEM32\WINHTTP.dll
0x00007ffd86340000 - 0x00007ffd863a9000 	C:\WINDOWS\system32\mswsock.dll
0x00007ffd66290000 - 0x00007ffd662a6000 	C:\Program Files\Android\Android Studio\jbr\bin\nio.dll
0x00007ffd80780000 - 0x00007ffd80790000 	C:\Program Files\Android\Android Studio\jbr\bin\verify.dll
0x00007ffd66260000 - 0x00007ffd66287000 	C:\Users\Pattr\.gradle\native\e1d6ef7f7dcc3fd88c89a11ec53ec762bb8ba0a96d01ffa2cd45eb1d1d8dd5c5\windows-amd64\native-platform.dll
0x00007ffd80760000 - 0x00007ffd80769000 	C:\Program Files\Android\Android Studio\jbr\bin\management.dll
0x00007ffd80650000 - 0x00007ffd8065b000 	C:\Program Files\Android\Android Studio\jbr\bin\management_ext.dll
0x00007ffd87820000 - 0x00007ffd87828000 	C:\WINDOWS\System32\PSAPI.DLL
0x00007ffd865a0000 - 0x00007ffd865bb000 	C:\WINDOWS\SYSTEM32\CRYPTSP.dll
0x00007ffd85e20000 - 0x00007ffd85e55000 	C:\WINDOWS\system32\rsaenh.dll
0x00007ffd86430000 - 0x00007ffd8645c000 	C:\WINDOWS\SYSTEM32\USERENV.dll
0x00007ffd86760000 - 0x00007ffd86788000 	C:\WINDOWS\SYSTEM32\bcrypt.dll
0x00007ffd86590000 - 0x00007ffd8659c000 	C:\WINDOWS\SYSTEM32\CRYPTBASE.dll
0x00007ffd858d0000 - 0x00007ffd858fd000 	C:\WINDOWS\SYSTEM32\IPHLPAPI.DLL
0x00007ffd89520000 - 0x00007ffd89529000 	C:\WINDOWS\System32\NSI.dll
0x00007ffd81b90000 - 0x00007ffd81ba9000 	C:\WINDOWS\SYSTEM32\dhcpcsvc6.DLL
0x00007ffd81b70000 - 0x00007ffd81b8f000 	C:\WINDOWS\SYSTEM32\dhcpcsvc.DLL
0x00007ffd85940000 - 0x00007ffd85a39000 	C:\WINDOWS\SYSTEM32\DNSAPI.dll

dbghelp: loaded successfully - version: 4.0.5 - missing functions: none
symbol engine: initialized successfully - sym options: 0x614 - pdb path: .;C:\Program Files\Android\Android Studio\jbr\bin;C:\WINDOWS\SYSTEM32;C:\WINDOWS\WinSxS\amd64_microsoft.windows.common-controls_6595b64144ccf1df_6.0.22621.2506_none_270c5ae97388e100;C:\Program Files\Android\Android Studio\jbr\bin\server;C:\Users\Pattr\.gradle\native\e1d6ef7f7dcc3fd88c89a11ec53ec762bb8ba0a96d01ffa2cd45eb1d1d8dd5c5\windows-amd64

VM Arguments:
jvm_args: -Dorg.gradle.appname=gradlew 
java_command: org.gradle.wrapper.GradleWrapperMain -q -Ptarget-platform=android-x86 -Ptarget=C:\Users\Pattr\OneDrive\Desktop\work\Hitachi\hitachi\lib\main.dart -Pbase-application-name=android.app.Application -Pdart-defines=Zmx1dHRlci5pbnNwZWN0b3Iuc3RydWN0dXJlZEVycm9ycz1mYWxzZQ==,RkxVVFRFUl9XRUJfQVVUT19ERVRFQ1Q9dHJ1ZQ==,RkxVVFRFUl9XRUJfQ0FOVkFTS0lUX1VSTD1odHRwczovL3d3dy5nc3RhdGljLmNvbS9mbHV0dGVyLWNhbnZhc2tpdC85MDY0NDU5YThiMGRjZDMyODc3MTA3ZjYwMDJjYzQyOWE3MTY1OWQxLw== -Pdart-obfuscation=false -Ptrack-widget-creation=true -Ptree-shake-icons=false -Pfilesystem-scheme=org-dartlang-root assembleDebug
java_class_path (initial): C:\Users\Pattr\OneDrive\Desktop\work\Hitachi\hitachi\android\\gradle\wrapper\gradle-wrapper.jar
Launcher Type: SUN_STANDARD

[Global flags]
     intx CICompilerCount                          = 4                                         {product} {ergonomic}
     uint ConcGCThreads                            = 3                                         {product} {ergonomic}
     uint G1ConcRefinementThreads                  = 10                                        {product} {ergonomic}
   size_t G1HeapRegionSize                         = 2097152                                   {product} {ergonomic}
    uintx GCDrainStackTargetSize                   = 64                                        {product} {ergonomic}
   size_t InitialHeapSize                          = 266338304                                 {product} {ergonomic}
   size_t MarkStackSize                            = 4194304                                   {product} {ergonomic}
   size_t MaxHeapSize                              = 4253024256                                {product} {ergonomic}
   size_t MaxNewSize                               = 2550136832                                {product} {ergonomic}
   size_t MinHeapDeltaBytes                        = 2097152                                   {product} {ergonomic}
   size_t MinHeapSize                              = 8388608                                   {product} {ergonomic}
    uintx NonNMethodCodeHeapSize                   = 5839372                                {pd product} {ergonomic}
    uintx NonProfiledCodeHeapSize                  = 122909434                              {pd product} {ergonomic}
    uintx ProfiledCodeHeapSize                     = 122909434                              {pd product} {ergonomic}
    uintx ReservedCodeCacheSize                    = 251658240                              {pd product} {ergonomic}
     bool SegmentedCodeCache                       = true                                      {product} {ergonomic}
   size_t SoftMaxHeapSize                          = 4253024256                             {manageable} {ergonomic}
     bool UseCompressedClassPointers               = true                           {product lp64_product} {ergonomic}
     bool UseCompressedOops                        = true                           {product lp64_product} {ergonomic}
     bool UseG1GC                                  = true                                      {product} {ergonomic}
     bool UseLargePagesIndividualAllocation        = false                                  {pd product} {ergonomic}

Logging:
Log output configuration:
 #0: stdout all=warning uptime,level,tags
 #1: stderr all=off uptime,level,tags

Environment Variables:
JAVA_HOME=C:\Program Files\Android\Android Studio\jbr
CLASSPATH=C:\Users\Pattr\OneDrive\Desktop\work\Hitachi\hitachi\android\\gradle\wrapper\gradle-wrapper.jar
PATH=C:\Program Files\Android\Android Studio\jbr\bin;C:\Program Files\Microsoft\jdk-11.0.16.101-hotspot\bin;C:\WINDOWS\system32;C:\WINDOWS;C:\WINDOWS\System32\Wbem;C:\WINDOWS\System32\WindowsPowerShell\v1.0\;C:\WINDOWS\System32\OpenSSH\;C:\Program Files\Git\cmd;C:\Program Files\Microsoft SQL Server\150\Tools\Binn\;C:\Program Files\Microsoft SQL Server\Client SDK\ODBC\170\Tools\Binn\;C:\Program Files\dotnet\;C:\Program Files\nodejs\;C:\Program Files (x86)\Microsoft SQL Server\160\DTS\Binn\;C:\Program Files\Azure Data Studio\bin;C:\Program Files (x86)\Windows Kits\10\Windows Performance Toolkit\;C:\Program Files (x86)\NVIDIA Corporation\PhysX\Common;C:\Program Files\Microsoft\jdk-11.0.16.101-hotspot\bin;C:\WINDOWS\system32;C:\WINDOWS;C:\WINDOWS\System32\Wbem;C:\WINDOWS\System32\WindowsPowerShell\v1.0\;C:\WINDOWS\System32\OpenSSH\;C:\Program Files\Git\cmd;C:\Program Files\Microsoft SQL Server\150\Tools\Binn\;C:\Program Files\Microsoft SQL Server\Client SDK\ODBC\170\Tools\Binn\;C:\Program Files\dotnet\;C:\Program Files\nodejs\;C:\Program Files (x86)\Microsoft SQL Server\160\DTS\Binn\;C:\Program Files\Azure Data Studio\bin;C:\Program Files (x86)\Windows Kits\10\Windows Performance Toolkit\;C:\Program Files (x86)\NVIDIA Corporation\PhysX\Common;C:\Users\Pattr\AppData\Local\Pub\Cache\bin;C:\Users\Pattr\AppData\Local\Programs\Microsoft VS Code\bin;C:\Users\Pattr\AppData\Local\GitHubDesktop\bin;C:\src\flutter\bin\mingit\cmd;C:\src\flutter\bin\mingit\cmd
USERNAME=Pattr
OS=Windows_NT
PROCESSOR_IDENTIFIER=Intel64 Family 6 Model 151 Stepping 5, GenuineIntel
TMP=C:\Users\Pattr\AppData\Local\Temp
TEMP=C:\Users\Pattr\AppData\Local\Temp


JNI global refs:
JNI global refs: 18, weak refs: 0

JNI global refs memory usage: 843, weak refs: 841


---------------  S Y S T E M  ---------------

OS:
 Windows 11 , 64 bit Build 22621 (10.0.22621.2506)
OS uptime: 0 days 4:57 hours

CPU: total 12 (initial active 12) (6 cores per cpu, 2 threads per core) family 6 model 151 stepping 5 microcode 0x26, cx8, cmov, fxsr, ht, mmx, 3dnowpref, sse, sse2, sse3, ssse3, sse4.1, sse4.2, popcnt, lzcnt, tsc, tscinvbit, avx, avx2, aes, erms, clmul, bmi1, bmi2, adx, sha, fma, vzeroupper, clflush, clflushopt, clwb

Memory: 4k page, system-wide physical 16221M (396M free)
TotalPageFile size 65373M (AvailPageFile size 0M)
current process WorkingSet (physical memory assigned to process): 96M, peak: 96M
current process commit charge ("private bytes"): 365M, peak: 365M

vm_info: OpenJDK 64-Bit Server VM (17.0.6+0-b2043.56-10027231) for windows-amd64 JRE (17.0.6+0-b2043.56-10027231), built on Apr 28 2023 00:43:19 by "androidbuild" with MS VC++ 16.10 / 16.11 (VS2019)

END.
